<?xml version="1.0" encoding="UTF-8"?>
<robot generator="Robot 7.2.2 (Python 3.13.3 on win32)" generated="2026-02-18T13:55:09.027861" rpa="false" schemaversion="5">
<suite id="s1" name="Teste" source="c:\Users\actdigital\OneDrive - Act Digital\Documentos\Robot Framework\teste.robot">
<test id="s1-t1" name="CT001: Validar botão &quot;Estou com Sorte&quot; Google" line="15">
<kw name="Abrir Navegador na página Google">
<kw name="Open Browser" owner="SeleniumLibrary">
<msg time="2026-02-18T13:55:09.345471" level="INFO">Opening browser 'Chrome' to base url 'http://www.google.com.br'.</msg>
<arg>${LOGIN URL}</arg>
<arg>${BROWSER}</arg>
<doc>Opens a new browser instance to the optional ``url``.</doc>
<status status="PASS" start="2026-02-18T13:55:09.345188" elapsed="3.466135"/>
</kw>
<kw name="Title Should Be" owner="SeleniumLibrary">
<msg time="2026-02-18T13:55:12.832007" level="INFO">Page title is 'Google'.</msg>
<arg>Google</arg>
<doc>Verifies that the current page title equals ``title``.</doc>
<status status="PASS" start="2026-02-18T13:55:12.811734" elapsed="0.020553"/>
</kw>
<kw name="Maximize Browser Window" owner="SeleniumLibrary">
<doc>Maximizes current browser window.</doc>
<status status="PASS" start="2026-02-18T13:55:12.832517" elapsed="0.025042"/>
</kw>
<status status="PASS" start="2026-02-18T13:55:09.344578" elapsed="3.513302"/>
</kw>
<kw name="Clicando no Botão Estou com Sorte">
<kw name="Wait Until Element Is Visible" owner="SeleniumLibrary">
<msg time="2026-02-18T13:55:17.991088" level="INFO" html="true">&lt;/td&gt;&lt;/tr&gt;&lt;tr&gt;&lt;td colspan="3"&gt;&lt;a href="selenium-screenshot-2.png"&gt;&lt;img src="selenium-screenshot-2.png" width="800px"&gt;&lt;/a&gt;</msg>
<msg time="2026-02-18T13:55:17.991509" level="FAIL">Element 'xpath=//*[@id="stUuGf"]/div/div[2]/div/div/div/div[2]/div/promo-button-text[1]/div/div' not visible after 5 seconds.</msg>
<arg>${NAO_ACEITAR}</arg>
<arg>timeout=5s</arg>
<doc>Waits until the element ``locator`` is visible.</doc>
<status status="FAIL" start="2026-02-18T13:55:12.859292" elapsed="5.141247">Element 'xpath=//*[@id="stUuGf"]/div/div[2]/div/div/div/div[2]/div/promo-button-text[1]/div/div' not visible after 5 seconds.</status>
</kw>
<kw name="Click Element" owner="SeleniumLibrary">
<arg>${NAO_ACEITAR}</arg>
<doc>Click the element identified by ``locator``.</doc>
<status status="NOT RUN" start="2026-02-18T13:55:18.001190" elapsed="0.000281"/>
</kw>
<kw name="Wait Until Element Is Visible" owner="SeleniumLibrary">
<arg>${BOTAO_ESTOU_COM_SORTE}</arg>
<arg>timeout=5s</arg>
<doc>Waits until the element ``locator`` is visible.</doc>
<status status="NOT RUN" start="2026-02-18T13:55:18.001841" elapsed="0.000224"/>
</kw>
<kw name="Click Element" owner="SeleniumLibrary">
<arg>${BOTAO_ESTOU_COM_SORTE}</arg>
<doc>Click the element identified by ``locator``.</doc>
<status status="NOT RUN" start="2026-02-18T13:55:18.002395" elapsed="0.000174"/>
</kw>
<kw name="Sleep" owner="BuiltIn">
<arg>2s</arg>
<doc>Pauses the test executed for the given time.</doc>
<status status="NOT RUN" start="2026-02-18T13:55:18.002889" elapsed="0.000223"/>
</kw>
<kw name="Scroll Element Into View" owner="SeleniumLibrary">
<arg>${BOTAO_SCROLL}</arg>
<doc>Scrolls the element identified by ``locator`` into view.</doc>
<status status="NOT RUN" start="2026-02-18T13:55:18.003459" elapsed="0.000197"/>
</kw>
<status status="FAIL" start="2026-02-18T13:55:12.858708" elapsed="5.145319">Element 'xpath=//*[@id="stUuGf"]/div/div[2]/div/div/div/div[2]/div/promo-button-text[1]/div/div' not visible after 5 seconds.</status>
</kw>
<kw name="Close Browser" owner="SeleniumLibrary" type="TEARDOWN">
<doc>Closes the current browser.</doc>
<status status="PASS" start="2026-02-18T13:55:18.005469" elapsed="2.211104"/>
</kw>
<doc>Página inicial</doc>
<status status="FAIL" start="2026-02-18T13:55:09.343658" elapsed="10.873819">Element 'xpath=//*[@id="stUuGf"]/div/div[2]/div/div/div/div[2]/div/promo-button-text[1]/div/div' not visible after 5 seconds.</status>
</test>
<doc>Teste exemplo Robot Framework.</doc>
<status status="FAIL" start="2026-02-18T13:55:09.032408" elapsed="11.187963"/>
</suite>
<statistics>
<total>
<stat pass="0" fail="1" skip="0">All Tests</stat>
</total>
<tag>
</tag>
<suite>
<stat name="Teste" id="s1" pass="0" fail="1" skip="0">Teste</stat>
</suite>
</statistics>
<errors>
</errors>
</robot>
