<?xml version="1.0" encoding="UTF-8"?>
<robot generator="Robot 7.4.1 (Python 3.13.12 on win32)" generated="2026-03-18T16:49:51.760058" rpa="false" schemaversion="5">
<suite id="s1" name="Tests" source="C:\Users\tonyk\Documents\Documentos_QA\Automações\BugBank_RobotFramework.Testes\Robot Framework\Tests">
<suite id="s1-s1" name="Cadastro" source="C:\Users\tonyk\Documents\Documentos_QA\Automações\BugBank_RobotFramework.Testes\Robot Framework\Tests\cadastro.robot">
<test id="s1-s1-t1" name="CT001 – Cadastro sem preencher nome" line="11">
<kw name="Open Browser" owner="SeleniumLibrary" type="SETUP">
<msg time="2026-03-18T16:49:52.529401" level="INFO">Opening browser 'chrome' to base url 'https://bugbank.netlify.app/'.</msg>
<arg>${BASE_URL}</arg>
<arg>chrome</arg>
<doc>Opens a new browser instance to the optional ``url``.</doc>
<status status="PASS" start="2026-03-18T16:49:52.528615" elapsed="3.184808"/>
</kw>
<kw name="Dado que o usuário esteja na página de cadastro" owner="cadastroSteps">
<kw name="Maximize Browser Window" owner="SeleniumLibrary">
<doc>Maximizes current browser window.</doc>
<status status="PASS" start="2026-03-18T16:49:55.714725" elapsed="0.080064"/>
</kw>
<kw name="Wait Until Element Is Visible" owner="SeleniumLibrary">
<arg>${BOTAO_REGISTRAR}</arg>
<arg>timeout=5s</arg>
<doc>Waits until the element ``locator`` is visible.</doc>
<status status="PASS" start="2026-03-18T16:49:55.795310" elapsed="0.094952"/>
</kw>
<kw name="Click Button" owner="SeleniumLibrary">
<msg time="2026-03-18T16:49:55.891880" level="INFO">Clicking button 'xpath=/html/body/div[1]/div/div[2]/div/div[1]/form/div[3]/button[2]'.</msg>
<arg>${BOTAO_REGISTRAR}</arg>
<doc>Clicks the button identified by ``locator``.</doc>
<status status="PASS" start="2026-03-18T16:49:55.890775" elapsed="0.255290"/>
</kw>
<status status="PASS" start="2026-03-18T16:49:55.714278" elapsed="0.432232"/>
</kw>
<kw name="Quando o usuário tentar cadastrar sem preencher o campo &quot;Nome&quot;" owner="cadastroSteps">
<kw name="Wait Until Element Is Visible" owner="SeleniumLibrary">
<arg>${BOTAO_CADASTRAR}</arg>
<arg>timeout=5s</arg>
<doc>Waits until the element ``locator`` is visible.</doc>
<status status="PASS" start="2026-03-18T16:49:56.148186" elapsed="0.056653"/>
</kw>
<kw name="Input Text" owner="SeleniumLibrary">
<msg time="2026-03-18T16:49:56.205575" level="INFO">Typing text 'dsadsad@dsads.com' into text field 'xpath=/html/body/div[1]/div/div[2]/div/div[2]/form/div[2]/input'.</msg>
<arg>${CAMPO_EMAIL_CADASTRO}</arg>
<arg>dsadsad@dsads.com</arg>
<doc>Types the given ``text`` into the text field identified by ``locator``.</doc>
<status status="PASS" start="2026-03-18T16:49:56.205091" elapsed="0.391751"/>
</kw>
<kw name="Input Text" owner="SeleniumLibrary">
<msg time="2026-03-18T16:49:56.598039" level="INFO">Typing text 'eumesmo123' into text field 'xpath=/html/body/div[1]/div/div[2]/div/div[2]/form/div[4]/div/input'.</msg>
<arg>${CAMPO_SENHA_CADASTRO}</arg>
<arg>eumesmo123</arg>
<doc>Types the given ``text`` into the text field identified by ``locator``.</doc>
<status status="PASS" start="2026-03-18T16:49:56.597299" elapsed="0.318073"/>
</kw>
<kw name="Input Text" owner="SeleniumLibrary">
<msg time="2026-03-18T16:49:56.920344" level="INFO">Typing text 'eumesmo123' into text field 'xpath=/html/body/div[1]/div/div[2]/div/div[2]/form/div[5]/div/input'.</msg>
<arg>${CAMPO_CONFIRMAR_SENHA}</arg>
<arg>eumesmo123</arg>
<doc>Types the given ``text`` into the text field identified by ``locator``.</doc>
<status status="PASS" start="2026-03-18T16:49:56.916025" elapsed="0.224435"/>
</kw>
<kw name="Click Button" owner="SeleniumLibrary">
<msg time="2026-03-18T16:49:57.141302" level="INFO">Clicking button 'xpath=/html/body/div[1]/div/div[2]/div/div[2]/form/button'.</msg>
<arg>${BOTAO_CADASTRAR}</arg>
<doc>Clicks the button identified by ``locator``.</doc>
<status status="PASS" start="2026-03-18T16:49:57.140822" elapsed="0.170896"/>
</kw>
<status status="PASS" start="2026-03-18T16:49:56.147585" elapsed="1.164453"/>
</kw>
<kw name="Então o sistema deve exibir a mensagem &quot;Nome não pode ser vazio&quot;" owner="cadastroSteps">
<kw name="Wait Until Element Is Visible" owner="SeleniumLibrary">
<arg>${LOCAL_TEXTO_MODAL}</arg>
<arg>timeout=5s</arg>
<doc>Waits until the element ``locator`` is visible.</doc>
<status status="PASS" start="2026-03-18T16:49:57.314199" elapsed="0.263523"/>
</kw>
<kw name="Element Should Contain" owner="SeleniumLibrary">
<msg time="2026-03-18T16:49:57.624386" level="INFO">Element 'xpath=//*[@id="modalText"]' contains text 'Nome não pode ser vazio'.</msg>
<arg>${LOCAL_TEXTO_MODAL}</arg>
<arg>Nome não pode ser vazio</arg>
<doc>Verifies that element ``locator`` contains text ``expected``.</doc>
<status status="PASS" start="2026-03-18T16:49:57.578114" elapsed="0.046484"/>
</kw>
<status status="PASS" start="2026-03-18T16:49:57.313427" elapsed="0.311497"/>
</kw>
<kw name="Close All Browsers" owner="SeleniumLibrary" type="TEARDOWN">
<doc>Closes all open browsers and resets the browser cache.</doc>
<status status="PASS" start="2026-03-18T16:49:57.625650" elapsed="2.541934"/>
</kw>
<doc>Página de Cadastro</doc>
<status status="PASS" start="2026-03-18T16:49:52.520365" elapsed="7.648294"/>
</test>
<test id="s1-s1-t2" name="CT002 – Cadastro sem preencher email" line="17">
<kw name="Open Browser" owner="SeleniumLibrary" type="SETUP">
<msg time="2026-03-18T16:50:00.175920" level="INFO">Opening browser 'chrome' to base url 'https://bugbank.netlify.app/'.</msg>
<arg>${BASE_URL}</arg>
<arg>chrome</arg>
<doc>Opens a new browser instance to the optional ``url``.</doc>
<status status="PASS" start="2026-03-18T16:50:00.175098" elapsed="3.051491"/>
</kw>
<kw name="Dado que o usuário esteja na página de cadastro" owner="cadastroSteps">
<kw name="Maximize Browser Window" owner="SeleniumLibrary">
<doc>Maximizes current browser window.</doc>
<status status="PASS" start="2026-03-18T16:50:03.228273" elapsed="0.116772"/>
</kw>
<kw name="Wait Until Element Is Visible" owner="SeleniumLibrary">
<arg>${BOTAO_REGISTRAR}</arg>
<arg>timeout=5s</arg>
<doc>Waits until the element ``locator`` is visible.</doc>
<status status="PASS" start="2026-03-18T16:50:03.345509" elapsed="0.113172"/>
</kw>
<kw name="Click Button" owner="SeleniumLibrary">
<msg time="2026-03-18T16:50:03.460416" level="INFO">Clicking button 'xpath=/html/body/div[1]/div/div[2]/div/div[1]/form/div[3]/button[2]'.</msg>
<arg>${BOTAO_REGISTRAR}</arg>
<doc>Clicks the button identified by ``locator``.</doc>
<status status="PASS" start="2026-03-18T16:50:03.459212" elapsed="0.199248"/>
</kw>
<status status="PASS" start="2026-03-18T16:50:03.227588" elapsed="0.431373"/>
</kw>
<kw name="Quando o usuário tentar cadastrar sem preencher o campo &quot;Email&quot;" owner="cadastroSteps">
<kw name="Wait Until Element Is Visible" owner="SeleniumLibrary">
<arg>${BOTAO_CADASTRAR}</arg>
<arg>timeout=5s</arg>
<doc>Waits until the element ``locator`` is visible.</doc>
<status status="PASS" start="2026-03-18T16:50:03.660547" elapsed="0.037315"/>
</kw>
<kw name="Input Text" owner="SeleniumLibrary">
<msg time="2026-03-18T16:50:03.700126" level="INFO">Typing text 'Teste Automação' into text field 'xpath=/html/body/div[1]/div/div[2]/div/div[2]/form/div[3]/input'.</msg>
<arg>${CAMPO_NOME}</arg>
<arg>Teste Automação</arg>
<doc>Types the given ``text`` into the text field identified by ``locator``.</doc>
<status status="PASS" start="2026-03-18T16:50:03.699301" elapsed="0.208406"/>
</kw>
<kw name="Input Text" owner="SeleniumLibrary">
<msg time="2026-03-18T16:50:03.908928" level="INFO">Typing text 'eumesmo123' into text field 'xpath=/html/body/div[1]/div/div[2]/div/div[2]/form/div[4]/div/input'.</msg>
<arg>${CAMPO_SENHA_CADASTRO}</arg>
<arg>eumesmo123</arg>
<doc>Types the given ``text`` into the text field identified by ``locator``.</doc>
<status status="PASS" start="2026-03-18T16:50:03.908200" elapsed="0.152491"/>
</kw>
<kw name="Input Text" owner="SeleniumLibrary">
<msg time="2026-03-18T16:50:04.061643" level="INFO">Typing text 'eumesmo123' into text field 'xpath=/html/body/div[1]/div/div[2]/div/div[2]/form/div[5]/div/input'.</msg>
<arg>${CAMPO_CONFIRMAR_SENHA}</arg>
<arg>eumesmo123</arg>
<doc>Types the given ``text`` into the text field identified by ``locator``.</doc>
<status status="PASS" start="2026-03-18T16:50:04.061087" elapsed="0.188505"/>
</kw>
<kw name="Click Button" owner="SeleniumLibrary">
<msg time="2026-03-18T16:50:04.253192" level="INFO">Clicking button 'xpath=/html/body/div[1]/div/div[2]/div/div[2]/form/button'.</msg>
<arg>${BOTAO_CADASTRAR}</arg>
<doc>Clicks the button identified by ``locator``.</doc>
<status status="PASS" start="2026-03-18T16:50:04.250799" elapsed="0.142273"/>
</kw>
<status status="PASS" start="2026-03-18T16:50:03.659964" elapsed="0.733267"/>
</kw>
<kw name="Então o sistema deve exibir a mensagem &quot;Email não pode ser vazio&quot;" owner="cadastroSteps">
<kw name="Wait Until Element Is Visible" owner="SeleniumLibrary">
<arg>${LOCAL_TEXTO_EMAIL}</arg>
<arg>timeout=5s</arg>
<doc>Waits until the element ``locator`` is visible.</doc>
<status status="PASS" start="2026-03-18T16:50:04.394516" elapsed="0.033274"/>
</kw>
<kw name="Element Should Contain" owner="SeleniumLibrary">
<msg time="2026-03-18T16:50:04.469330" level="INFO">Element 'xpath=/html/body/div[1]/div/div[2]/div/div[2]/form/div[2]/p' contains text 'É campo obrigatório'.</msg>
<arg>${LOCAL_TEXTO_EMAIL}</arg>
<arg>É campo obrigatório</arg>
<doc>Verifies that element ``locator`` contains text ``expected``.</doc>
<status status="PASS" start="2026-03-18T16:50:04.428039" elapsed="0.041596"/>
</kw>
<status status="PASS" start="2026-03-18T16:50:04.393859" elapsed="0.075977"/>
</kw>
<kw name="Close All Browsers" owner="SeleniumLibrary" type="TEARDOWN">
<doc>Closes all open browsers and resets the browser cache.</doc>
<status status="PASS" start="2026-03-18T16:50:04.470664" elapsed="2.495866"/>
</kw>
<doc>Página de Cadastro</doc>
<status status="PASS" start="2026-03-18T16:50:00.172458" elapsed="6.794906"/>
</test>
<test id="s1-s1-t3" name="CT003 – Cadastro sem preencher senha" line="23">
<kw name="Open Browser" owner="SeleniumLibrary" type="SETUP">
<msg time="2026-03-18T16:50:06.974158" level="INFO">Opening browser 'chrome' to base url 'https://bugbank.netlify.app/'.</msg>
<arg>${BASE_URL}</arg>
<arg>chrome</arg>
<doc>Opens a new browser instance to the optional ``url``.</doc>
<status status="PASS" start="2026-03-18T16:50:06.973283" elapsed="3.731427"/>
</kw>
<kw name="Dado que o usuário esteja na página de cadastro" owner="cadastroSteps">
<kw name="Maximize Browser Window" owner="SeleniumLibrary">
<doc>Maximizes current browser window.</doc>
<status status="PASS" start="2026-03-18T16:50:10.705914" elapsed="0.057342"/>
</kw>
<kw name="Wait Until Element Is Visible" owner="SeleniumLibrary">
<arg>${BOTAO_REGISTRAR}</arg>
<arg>timeout=5s</arg>
<doc>Waits until the element ``locator`` is visible.</doc>
<status status="PASS" start="2026-03-18T16:50:10.763617" elapsed="0.074149"/>
</kw>
<kw name="Click Button" owner="SeleniumLibrary">
<msg time="2026-03-18T16:50:10.838770" level="INFO">Clicking button 'xpath=/html/body/div[1]/div/div[2]/div/div[1]/form/div[3]/button[2]'.</msg>
<arg>${BOTAO_REGISTRAR}</arg>
<doc>Clicks the button identified by ``locator``.</doc>
<status status="PASS" start="2026-03-18T16:50:10.838159" elapsed="0.187246"/>
</kw>
<status status="PASS" start="2026-03-18T16:50:10.705432" elapsed="0.320161"/>
</kw>
<kw name="Quando o usuário tentar cadastrar sem preencher o campo &quot;Senha&quot;" owner="cadastroSteps">
<kw name="Wait Until Element Is Visible" owner="SeleniumLibrary">
<arg>${BOTAO_CADASTRAR}</arg>
<arg>timeout=5s</arg>
<doc>Waits until the element ``locator`` is visible.</doc>
<status status="PASS" start="2026-03-18T16:50:11.026798" elapsed="0.041356"/>
</kw>
<kw name="Input Text" owner="SeleniumLibrary">
<msg time="2026-03-18T16:50:11.068739" level="INFO">Typing text 'Teste Automação' into text field 'xpath=/html/body/div[1]/div/div[2]/div/div[2]/form/div[3]/input'.</msg>
<arg>${CAMPO_NOME}</arg>
<arg>Teste Automação</arg>
<doc>Types the given ``text`` into the text field identified by ``locator``.</doc>
<status status="PASS" start="2026-03-18T16:50:11.068408" elapsed="0.207878"/>
</kw>
<kw name="Input Text" owner="SeleniumLibrary">
<msg time="2026-03-18T16:50:11.276863" level="INFO">Typing text 'dsadsad@dsads.com' into text field 'xpath=/html/body/div[1]/div/div[2]/div/div[2]/form/div[2]/input'.</msg>
<arg>${CAMPO_EMAIL_CADASTRO}</arg>
<arg>dsadsad@dsads.com</arg>
<doc>Types the given ``text`` into the text field identified by ``locator``.</doc>
<status status="PASS" start="2026-03-18T16:50:11.276532" elapsed="0.185228"/>
</kw>
<kw name="Input Text" owner="SeleniumLibrary">
<msg time="2026-03-18T16:50:11.466609" level="INFO">Typing text 'eumesmo123' into text field 'xpath=/html/body/div[1]/div/div[2]/div/div[2]/form/div[5]/div/input'.</msg>
<arg>${CAMPO_CONFIRMAR_SENHA}</arg>
<arg>eumesmo123</arg>
<doc>Types the given ``text`` into the text field identified by ``locator``.</doc>
<status status="PASS" start="2026-03-18T16:50:11.463520" elapsed="0.162768"/>
</kw>
<kw name="Click Button" owner="SeleniumLibrary">
<msg time="2026-03-18T16:50:11.626908" level="INFO">Clicking button 'xpath=/html/body/div[1]/div/div[2]/div/div[2]/form/button'.</msg>
<arg>${BOTAO_CADASTRAR}</arg>
<doc>Clicks the button identified by ``locator``.</doc>
<status status="PASS" start="2026-03-18T16:50:11.626558" elapsed="0.162317"/>
</kw>
<status status="PASS" start="2026-03-18T16:50:11.026234" elapsed="0.762886"/>
</kw>
<kw name="Então o sistema deve exibir a mensagem &quot;Senha não pode ser vazio&quot;" owner="cadastroSteps">
<kw name="Wait Until Element Is Visible" owner="SeleniumLibrary">
<arg>${LOCAL_TEXTO_SENHA}</arg>
<arg>timeout=5s</arg>
<doc>Waits until the element ``locator`` is visible.</doc>
<status status="PASS" start="2026-03-18T16:50:11.790737" elapsed="0.037675"/>
</kw>
<kw name="Element Should Contain" owner="SeleniumLibrary">
<msg time="2026-03-18T16:50:11.870938" level="INFO">Element 'xpath=/html/body/div[1]/div/div[2]/div/div[2]/form/div[4]/div/p' contains text 'É campo obrigatório'.</msg>
<arg>${LOCAL_TEXTO_SENHA}</arg>
<arg>É campo obrigatório</arg>
<doc>Verifies that element ``locator`` contains text ``expected``.</doc>
<status status="PASS" start="2026-03-18T16:50:11.829637" elapsed="0.041440"/>
</kw>
<status status="PASS" start="2026-03-18T16:50:11.789809" elapsed="0.081419"/>
</kw>
<kw name="Close All Browsers" owner="SeleniumLibrary" type="TEARDOWN">
<doc>Closes all open browsers and resets the browser cache.</doc>
<status status="PASS" start="2026-03-18T16:50:11.871835" elapsed="2.540062"/>
</kw>
<doc>Página de Cadastro</doc>
<status status="PASS" start="2026-03-18T16:50:06.970727" elapsed="7.442090"/>
</test>
<test id="s1-s1-t4" name="CT004 – Cadastro sem preencher confirmação de senha" line="29">
<kw name="Open Browser" owner="SeleniumLibrary" type="SETUP">
<msg time="2026-03-18T16:50:14.419479" level="INFO">Opening browser 'chrome' to base url 'https://bugbank.netlify.app/'.</msg>
<arg>${BASE_URL}</arg>
<arg>chrome</arg>
<doc>Opens a new browser instance to the optional ``url``.</doc>
<status status="PASS" start="2026-03-18T16:50:14.418696" elapsed="2.370869"/>
</kw>
<kw name="Dado que o usuário esteja na página de cadastro" owner="cadastroSteps">
<kw name="Maximize Browser Window" owner="SeleniumLibrary">
<doc>Maximizes current browser window.</doc>
<status status="PASS" start="2026-03-18T16:50:16.793891" elapsed="0.632503"/>
</kw>
<kw name="Wait Until Element Is Visible" owner="SeleniumLibrary">
<arg>${BOTAO_REGISTRAR}</arg>
<arg>timeout=5s</arg>
<doc>Waits until the element ``locator`` is visible.</doc>
<status status="PASS" start="2026-03-18T16:50:17.426787" elapsed="0.081892"/>
</kw>
<kw name="Click Button" owner="SeleniumLibrary">
<msg time="2026-03-18T16:50:17.509299" level="INFO">Clicking button 'xpath=/html/body/div[1]/div/div[2]/div/div[1]/form/div[3]/button[2]'.</msg>
<arg>${BOTAO_REGISTRAR}</arg>
<doc>Clicks the button identified by ``locator``.</doc>
<status status="PASS" start="2026-03-18T16:50:17.508947" elapsed="0.217978"/>
</kw>
<status status="PASS" start="2026-03-18T16:50:16.793294" elapsed="0.933864"/>
</kw>
<kw name="Quando o usuário tentar cadastrar sem preencher o campo &quot;Confirmação de senha&quot;" owner="cadastroSteps">
<kw name="Wait Until Element Is Visible" owner="SeleniumLibrary">
<arg>${BOTAO_CADASTRAR}</arg>
<arg>timeout=5s</arg>
<doc>Waits until the element ``locator`` is visible.</doc>
<status status="PASS" start="2026-03-18T16:50:17.739015" elapsed="0.045261"/>
</kw>
<kw name="Input Text" owner="SeleniumLibrary">
<msg time="2026-03-18T16:50:17.785172" level="INFO">Typing text 'Teste Automação' into text field 'xpath=/html/body/div[1]/div/div[2]/div/div[2]/form/div[3]/input'.</msg>
<arg>${CAMPO_NOME}</arg>
<arg>Teste Automação</arg>
<doc>Types the given ``text`` into the text field identified by ``locator``.</doc>
<status status="PASS" start="2026-03-18T16:50:17.784649" elapsed="0.270817"/>
</kw>
<kw name="Input Text" owner="SeleniumLibrary">
<msg time="2026-03-18T16:50:18.056472" level="INFO">Typing text 'dsadsad@dsads.com' into text field 'xpath=/html/body/div[1]/div/div[2]/div/div[2]/form/div[2]/input'.</msg>
<arg>${CAMPO_EMAIL_CADASTRO}</arg>
<arg>dsadsad@dsads.com</arg>
<doc>Types the given ``text`` into the text field identified by ``locator``.</doc>
<status status="PASS" start="2026-03-18T16:50:18.055928" elapsed="0.202642"/>
</kw>
<kw name="Input Text" owner="SeleniumLibrary">
<msg time="2026-03-18T16:50:18.259609" level="INFO">Typing text 'eumesmo123' into text field 'xpath=/html/body/div[1]/div/div[2]/div/div[2]/form/div[4]/div/input'.</msg>
<arg>${CAMPO_SENHA_CADASTRO}</arg>
<arg>eumesmo123</arg>
<doc>Types the given ``text`` into the text field identified by ``locator``.</doc>
<status status="PASS" start="2026-03-18T16:50:18.259039" elapsed="0.212475"/>
</kw>
<kw name="Click Button" owner="SeleniumLibrary">
<msg time="2026-03-18T16:50:18.472404" level="INFO">Clicking button 'xpath=/html/body/div[1]/div/div[2]/div/div[2]/form/button'.</msg>
<arg>${BOTAO_CADASTRAR}</arg>
<doc>Clicks the button identified by ``locator``.</doc>
<status status="PASS" start="2026-03-18T16:50:18.471893" elapsed="0.140601"/>
</kw>
<status status="PASS" start="2026-03-18T16:50:17.736759" elapsed="0.876125"/>
</kw>
<kw name="Então o sistema deve exibir a mensagem &quot;Confirmação de senha não pode ser vazio&quot;" owner="cadastroSteps">
<kw name="Wait Until Element Is Visible" owner="SeleniumLibrary">
<arg>${LOCAL_TEXTO_CONFIRMAR_SENHA}</arg>
<arg>timeout=5s</arg>
<doc>Waits until the element ``locator`` is visible.</doc>
<status status="PASS" start="2026-03-18T16:50:18.617775" elapsed="0.034934"/>
</kw>
<kw name="Element Should Contain" owner="SeleniumLibrary">
<msg time="2026-03-18T16:50:18.691773" level="INFO">Element 'xpath=/html/body/div[1]/div/div[2]/div/div[2]/form/div[5]/div/p' contains text 'É campo obrigatório'.</msg>
<arg>${LOCAL_TEXTO_CONFIRMAR_SENHA}</arg>
<arg>É campo obrigatório</arg>
<doc>Verifies that element ``locator`` contains text ``expected``.</doc>
<status status="PASS" start="2026-03-18T16:50:18.652993" elapsed="0.038975"/>
</kw>
<status status="PASS" start="2026-03-18T16:50:18.617085" elapsed="0.075160"/>
</kw>
<kw name="Close All Browsers" owner="SeleniumLibrary" type="TEARDOWN">
<doc>Closes all open browsers and resets the browser cache.</doc>
<status status="PASS" start="2026-03-18T16:50:18.693601" elapsed="2.581244"/>
</kw>
<doc>Página de Cadastro</doc>
<status status="PASS" start="2026-03-18T16:50:14.416003" elapsed="6.859649"/>
</test>
<test id="s1-s1-t5" name="CT005 – Cadastro com opção Criar conta com saldo" line="35">
<kw name="Open Browser" owner="SeleniumLibrary" type="SETUP">
<msg time="2026-03-18T16:50:21.282458" level="INFO">Opening browser 'chrome' to base url 'https://bugbank.netlify.app/'.</msg>
<arg>${BASE_URL}</arg>
<arg>chrome</arg>
<doc>Opens a new browser instance to the optional ``url``.</doc>
<status status="PASS" start="2026-03-18T16:50:21.281665" elapsed="3.334211"/>
</kw>
<kw name="Dado que o usuário esteja na página de cadastro" owner="cadastroSteps">
<kw name="Maximize Browser Window" owner="SeleniumLibrary">
<doc>Maximizes current browser window.</doc>
<status status="PASS" start="2026-03-18T16:50:24.617253" elapsed="0.055932"/>
</kw>
<kw name="Wait Until Element Is Visible" owner="SeleniumLibrary">
<arg>${BOTAO_REGISTRAR}</arg>
<arg>timeout=5s</arg>
<doc>Waits until the element ``locator`` is visible.</doc>
<status status="PASS" start="2026-03-18T16:50:24.673659" elapsed="0.117065"/>
</kw>
<kw name="Click Button" owner="SeleniumLibrary">
<msg time="2026-03-18T16:50:24.791328" level="INFO">Clicking button 'xpath=/html/body/div[1]/div/div[2]/div/div[1]/form/div[3]/button[2]'.</msg>
<arg>${BOTAO_REGISTRAR}</arg>
<doc>Clicks the button identified by ``locator``.</doc>
<status status="PASS" start="2026-03-18T16:50:24.790985" elapsed="0.174471"/>
</kw>
<status status="PASS" start="2026-03-18T16:50:24.616613" elapsed="0.349322"/>
</kw>
<kw name="E que o usuário ative a opção &quot;Criar conta com saldo&quot;" owner="cadastroSteps">
<kw name="Wait Until Element Is Visible" owner="SeleniumLibrary">
<arg>${BOTAO_CADASTRAR}</arg>
<arg>timeout=5s</arg>
<doc>Waits until the element ``locator`` is visible.</doc>
<status status="PASS" start="2026-03-18T16:50:24.967515" elapsed="0.050931"/>
</kw>
<kw name="Execute Javascript" owner="SeleniumLibrary">
<msg time="2026-03-18T16:50:25.019555" level="INFO">Executing JavaScript:
document.getElementById("toggleAddBalance").click()
Without any arguments.</msg>
<arg>document.getElementById("toggleAddBalance").click()</arg>
<doc>Executes the given JavaScript code with possible arguments.</doc>
<status status="PASS" start="2026-03-18T16:50:25.018807" elapsed="0.015434"/>
</kw>
<status status="PASS" start="2026-03-18T16:50:24.967013" elapsed="0.067459"/>
</kw>
<kw name="Quando o usuário preencher Nome, Email, Senha e Confirmação de senha corretamente" owner="cadastroSteps">
<kw name="Wait Until Element Is Visible" owner="SeleniumLibrary">
<arg>${BOTAO_CADASTRAR}</arg>
<arg>timeout=5s</arg>
<doc>Waits until the element ``locator`` is visible.</doc>
<status status="PASS" start="2026-03-18T16:50:25.035628" elapsed="0.032086"/>
</kw>
<kw name="Input Text" owner="SeleniumLibrary">
<msg time="2026-03-18T16:50:25.069383" level="INFO">Typing text 'Teste Automação' into text field 'xpath=/html/body/div[1]/div/div[2]/div/div[2]/form/div[3]/input'.</msg>
<arg>${CAMPO_NOME}</arg>
<arg>Teste Automação</arg>
<doc>Types the given ``text`` into the text field identified by ``locator``.</doc>
<status status="PASS" start="2026-03-18T16:50:25.068769" elapsed="0.220613"/>
</kw>
<kw name="Input Text" owner="SeleniumLibrary">
<msg time="2026-03-18T16:50:25.290262" level="INFO">Typing text 'email_teste@uorak.com' into text field 'xpath=/html/body/div[1]/div/div[2]/div/div[2]/form/div[2]/input'.</msg>
<arg>${CAMPO_EMAIL_CADASTRO}</arg>
<arg>email_teste@uorak.com</arg>
<doc>Types the given ``text`` into the text field identified by ``locator``.</doc>
<status status="PASS" start="2026-03-18T16:50:25.289739" elapsed="0.196016"/>
</kw>
<kw name="Input Text" owner="SeleniumLibrary">
<msg time="2026-03-18T16:50:25.486662" level="INFO">Typing text 'eumesmo123' into text field 'xpath=/html/body/div[1]/div/div[2]/div/div[2]/form/div[4]/div/input'.</msg>
<arg>${CAMPO_SENHA_CADASTRO}</arg>
<arg>eumesmo123</arg>
<doc>Types the given ``text`` into the text field identified by ``locator``.</doc>
<status status="PASS" start="2026-03-18T16:50:25.486038" elapsed="0.138024"/>
</kw>
<kw name="Input Text" owner="SeleniumLibrary">
<msg time="2026-03-18T16:50:25.624807" level="INFO">Typing text 'eumesmo123' into text field 'xpath=/html/body/div[1]/div/div[2]/div/div[2]/form/div[5]/div/input'.</msg>
<arg>${CAMPO_CONFIRMAR_SENHA}</arg>
<arg>eumesmo123</arg>
<doc>Types the given ``text`` into the text field identified by ``locator``.</doc>
<status status="PASS" start="2026-03-18T16:50:25.624315" elapsed="0.145080"/>
</kw>
<status status="PASS" start="2026-03-18T16:50:25.035160" elapsed="0.734592"/>
</kw>
<kw name="E confirmar o cadastro" owner="cadastroSteps">
<kw name="Click Button" owner="SeleniumLibrary">
<msg time="2026-03-18T16:50:25.775297" level="INFO">Clicking button 'xpath=/html/body/div[1]/div/div[2]/div/div[2]/form/button'.</msg>
<arg>${BOTAO_CADASTRAR}</arg>
<doc>Clicks the button identified by ``locator``.</doc>
<status status="PASS" start="2026-03-18T16:50:25.770961" elapsed="0.145697"/>
</kw>
<status status="PASS" start="2026-03-18T16:50:25.770352" elapsed="0.146472"/>
</kw>
<kw name="Então o sistema deve criar a conta com saldo de R$ 1.000,00" owner="cadastroSteps">
<kw name="Wait Until Element Is Visible" owner="SeleniumLibrary">
<arg>${LOCAL_TEXTO_MODAL}</arg>
<arg>timeout=5s</arg>
<doc>Waits until the element ``locator`` is visible.</doc>
<status status="PASS" start="2026-03-18T16:50:25.918004" elapsed="0.251517"/>
</kw>
<kw name="Element Should Contain" owner="SeleniumLibrary">
<msg time="2026-03-18T16:50:26.200338" level="INFO">Element 'xpath=//*[@id="modalText"]' contains text 'criada com sucesso'.</msg>
<arg>${LOCAL_TEXTO_MODAL}</arg>
<arg>criada com sucesso</arg>
<doc>Verifies that element ``locator`` contains text ``expected``.</doc>
<status status="PASS" start="2026-03-18T16:50:26.169744" elapsed="0.030736"/>
</kw>
<status status="PASS" start="2026-03-18T16:50:25.917537" elapsed="0.283106"/>
</kw>
<kw name="Close All Browsers" owner="SeleniumLibrary" type="TEARDOWN">
<doc>Closes all open browsers and resets the browser cache.</doc>
<status status="PASS" start="2026-03-18T16:50:26.201245" elapsed="2.728620"/>
</kw>
<doc>Página de Cadastro</doc>
<status status="PASS" start="2026-03-18T16:50:21.278989" elapsed="7.651690"/>
</test>
<test id="s1-s1-t6" name="CT006 – Cadastro com opção Criar conta sem saldo" line="43">
<kw name="Open Browser" owner="SeleniumLibrary" type="SETUP">
<msg time="2026-03-18T16:50:28.937280" level="INFO">Opening browser 'chrome' to base url 'https://bugbank.netlify.app/'.</msg>
<arg>${BASE_URL}</arg>
<arg>chrome</arg>
<doc>Opens a new browser instance to the optional ``url``.</doc>
<status status="PASS" start="2026-03-18T16:50:28.936495" elapsed="3.039961"/>
</kw>
<kw name="Dado que o usuário esteja na página de cadastro" owner="cadastroSteps">
<kw name="Maximize Browser Window" owner="SeleniumLibrary">
<doc>Maximizes current browser window.</doc>
<status status="PASS" start="2026-03-18T16:50:31.977991" elapsed="0.079100"/>
</kw>
<kw name="Wait Until Element Is Visible" owner="SeleniumLibrary">
<arg>${BOTAO_REGISTRAR}</arg>
<arg>timeout=5s</arg>
<doc>Waits until the element ``locator`` is visible.</doc>
<status status="PASS" start="2026-03-18T16:50:32.057487" elapsed="0.097557"/>
</kw>
<kw name="Click Button" owner="SeleniumLibrary">
<msg time="2026-03-18T16:50:32.155649" level="INFO">Clicking button 'xpath=/html/body/div[1]/div/div[2]/div/div[1]/form/div[3]/button[2]'.</msg>
<arg>${BOTAO_REGISTRAR}</arg>
<doc>Clicks the button identified by ``locator``.</doc>
<status status="PASS" start="2026-03-18T16:50:32.155307" elapsed="0.155871"/>
</kw>
<status status="PASS" start="2026-03-18T16:50:31.977302" elapsed="0.334155"/>
</kw>
<kw name="E que o usuário deixe inativa a opção &quot;Criar conta com saldo&quot;" owner="cadastroSteps">
<kw name="Wait Until Element Is Visible" owner="SeleniumLibrary">
<arg>${BOTAO_CADASTRAR}</arg>
<arg>timeout=5s</arg>
<doc>Waits until the element ``locator`` is visible.</doc>
<status status="PASS" start="2026-03-18T16:50:32.317883" elapsed="0.044885"/>
</kw>
<kw name="Quando o usuário preencher Nome, Email, Senha e Confirmação de senha corretamente" owner="cadastroSteps">
<kw name="Wait Until Element Is Visible" owner="SeleniumLibrary">
<arg>${BOTAO_CADASTRAR}</arg>
<arg>timeout=5s</arg>
<doc>Waits until the element ``locator`` is visible.</doc>
<status status="PASS" start="2026-03-18T16:50:32.364297" elapsed="0.023585"/>
</kw>
<kw name="Input Text" owner="SeleniumLibrary">
<msg time="2026-03-18T16:50:32.388651" level="INFO">Typing text 'Teste Automação' into text field 'xpath=/html/body/div[1]/div/div[2]/div/div[2]/form/div[3]/input'.</msg>
<arg>${CAMPO_NOME}</arg>
<arg>Teste Automação</arg>
<doc>Types the given ``text`` into the text field identified by ``locator``.</doc>
<status status="PASS" start="2026-03-18T16:50:32.388265" elapsed="0.209916"/>
</kw>
<kw name="Input Text" owner="SeleniumLibrary">
<msg time="2026-03-18T16:50:32.599007" level="INFO">Typing text 'email_teste@uorak.com' into text field 'xpath=/html/body/div[1]/div/div[2]/div/div[2]/form/div[2]/input'.</msg>
<arg>${CAMPO_EMAIL_CADASTRO}</arg>
<arg>email_teste@uorak.com</arg>
<doc>Types the given ``text`` into the text field identified by ``locator``.</doc>
<status status="PASS" start="2026-03-18T16:50:32.598546" elapsed="0.188857"/>
</kw>
<kw name="Input Text" owner="SeleniumLibrary">
<msg time="2026-03-18T16:50:32.788952" level="INFO">Typing text 'eumesmo123' into text field 'xpath=/html/body/div[1]/div/div[2]/div/div[2]/form/div[4]/div/input'.</msg>
<arg>${CAMPO_SENHA_CADASTRO}</arg>
<arg>eumesmo123</arg>
<doc>Types the given ``text`` into the text field identified by ``locator``.</doc>
<status status="PASS" start="2026-03-18T16:50:32.788295" elapsed="0.164007"/>
</kw>
<kw name="Input Text" owner="SeleniumLibrary">
<msg time="2026-03-18T16:50:32.953693" level="INFO">Typing text 'eumesmo123' into text field 'xpath=/html/body/div[1]/div/div[2]/div/div[2]/form/div[5]/div/input'.</msg>
<arg>${CAMPO_CONFIRMAR_SENHA}</arg>
<arg>eumesmo123</arg>
<doc>Types the given ``text`` into the text field identified by ``locator``.</doc>
<status status="PASS" start="2026-03-18T16:50:32.952994" elapsed="0.161711"/>
</kw>
<status status="PASS" start="2026-03-18T16:50:32.363625" elapsed="0.751245"/>
</kw>
<status status="PASS" start="2026-03-18T16:50:32.314561" elapsed="0.800410"/>
</kw>
<kw name="Quando o usuário preencher Nome, Email, Senha e Confirmação de senha corretamente" owner="cadastroSteps">
<kw name="Wait Until Element Is Visible" owner="SeleniumLibrary">
<arg>${BOTAO_CADASTRAR}</arg>
<arg>timeout=5s</arg>
<doc>Waits until the element ``locator`` is visible.</doc>
<status status="PASS" start="2026-03-18T16:50:33.115997" elapsed="0.020833"/>
</kw>
<kw name="Input Text" owner="SeleniumLibrary">
<msg time="2026-03-18T16:50:33.137421" level="INFO">Typing text 'Teste Automação' into text field 'xpath=/html/body/div[1]/div/div[2]/div/div[2]/form/div[3]/input'.</msg>
<arg>${CAMPO_NOME}</arg>
<arg>Teste Automação</arg>
<doc>Types the given ``text`` into the text field identified by ``locator``.</doc>
<status status="PASS" start="2026-03-18T16:50:33.137078" elapsed="0.147889"/>
</kw>
<kw name="Input Text" owner="SeleniumLibrary">
<msg time="2026-03-18T16:50:33.285552" level="INFO">Typing text 'email_teste@uorak.com' into text field 'xpath=/html/body/div[1]/div/div[2]/div/div[2]/form/div[2]/input'.</msg>
<arg>${CAMPO_EMAIL_CADASTRO}</arg>
<arg>email_teste@uorak.com</arg>
<doc>Types the given ``text`` into the text field identified by ``locator``.</doc>
<status status="PASS" start="2026-03-18T16:50:33.285215" elapsed="0.150415"/>
</kw>
<kw name="Input Text" owner="SeleniumLibrary">
<msg time="2026-03-18T16:50:33.436201" level="INFO">Typing text 'eumesmo123' into text field 'xpath=/html/body/div[1]/div/div[2]/div/div[2]/form/div[4]/div/input'.</msg>
<arg>${CAMPO_SENHA_CADASTRO}</arg>
<arg>eumesmo123</arg>
<doc>Types the given ``text`` into the text field identified by ``locator``.</doc>
<status status="PASS" start="2026-03-18T16:50:33.435874" elapsed="0.125690"/>
</kw>
<kw name="Input Text" owner="SeleniumLibrary">
<msg time="2026-03-18T16:50:33.562221" level="INFO">Typing text 'eumesmo123' into text field 'xpath=/html/body/div[1]/div/div[2]/div/div[2]/form/div[5]/div/input'.</msg>
<arg>${CAMPO_CONFIRMAR_SENHA}</arg>
<arg>eumesmo123</arg>
<doc>Types the given ``text`` into the text field identified by ``locator``.</doc>
<status status="PASS" start="2026-03-18T16:50:33.561848" elapsed="0.120680"/>
</kw>
<status status="PASS" start="2026-03-18T16:50:33.115503" elapsed="0.567383"/>
</kw>
<kw name="E confirmar o cadastro" owner="cadastroSteps">
<kw name="Click Button" owner="SeleniumLibrary">
<msg time="2026-03-18T16:50:33.684365" level="INFO">Clicking button 'xpath=/html/body/div[1]/div/div[2]/div/div[2]/form/button'.</msg>
<arg>${BOTAO_CADASTRAR}</arg>
<doc>Clicks the button identified by ``locator``.</doc>
<status status="PASS" start="2026-03-18T16:50:33.684011" elapsed="0.131790"/>
</kw>
<status status="PASS" start="2026-03-18T16:50:33.683480" elapsed="0.132487"/>
</kw>
<kw name="Então o sistema deve criar a conta com saldo de R$ 0,00" owner="cadastroSteps">
<kw name="Wait Until Element Is Visible" owner="SeleniumLibrary">
<arg>${LOCAL_TEXTO_MODAL}</arg>
<arg>timeout=5s</arg>
<doc>Waits until the element ``locator`` is visible.</doc>
<status status="PASS" start="2026-03-18T16:50:33.816922" elapsed="0.251186"/>
</kw>
<kw name="Element Should Contain" owner="SeleniumLibrary">
<msg time="2026-03-18T16:50:34.098753" level="INFO">Element 'xpath=//*[@id="modalText"]' contains text 'criada com sucesso'.</msg>
<arg>${LOCAL_TEXTO_MODAL}</arg>
<arg>criada com sucesso</arg>
<doc>Verifies that element ``locator`` contains text ``expected``.</doc>
<status status="PASS" start="2026-03-18T16:50:34.068359" elapsed="0.030554"/>
</kw>
<kw name="Wait Until Element Is Visible" owner="SeleniumLibrary">
<arg>xpath=/html/body/div[1]/div/div[3]/div/div[1]/a</arg>
<arg>timeout=5s</arg>
<doc>Waits until the element ``locator`` is visible.</doc>
<status status="PASS" start="2026-03-18T16:50:34.099186" elapsed="0.026219"/>
</kw>
<kw name="Click Element" owner="SeleniumLibrary">
<msg time="2026-03-18T16:50:34.126960" level="INFO">Clicking element 'xpath=/html/body/div[1]/div/div[3]/div/div[1]/a'.</msg>
<arg>xpath=/html/body/div[1]/div/div[3]/div/div[1]/a</arg>
<doc>Click the element identified by ``locator``.</doc>
<status status="PASS" start="2026-03-18T16:50:34.125962" elapsed="0.100122"/>
</kw>
<status status="PASS" start="2026-03-18T16:50:33.816483" elapsed="0.410136"/>
</kw>
<kw name="Close All Browsers" owner="SeleniumLibrary" type="TEARDOWN">
<doc>Closes all open browsers and resets the browser cache.</doc>
<status status="PASS" start="2026-03-18T16:50:34.229014" elapsed="2.497946"/>
</kw>
<doc>Página de Cadastro</doc>
<status status="PASS" start="2026-03-18T16:50:28.933883" elapsed="7.794134"/>
</test>
<doc>Teste exemplo Robot Framework.</doc>
<status status="PASS" start="2026-03-18T16:49:51.835882" elapsed="44.897067"/>
</suite>
<suite id="s1-s2" name="Login" source="C:\Users\tonyk\Documents\Documentos_QA\Automações\BugBank_RobotFramework.Testes\Robot Framework\Tests\login.robot">
<test id="s1-s2-t1" name="CT01 – Login sem preencher email e senha" line="13">
<kw name="Open Browser" owner="SeleniumLibrary" type="SETUP">
<msg time="2026-03-18T16:50:36.779989" level="INFO">Opening browser 'chrome' to base url 'https://bugbank.netlify.app/'.</msg>
<arg>${BASE_URL}</arg>
<arg>chrome</arg>
<doc>Opens a new browser instance to the optional ``url``.</doc>
<status status="PASS" start="2026-03-18T16:50:36.779403" elapsed="2.945956"/>
</kw>
<kw name="Dado que o usuário esteja na página de login" owner="loginSteps">
<kw name="Maximize Browser Window" owner="SeleniumLibrary">
<doc>Maximizes current browser window.</doc>
<status status="PASS" start="2026-03-18T16:50:39.728457" elapsed="0.108544"/>
</kw>
<status status="PASS" start="2026-03-18T16:50:39.727372" elapsed="0.109870"/>
</kw>
<kw name="Quando o usuário clicar no botão &quot;Acessar&quot; sem preencher os campos de email e senha" owner="loginSteps">
<kw name="Wait Until Element Is Visible" owner="SeleniumLibrary">
<arg>${BOTAO_ACESSAR}</arg>
<arg>timeout=5s</arg>
<doc>Waits until the element ``locator`` is visible.</doc>
<status status="PASS" start="2026-03-18T16:50:39.839113" elapsed="0.096989"/>
</kw>
<kw name="E clicar no botão &quot;Acessar&quot;" owner="loginSteps">
<kw name="Wait Until Element Is Visible" owner="SeleniumLibrary">
<arg>${BOTAO_ACESSAR}</arg>
<arg>timeout=5s</arg>
<doc>Waits until the element ``locator`` is visible.</doc>
<status status="PASS" start="2026-03-18T16:50:39.936919" elapsed="0.045807"/>
</kw>
<kw name="Click Button" owner="SeleniumLibrary">
<msg time="2026-03-18T16:50:39.983598" level="INFO">Clicking button 'xpath=/html/body/div[1]/div/div[2]/div/div[1]/form/div[3]/button[1]'.</msg>
<arg>${BOTAO_ACESSAR}</arg>
<doc>Clicks the button identified by ``locator``.</doc>
<status status="PASS" start="2026-03-18T16:50:39.983107" elapsed="0.132777"/>
</kw>
<status status="PASS" start="2026-03-18T16:50:39.936471" elapsed="0.179721"/>
</kw>
<status status="PASS" start="2026-03-18T16:50:39.838584" elapsed="0.277784"/>
</kw>
<kw name="Então o sistema deve exibir uma mensagem de erro indicando que os campos de email e senha são obrigatórios" owner="loginSteps">
<kw name="Element Should Be Visible" owner="SeleniumLibrary">
<msg time="2026-03-18T16:50:40.153001" level="INFO">Element 'xpath=/html/body/div[1]/div/div[2]/div/div[1]/form/div[1]/p' is displayed.</msg>
<arg>${CAMPO_MSG_EMAIL_OBRIGATORIO}</arg>
<arg>timeout=5s</arg>
<doc>Verifies that the element identified by ``locator`` is visible.</doc>
<status status="PASS" start="2026-03-18T16:50:40.118092" elapsed="0.035093"/>
</kw>
<kw name="Element Text Should Be" owner="SeleniumLibrary">
<msg time="2026-03-18T16:50:40.154196" level="INFO">Verifying element 'xpath=/html/body/div[1]/div/div[2]/div/div[1]/form/div[1]/p' contains exact text 'É campo obrigatório'.</msg>
<arg>${CAMPO_MSG_EMAIL_OBRIGATORIO}</arg>
<arg>É campo obrigatório</arg>
<doc>Verifies that element ``locator`` contains exact the text ``expected``.</doc>
<status status="PASS" start="2026-03-18T16:50:40.153593" elapsed="0.036455"/>
</kw>
<kw name="Element Should Be Visible" owner="SeleniumLibrary">
<msg time="2026-03-18T16:50:40.223420" level="INFO">Element 'xpath=/html/body/div[1]/div/div[2]/div/div[1]/form/div[2]/div/p' is displayed.</msg>
<arg>${CAMPO_MSG_SENHA_OBRIGATORIA}</arg>
<arg>timeout=5s</arg>
<doc>Verifies that the element identified by ``locator`` is visible.</doc>
<status status="PASS" start="2026-03-18T16:50:40.192129" elapsed="0.031953"/>
</kw>
<kw name="Element Text Should Be" owner="SeleniumLibrary">
<msg time="2026-03-18T16:50:40.225654" level="INFO">Verifying element 'xpath=/html/body/div[1]/div/div[2]/div/div[1]/form/div[2]/div/p' contains exact text 'É campo obrigatório'.</msg>
<arg>${CAMPO_MSG_SENHA_OBRIGATORIA}</arg>
<arg>É campo obrigatório</arg>
<doc>Verifies that element ``locator`` contains exact the text ``expected``.</doc>
<status status="PASS" start="2026-03-18T16:50:40.224826" elapsed="0.022948"/>
</kw>
<status status="PASS" start="2026-03-18T16:50:40.117214" elapsed="0.130732"/>
</kw>
<kw name="Close All Browsers" owner="SeleniumLibrary" type="TEARDOWN">
<doc>Closes all open browsers and resets the browser cache.</doc>
<status status="PASS" start="2026-03-18T16:50:40.248501" elapsed="2.494065"/>
</kw>
<doc>Página de Login</doc>
<status status="PASS" start="2026-03-18T16:50:36.777444" elapsed="5.965934"/>
</test>
<test id="s1-s2-t2" name="CT02 – Login sem preencher apenas email" line="19">
<kw name="Open Browser" owner="SeleniumLibrary" type="SETUP">
<msg time="2026-03-18T16:50:42.749954" level="INFO">Opening browser 'chrome' to base url 'https://bugbank.netlify.app/'.</msg>
<arg>${BASE_URL}</arg>
<arg>chrome</arg>
<doc>Opens a new browser instance to the optional ``url``.</doc>
<status status="PASS" start="2026-03-18T16:50:42.749156" elapsed="3.616387"/>
</kw>
<kw name="Dado que o usuário esteja na página de login" owner="loginSteps">
<kw name="Maximize Browser Window" owner="SeleniumLibrary">
<doc>Maximizes current browser window.</doc>
<status status="PASS" start="2026-03-18T16:50:46.367345" elapsed="0.049772"/>
</kw>
<status status="PASS" start="2026-03-18T16:50:46.366364" elapsed="0.051059"/>
</kw>
<kw name="Quando o usuário clicar no botão &quot;Acessar&quot; sem preencher o campo de email" owner="loginSteps">
<kw name="Wait Until Element Is Visible" owner="SeleniumLibrary">
<arg>${BOTAO_ACESSAR}</arg>
<arg>timeout=5s</arg>
<doc>Waits until the element ``locator`` is visible.</doc>
<status status="PASS" start="2026-03-18T16:50:46.418963" elapsed="0.075299"/>
</kw>
<kw name="Input Text" owner="SeleniumLibrary">
<msg time="2026-03-18T16:50:46.496593" level="INFO">Typing text 'eumesmo123' into text field 'xpath=/html/body/div[1]/div/div[2]/div/div[1]/form/div[2]/div/input'.</msg>
<arg>${CAMPO_SENHA}</arg>
<arg>${SENHA_VALIDA}</arg>
<doc>Types the given ``text`` into the text field identified by ``locator``.</doc>
<status status="PASS" start="2026-03-18T16:50:46.494705" elapsed="0.250418"/>
</kw>
<kw name="E clicar no botão &quot;Acessar&quot;" owner="loginSteps">
<kw name="Wait Until Element Is Visible" owner="SeleniumLibrary">
<arg>${BOTAO_ACESSAR}</arg>
<arg>timeout=5s</arg>
<doc>Waits until the element ``locator`` is visible.</doc>
<status status="PASS" start="2026-03-18T16:50:46.746042" elapsed="0.021392"/>
</kw>
<kw name="Click Button" owner="SeleniumLibrary">
<msg time="2026-03-18T16:50:46.768002" level="INFO">Clicking button 'xpath=/html/body/div[1]/div/div[2]/div/div[1]/form/div[3]/button[1]'.</msg>
<arg>${BOTAO_ACESSAR}</arg>
<doc>Clicks the button identified by ``locator``.</doc>
<status status="PASS" start="2026-03-18T16:50:46.767685" elapsed="0.133296"/>
</kw>
<status status="PASS" start="2026-03-18T16:50:46.745494" elapsed="0.155664"/>
</kw>
<status status="PASS" start="2026-03-18T16:50:46.418270" elapsed="0.483009"/>
</kw>
<kw name="Então o sistema deve exibir uma mensagem de erro indicando que o campo de email é obrigatório" owner="loginSteps">
<kw name="Wait Until Element Is Visible" owner="SeleniumLibrary">
<arg>${CAMPO_MSG_EMAIL_OBRIGATORIO}</arg>
<arg>timeout=5s</arg>
<doc>Waits until the element ``locator`` is visible.</doc>
<status status="PASS" start="2026-03-18T16:50:46.902378" elapsed="0.034495"/>
</kw>
<kw name="Element Text Should Be" owner="SeleniumLibrary">
<msg time="2026-03-18T16:50:46.937506" level="INFO">Verifying element 'xpath=/html/body/div[1]/div/div[2]/div/div[1]/form/div[1]/p' contains exact text 'É campo obrigatório'.</msg>
<arg>${CAMPO_MSG_EMAIL_OBRIGATORIO}</arg>
<arg>É campo obrigatório</arg>
<doc>Verifies that element ``locator`` contains exact the text ``expected``.</doc>
<status status="PASS" start="2026-03-18T16:50:46.937134" elapsed="0.041874"/>
</kw>
<status status="PASS" start="2026-03-18T16:50:46.901893" elapsed="0.077300"/>
</kw>
<kw name="Close All Browsers" owner="SeleniumLibrary" type="TEARDOWN">
<doc>Closes all open browsers and resets the browser cache.</doc>
<status status="PASS" start="2026-03-18T16:50:46.979834" elapsed="2.557401"/>
</kw>
<doc>Página de Login</doc>
<status status="PASS" start="2026-03-18T16:50:42.746567" elapsed="6.791541"/>
</test>
<test id="s1-s2-t3" name="CT03 – Login sem preencher apenas senha" line="25">
<kw name="Open Browser" owner="SeleniumLibrary" type="SETUP">
<msg time="2026-03-18T16:50:49.544780" level="INFO">Opening browser 'chrome' to base url 'https://bugbank.netlify.app/'.</msg>
<arg>${BASE_URL}</arg>
<arg>chrome</arg>
<doc>Opens a new browser instance to the optional ``url``.</doc>
<status status="PASS" start="2026-03-18T16:50:49.543995" elapsed="3.273896"/>
</kw>
<kw name="Dado que o usuário esteja na página de login" owner="loginSteps">
<kw name="Maximize Browser Window" owner="SeleniumLibrary">
<doc>Maximizes current browser window.</doc>
<status status="PASS" start="2026-03-18T16:50:52.819482" elapsed="0.068777"/>
</kw>
<status status="PASS" start="2026-03-18T16:50:52.818744" elapsed="0.069885"/>
</kw>
<kw name="Quando o usuário clicar no botão &quot;Acessar&quot; sem preencher o campo de senha" owner="loginSteps">
<kw name="Wait Until Element Is Visible" owner="SeleniumLibrary">
<arg>${BOTAO_ACESSAR}</arg>
<arg>timeout=5s</arg>
<doc>Waits until the element ``locator`` is visible.</doc>
<status status="PASS" start="2026-03-18T16:50:52.894733" elapsed="0.070200"/>
</kw>
<kw name="Input Text" owner="SeleniumLibrary">
<msg time="2026-03-18T16:50:52.965920" level="INFO">Typing text 'email_teste@uorak.com' into text field 'xpath=/html/body/div[1]/div/div[2]/div/div[1]/form/div[1]/input'.</msg>
<arg>${CAMPO_EMAIL}</arg>
<arg>${EMAIL_VALIDO}</arg>
<doc>Types the given ``text`` into the text field identified by ``locator``.</doc>
<status status="PASS" start="2026-03-18T16:50:52.965345" elapsed="0.255502"/>
</kw>
<kw name="E clicar no botão &quot;Acessar&quot;" owner="loginSteps">
<kw name="Wait Until Element Is Visible" owner="SeleniumLibrary">
<arg>${BOTAO_ACESSAR}</arg>
<arg>timeout=5s</arg>
<doc>Waits until the element ``locator`` is visible.</doc>
<status status="PASS" start="2026-03-18T16:50:53.221998" elapsed="0.025423"/>
</kw>
<kw name="Click Button" owner="SeleniumLibrary">
<msg time="2026-03-18T16:50:53.247981" level="INFO">Clicking button 'xpath=/html/body/div[1]/div/div[2]/div/div[1]/form/div[3]/button[1]'.</msg>
<arg>${BOTAO_ACESSAR}</arg>
<doc>Clicks the button identified by ``locator``.</doc>
<status status="PASS" start="2026-03-18T16:50:53.247671" elapsed="0.113309"/>
</kw>
<status status="PASS" start="2026-03-18T16:50:53.221325" elapsed="0.139918"/>
</kw>
<status status="PASS" start="2026-03-18T16:50:52.892463" elapsed="0.468971"/>
</kw>
<kw name="Então o sistema deve exibir uma mensagem de erro indicando que o campo de senha é obrigatório" owner="loginSteps">
<kw name="Wait Until Element Is Visible" owner="SeleniumLibrary">
<arg>${CAMPO_MSG_SENHA_OBRIGATORIA}</arg>
<arg>timeout=5s</arg>
<doc>Waits until the element ``locator`` is visible.</doc>
<status status="PASS" start="2026-03-18T16:50:53.362893" elapsed="0.033213"/>
</kw>
<kw name="Element Text Should Be" owner="SeleniumLibrary">
<msg time="2026-03-18T16:50:53.396914" level="INFO">Verifying element 'xpath=/html/body/div[1]/div/div[2]/div/div[1]/form/div[2]/div/p' contains exact text 'É campo obrigatório'.</msg>
<arg>${CAMPO_MSG_SENHA_OBRIGATORIA}</arg>
<arg>É campo obrigatório</arg>
<doc>Verifies that element ``locator`` contains exact the text ``expected``.</doc>
<status status="PASS" start="2026-03-18T16:50:53.396447" elapsed="0.036507"/>
</kw>
<status status="PASS" start="2026-03-18T16:50:53.362201" elapsed="0.070937"/>
</kw>
<kw name="Close All Browsers" owner="SeleniumLibrary" type="TEARDOWN">
<doc>Closes all open browsers and resets the browser cache.</doc>
<status status="PASS" start="2026-03-18T16:50:53.433702" elapsed="2.552260"/>
</kw>
<doc>Página de Login</doc>
<status status="PASS" start="2026-03-18T16:50:49.541485" elapsed="6.445485"/>
</test>
<test id="s1-s2-t4" name="CT04 – Login com email não cadastrado" line="31">
<kw name="Open Browser" owner="SeleniumLibrary" type="SETUP">
<msg time="2026-03-18T16:50:55.994358" level="INFO">Opening browser 'chrome' to base url 'https://bugbank.netlify.app/'.</msg>
<arg>${BASE_URL}</arg>
<arg>chrome</arg>
<doc>Opens a new browser instance to the optional ``url``.</doc>
<status status="PASS" start="2026-03-18T16:50:55.993472" elapsed="2.993916"/>
</kw>
<kw name="Dado que o usuário esteja na página de login" owner="loginSteps">
<kw name="Maximize Browser Window" owner="SeleniumLibrary">
<doc>Maximizes current browser window.</doc>
<status status="PASS" start="2026-03-18T16:50:58.990321" elapsed="0.133259"/>
</kw>
<status status="PASS" start="2026-03-18T16:50:58.989667" elapsed="0.134288"/>
</kw>
<kw name="Quando o usuário preencher o campo de email com um endereço de email não cadastrado e clicar no botão &quot;Acessar&quot;" owner="loginSteps">
<kw name="Wait Until Element Is Visible" owner="SeleniumLibrary">
<arg>${BOTAO_ACESSAR}</arg>
<arg>timeout=5s</arg>
<doc>Waits until the element ``locator`` is visible.</doc>
<status status="PASS" start="2026-03-18T16:50:59.129735" elapsed="0.115952"/>
</kw>
<kw name="Input Text" owner="SeleniumLibrary">
<msg time="2026-03-18T16:50:59.246896" level="INFO">Typing text 'email_nao_cadastrado@uorak.com' into text field 'xpath=/html/body/div[1]/div/div[2]/div/div[1]/form/div[1]/input'.</msg>
<arg>${CAMPO_EMAIL}</arg>
<arg>${EMAIL_NAO_CADASTRADO}</arg>
<doc>Types the given ``text`` into the text field identified by ``locator``.</doc>
<status status="PASS" start="2026-03-18T16:50:59.246089" elapsed="0.231088"/>
</kw>
<kw name="Input Text" owner="SeleniumLibrary">
<msg time="2026-03-18T16:50:59.477997" level="INFO">Typing text 'eumesmo123' into text field 'xpath=/html/body/div[1]/div/div[2]/div/div[1]/form/div[2]/div/input'.</msg>
<arg>${CAMPO_SENHA}</arg>
<arg>${SENHA_VALIDA}</arg>
<doc>Types the given ``text`` into the text field identified by ``locator``.</doc>
<status status="PASS" start="2026-03-18T16:50:59.477461" elapsed="0.132337"/>
</kw>
<kw name="E clicar no botão &quot;Acessar&quot;" owner="loginSteps">
<kw name="Wait Until Element Is Visible" owner="SeleniumLibrary">
<arg>${BOTAO_ACESSAR}</arg>
<arg>timeout=5s</arg>
<doc>Waits until the element ``locator`` is visible.</doc>
<status status="PASS" start="2026-03-18T16:50:59.612191" elapsed="0.021605"/>
</kw>
<kw name="Click Button" owner="SeleniumLibrary">
<msg time="2026-03-18T16:50:59.634367" level="INFO">Clicking button 'xpath=/html/body/div[1]/div/div[2]/div/div[1]/form/div[3]/button[1]'.</msg>
<arg>${BOTAO_ACESSAR}</arg>
<doc>Clicks the button identified by ``locator``.</doc>
<status status="PASS" start="2026-03-18T16:50:59.634050" elapsed="0.131442"/>
</kw>
<status status="PASS" start="2026-03-18T16:50:59.611402" elapsed="0.154267"/>
</kw>
<status status="PASS" start="2026-03-18T16:50:59.127210" elapsed="0.638578"/>
</kw>
<kw name="Então o sistema deve exibir uma mensagem de erro indicando que o email não está cadastrado" owner="loginSteps">
<kw name="Wait Until Element Is Visible" owner="SeleniumLibrary">
<arg>${LOCAL_USUARIO_NAO_CADASTRADO}</arg>
<arg>timeout=5s</arg>
<doc>Waits until the element ``locator`` is visible.</doc>
<status status="PASS" start="2026-03-18T16:50:59.766833" elapsed="0.265687"/>
</kw>
<kw name="Element Should Contain" owner="SeleniumLibrary">
<msg time="2026-03-18T16:51:00.063912" level="INFO">Element 'xpath=//*[@id="modalText"]' contains text 'Usuário ou senha inválido.'.</msg>
<arg>${LOCAL_USUARIO_NAO_CADASTRADO}</arg>
<arg>${USUARIO_NAO_CADASTRADO}</arg>
<doc>Verifies that element ``locator`` contains text ``expected``.</doc>
<status status="PASS" start="2026-03-18T16:51:00.032787" elapsed="0.031382"/>
</kw>
<status status="PASS" start="2026-03-18T16:50:59.766373" elapsed="0.298112"/>
</kw>
<kw name="Close All Browsers" owner="SeleniumLibrary" type="TEARDOWN">
<doc>Closes all open browsers and resets the browser cache.</doc>
<status status="PASS" start="2026-03-18T16:51:00.065295" elapsed="2.551329"/>
</kw>
<doc>Página de Login</doc>
<status status="PASS" start="2026-03-18T16:50:55.990753" elapsed="6.626852"/>
</test>
<test id="s1-s2-t5" name="CT05 – Login com senha incorreta" line="37">
<kw name="Open Browser" owner="SeleniumLibrary" type="SETUP">
<msg time="2026-03-18T16:51:02.624229" level="INFO">Opening browser 'chrome' to base url 'https://bugbank.netlify.app/'.</msg>
<arg>${BASE_URL}</arg>
<arg>chrome</arg>
<doc>Opens a new browser instance to the optional ``url``.</doc>
<status status="PASS" start="2026-03-18T16:51:02.623422" elapsed="2.321451"/>
</kw>
<kw name="Dado que o usuário esteja na página de login" owner="loginSteps">
<kw name="Maximize Browser Window" owner="SeleniumLibrary">
<doc>Maximizes current browser window.</doc>
<status status="PASS" start="2026-03-18T16:51:04.947543" elapsed="0.608687"/>
</kw>
<status status="PASS" start="2026-03-18T16:51:04.946275" elapsed="0.610203"/>
</kw>
<kw name="Quando o usuário preencher o campo de email cadastrado e o campo de senha com uma senha incorreta" owner="loginSteps">
<kw name="Wait Until Element Is Visible" owner="SeleniumLibrary">
<arg>${BOTAO_ACESSAR}</arg>
<arg>timeout=5s</arg>
<doc>Waits until the element ``locator`` is visible.</doc>
<status status="PASS" start="2026-03-18T16:51:05.558273" elapsed="0.079064"/>
</kw>
<kw name="Input Text" owner="SeleniumLibrary">
<msg time="2026-03-18T16:51:05.639729" level="INFO">Typing text 'email_teste@uorak.com' into text field 'xpath=/html/body/div[1]/div/div[2]/div/div[1]/form/div[1]/input'.</msg>
<arg>${CAMPO_EMAIL}</arg>
<arg>${EMAIL_VALIDO}</arg>
<doc>Types the given ``text`` into the text field identified by ``locator``.</doc>
<status status="PASS" start="2026-03-18T16:51:05.639030" elapsed="0.287965"/>
</kw>
<kw name="Input Text" owner="SeleniumLibrary">
<msg time="2026-03-18T16:51:05.927717" level="INFO">Typing text 'senha_incorreta123' into text field 'xpath=/html/body/div[1]/div/div[2]/div/div[1]/form/div[2]/div/input'.</msg>
<arg>${CAMPO_SENHA}</arg>
<arg>${SENHA_INCORRETA}</arg>
<doc>Types the given ``text`` into the text field identified by ``locator``.</doc>
<status status="PASS" start="2026-03-18T16:51:05.927329" elapsed="0.143813"/>
</kw>
<status status="PASS" start="2026-03-18T16:51:05.557441" elapsed="0.514050"/>
</kw>
<kw name="E clicar no botão &quot;Acessar&quot;" owner="loginSteps">
<kw name="Wait Until Element Is Visible" owner="SeleniumLibrary">
<arg>${BOTAO_ACESSAR}</arg>
<arg>timeout=5s</arg>
<doc>Waits until the element ``locator`` is visible.</doc>
<status status="PASS" start="2026-03-18T16:51:06.072807" elapsed="0.024623"/>
</kw>
<kw name="Click Button" owner="SeleniumLibrary">
<msg time="2026-03-18T16:51:06.098009" level="INFO">Clicking button 'xpath=/html/body/div[1]/div/div[2]/div/div[1]/form/div[3]/button[1]'.</msg>
<arg>${BOTAO_ACESSAR}</arg>
<doc>Clicks the button identified by ``locator``.</doc>
<status status="PASS" start="2026-03-18T16:51:06.097682" elapsed="0.132487"/>
</kw>
<status status="PASS" start="2026-03-18T16:51:06.072142" elapsed="0.158200"/>
</kw>
<kw name="Então o sistema deve exibir uma mensagem de erro indicando que a senha está incorreta" owner="loginSteps">
<kw name="Wait Until Element Is Visible" owner="SeleniumLibrary">
<arg>${LOCAL_USUARIO_NAO_CADASTRADO}</arg>
<arg>timeout=5s</arg>
<doc>Waits until the element ``locator`` is visible.</doc>
<status status="PASS" start="2026-03-18T16:51:06.231382" elapsed="0.263598"/>
</kw>
<kw name="Element Should Contain" owner="SeleniumLibrary">
<msg time="2026-03-18T16:51:06.530870" level="INFO">Element 'xpath=//*[@id="modalText"]' contains text 'Usuário ou senha inválido.'.</msg>
<arg>${LOCAL_USUARIO_NAO_CADASTRADO}</arg>
<arg>${USUARIO_NAO_CADASTRADO}</arg>
<doc>Verifies that element ``locator`` contains text ``expected``.</doc>
<status status="PASS" start="2026-03-18T16:51:06.495299" elapsed="0.035766"/>
</kw>
<status status="PASS" start="2026-03-18T16:51:06.230932" elapsed="0.300377"/>
</kw>
<kw name="Close All Browsers" owner="SeleniumLibrary" type="TEARDOWN">
<doc>Closes all open browsers and resets the browser cache.</doc>
<status status="PASS" start="2026-03-18T16:51:06.532278" elapsed="2.518971"/>
</kw>
<doc>Página de Login</doc>
<status status="PASS" start="2026-03-18T16:51:02.620916" elapsed="6.430886"/>
</test>
<test id="s1-s2-t6" name="CT06 – Login com email válido e senha vazia" line="44">
<kw name="Open Browser" owner="SeleniumLibrary" type="SETUP">
<msg time="2026-03-18T16:51:09.056327" level="INFO">Opening browser 'chrome' to base url 'https://bugbank.netlify.app/'.</msg>
<arg>${BASE_URL}</arg>
<arg>chrome</arg>
<doc>Opens a new browser instance to the optional ``url``.</doc>
<status status="PASS" start="2026-03-18T16:51:09.055606" elapsed="2.922142"/>
</kw>
<kw name="Dado que o usuário esteja na página de login" owner="loginSteps">
<kw name="Maximize Browser Window" owner="SeleniumLibrary">
<doc>Maximizes current browser window.</doc>
<status status="PASS" start="2026-03-18T16:51:11.979146" elapsed="0.114045"/>
</kw>
<status status="PASS" start="2026-03-18T16:51:11.978556" elapsed="0.114876"/>
</kw>
<kw name="Quando o usuário preencher o email válido, deixa senha vazia e clicar no botão &quot;Acessar&quot;" owner="loginSteps">
<kw name="Wait Until Element Is Visible" owner="SeleniumLibrary">
<arg>${CAMPO_EMAIL}</arg>
<arg>timeout=5s</arg>
<doc>Waits until the element ``locator`` is visible.</doc>
<status status="PASS" start="2026-03-18T16:51:12.096081" elapsed="0.102461"/>
</kw>
<kw name="Input Text" owner="SeleniumLibrary">
<msg time="2026-03-18T16:51:12.199415" level="INFO">Typing text 'email_teste@uorak.com' into text field 'xpath=/html/body/div[1]/div/div[2]/div/div[1]/form/div[1]/input'.</msg>
<arg>${CAMPO_EMAIL}</arg>
<arg>${EMAIL_VALIDO}</arg>
<doc>Types the given ``text`` into the text field identified by ``locator``.</doc>
<status status="PASS" start="2026-03-18T16:51:12.198897" elapsed="0.213154"/>
</kw>
<kw name="Input Text" owner="SeleniumLibrary">
<msg time="2026-03-18T16:51:12.412943" level="INFO">Typing text ' ' into text field 'xpath=/html/body/div[1]/div/div[2]/div/div[1]/form/div[2]/div/input'.</msg>
<arg>${CAMPO_SENHA}</arg>
<arg>${SPACE}</arg>
<doc>Types the given ``text`` into the text field identified by ``locator``.</doc>
<status status="PASS" start="2026-03-18T16:51:12.412414" elapsed="0.124788"/>
</kw>
<kw name="E clicar no botão &quot;Acessar&quot;" owner="loginSteps">
<kw name="Wait Until Element Is Visible" owner="SeleniumLibrary">
<arg>${BOTAO_ACESSAR}</arg>
<arg>timeout=5s</arg>
<doc>Waits until the element ``locator`` is visible.</doc>
<status status="PASS" start="2026-03-18T16:51:12.538541" elapsed="0.024807"/>
</kw>
<kw name="Click Button" owner="SeleniumLibrary">
<msg time="2026-03-18T16:51:12.563856" level="INFO">Clicking button 'xpath=/html/body/div[1]/div/div[2]/div/div[1]/form/div[3]/button[1]'.</msg>
<arg>${BOTAO_ACESSAR}</arg>
<doc>Clicks the button identified by ``locator``.</doc>
<status status="PASS" start="2026-03-18T16:51:12.563577" elapsed="0.122849"/>
</kw>
<status status="PASS" start="2026-03-18T16:51:12.537695" elapsed="0.148985"/>
</kw>
<status status="PASS" start="2026-03-18T16:51:12.095188" elapsed="0.591785"/>
</kw>
<kw name="Então o sistema deve exibir uma mensagem de erro indicando que a senha está incorreta" owner="loginSteps">
<kw name="Wait Until Element Is Visible" owner="SeleniumLibrary">
<arg>${LOCAL_USUARIO_NAO_CADASTRADO}</arg>
<arg>timeout=5s</arg>
<doc>Waits until the element ``locator`` is visible.</doc>
<status status="PASS" start="2026-03-18T16:51:12.688402" elapsed="0.251726"/>
</kw>
<kw name="Element Should Contain" owner="SeleniumLibrary">
<msg time="2026-03-18T16:51:12.970066" level="INFO">Element 'xpath=//*[@id="modalText"]' contains text 'Usuário ou senha inválido.'.</msg>
<arg>${LOCAL_USUARIO_NAO_CADASTRADO}</arg>
<arg>${USUARIO_NAO_CADASTRADO}</arg>
<doc>Verifies that element ``locator`` contains text ``expected``.</doc>
<status status="PASS" start="2026-03-18T16:51:12.940346" elapsed="0.029915"/>
</kw>
<status status="PASS" start="2026-03-18T16:51:12.687657" elapsed="0.282758"/>
</kw>
<kw name="Close All Browsers" owner="SeleniumLibrary" type="TEARDOWN">
<doc>Closes all open browsers and resets the browser cache.</doc>
<status status="PASS" start="2026-03-18T16:51:12.971221" elapsed="2.544650"/>
</kw>
<doc>Página de Login</doc>
<status status="PASS" start="2026-03-18T16:51:09.053937" elapsed="6.462813"/>
</test>
<test id="s1-s2-t7" name="CT07 – Login com credenciais corretas" line="50">
<kw name="Open Browser" owner="SeleniumLibrary" type="SETUP">
<msg time="2026-03-18T16:51:15.523191" level="INFO">Opening browser 'chrome' to base url 'https://bugbank.netlify.app/'.</msg>
<arg>${BASE_URL}</arg>
<arg>chrome</arg>
<doc>Opens a new browser instance to the optional ``url``.</doc>
<status status="PASS" start="2026-03-18T16:51:15.522404" elapsed="3.088792"/>
</kw>
<kw name="Dado que o usuário esteja na página de login" owner="loginSteps">
<kw name="Maximize Browser Window" owner="SeleniumLibrary">
<doc>Maximizes current browser window.</doc>
<status status="PASS" start="2026-03-18T16:51:18.613013" elapsed="0.050004"/>
</kw>
<status status="PASS" start="2026-03-18T16:51:18.612259" elapsed="0.051116"/>
</kw>
<kw name="Quando o usuário preencher o campo de email e senha com credenciais corretas" owner="loginSteps">
<kw name="Wait Until Element Is Visible" owner="SeleniumLibrary">
<arg>${BOTAO_REGISTRAR}</arg>
<arg>timeout=5s</arg>
<doc>Waits until the element ``locator`` is visible.</doc>
<status status="PASS" start="2026-03-18T16:51:18.667793" elapsed="0.084910"/>
</kw>
<kw name="Click Button" owner="SeleniumLibrary">
<msg time="2026-03-18T16:51:18.755387" level="INFO">Clicking button 'xpath=/html/body/div[1]/div/div[2]/div/div[1]/form/div[3]/button[2]'.</msg>
<arg>${BOTAO_REGISTRAR}</arg>
<doc>Clicks the button identified by ``locator``.</doc>
<status status="PASS" start="2026-03-18T16:51:18.754248" elapsed="0.233434"/>
</kw>
<kw name="Criação de conta com saldo de R$ 1.000,00" owner="cadastroSteps">
<kw name="E que o usuário ative a opção &quot;Criar conta com saldo&quot;" owner="cadastroSteps">
<kw name="Wait Until Element Is Visible" owner="SeleniumLibrary">
<arg>${BOTAO_CADASTRAR}</arg>
<arg>timeout=5s</arg>
<doc>Waits until the element ``locator`` is visible.</doc>
<status status="PASS" start="2026-03-18T16:51:18.989915" elapsed="0.037216"/>
</kw>
<kw name="Execute Javascript" owner="SeleniumLibrary">
<msg time="2026-03-18T16:51:19.027979" level="INFO">Executing JavaScript:
document.getElementById("toggleAddBalance").click()
Without any arguments.</msg>
<arg>document.getElementById("toggleAddBalance").click()</arg>
<doc>Executes the given JavaScript code with possible arguments.</doc>
<status status="PASS" start="2026-03-18T16:51:19.027435" elapsed="0.013875"/>
</kw>
<status status="PASS" start="2026-03-18T16:51:18.989320" elapsed="0.052238"/>
</kw>
<kw name="Quando o usuário preencher Nome, Email, Senha e Confirmação de senha corretamente" owner="cadastroSteps">
<kw name="Wait Until Element Is Visible" owner="SeleniumLibrary">
<arg>${BOTAO_CADASTRAR}</arg>
<arg>timeout=5s</arg>
<doc>Waits until the element ``locator`` is visible.</doc>
<status status="PASS" start="2026-03-18T16:51:19.043442" elapsed="0.022313"/>
</kw>
<kw name="Input Text" owner="SeleniumLibrary">
<msg time="2026-03-18T16:51:19.068219" level="INFO">Typing text 'Teste Automação' into text field 'xpath=/html/body/div[1]/div/div[2]/div/div[2]/form/div[3]/input'.</msg>
<arg>${CAMPO_NOME}</arg>
<arg>Teste Automação</arg>
<doc>Types the given ``text`` into the text field identified by ``locator``.</doc>
<status status="PASS" start="2026-03-18T16:51:19.067243" elapsed="0.237496"/>
</kw>
<kw name="Input Text" owner="SeleniumLibrary">
<msg time="2026-03-18T16:51:19.305634" level="INFO">Typing text 'email_teste@uorak.com' into text field 'xpath=/html/body/div[1]/div/div[2]/div/div[2]/form/div[2]/input'.</msg>
<arg>${CAMPO_EMAIL_CADASTRO}</arg>
<arg>email_teste@uorak.com</arg>
<doc>Types the given ``text`` into the text field identified by ``locator``.</doc>
<status status="PASS" start="2026-03-18T16:51:19.305127" elapsed="0.211811"/>
</kw>
<kw name="Input Text" owner="SeleniumLibrary">
<msg time="2026-03-18T16:51:19.520353" level="INFO">Typing text 'eumesmo123' into text field 'xpath=/html/body/div[1]/div/div[2]/div/div[2]/form/div[4]/div/input'.</msg>
<arg>${CAMPO_SENHA_CADASTRO}</arg>
<arg>eumesmo123</arg>
<doc>Types the given ``text`` into the text field identified by ``locator``.</doc>
<status status="PASS" start="2026-03-18T16:51:19.518346" elapsed="0.159433"/>
</kw>
<kw name="Input Text" owner="SeleniumLibrary">
<msg time="2026-03-18T16:51:19.678752" level="INFO">Typing text 'eumesmo123' into text field 'xpath=/html/body/div[1]/div/div[2]/div/div[2]/form/div[5]/div/input'.</msg>
<arg>${CAMPO_CONFIRMAR_SENHA}</arg>
<arg>eumesmo123</arg>
<doc>Types the given ``text`` into the text field identified by ``locator``.</doc>
<status status="PASS" start="2026-03-18T16:51:19.678175" elapsed="0.148719"/>
</kw>
<status status="PASS" start="2026-03-18T16:51:19.042830" elapsed="0.784297"/>
</kw>
<kw name="E confirmar o cadastro" owner="cadastroSteps">
<kw name="Click Button" owner="SeleniumLibrary">
<msg time="2026-03-18T16:51:19.828695" level="INFO">Clicking button 'xpath=/html/body/div[1]/div/div[2]/div/div[2]/form/button'.</msg>
<arg>${BOTAO_CADASTRAR}</arg>
<doc>Clicks the button identified by ``locator``.</doc>
<status status="PASS" start="2026-03-18T16:51:19.828050" elapsed="0.134378"/>
</kw>
<status status="PASS" start="2026-03-18T16:51:19.827480" elapsed="0.135188"/>
</kw>
<kw name="Wait Until Element Is Visible" owner="SeleniumLibrary">
<arg>${LOCAL_TEXTO_MODAL}</arg>
<arg>timeout=5s</arg>
<doc>Waits until the element ``locator`` is visible.</doc>
<status status="PASS" start="2026-03-18T16:51:19.962986" elapsed="0.257934"/>
</kw>
<kw name="Element Should Contain" owner="SeleniumLibrary">
<msg time="2026-03-18T16:51:20.261372" level="INFO">Element 'xpath=//*[@id="modalText"]' contains text 'criada com sucesso'.</msg>
<arg>${LOCAL_TEXTO_MODAL}</arg>
<arg>criada com sucesso</arg>
<doc>Verifies that element ``locator`` contains text ``expected``.</doc>
<status status="PASS" start="2026-03-18T16:51:20.221366" elapsed="0.040216"/>
</kw>
<kw name="Wait Until Element Is Visible" owner="SeleniumLibrary">
<arg>xpath=/html/body/div[1]/div/div[3]/div/div[1]/a</arg>
<arg>timeout=5s</arg>
<doc>Waits until the element ``locator`` is visible.</doc>
<status status="PASS" start="2026-03-18T16:51:20.261939" elapsed="0.031193"/>
</kw>
<kw name="Click Element" owner="SeleniumLibrary">
<msg time="2026-03-18T16:51:20.293705" level="INFO">Clicking element 'xpath=/html/body/div[1]/div/div[3]/div/div[1]/a'.</msg>
<arg>xpath=/html/body/div[1]/div/div[3]/div/div[1]/a</arg>
<doc>Click the element identified by ``locator``.</doc>
<status status="PASS" start="2026-03-18T16:51:20.293410" elapsed="0.085136"/>
</kw>
<status status="PASS" start="2026-03-18T16:51:18.988631" elapsed="1.390062"/>
</kw>
<kw name="Wait Until Element Is Visible" owner="SeleniumLibrary">
<arg>${CAMPO_EMAIL}</arg>
<arg>timeout=5s</arg>
<doc>Waits until the element ``locator`` is visible.</doc>
<status status="PASS" start="2026-03-18T16:51:20.378877" elapsed="0.034316"/>
</kw>
<kw name="Input Text" owner="SeleniumLibrary">
<msg time="2026-03-18T16:51:20.413929" level="INFO">Typing text 'email_teste@uorak.com' into text field 'xpath=/html/body/div[1]/div/div[2]/div/div[1]/form/div[1]/input'.</msg>
<arg>${CAMPO_EMAIL}</arg>
<arg>${EMAIL_VALIDO}</arg>
<doc>Types the given ``text`` into the text field identified by ``locator``.</doc>
<status status="PASS" start="2026-03-18T16:51:20.413484" elapsed="0.139824"/>
</kw>
<kw name="Input Text" owner="SeleniumLibrary">
<msg time="2026-03-18T16:51:20.553934" level="INFO">Typing text 'eumesmo123' into text field 'xpath=/html/body/div[1]/div/div[2]/div/div[1]/form/div[2]/div/input'.</msg>
<arg>${CAMPO_SENHA}</arg>
<arg>${SENHA_VALIDA}</arg>
<doc>Types the given ``text`` into the text field identified by ``locator``.</doc>
<status status="PASS" start="2026-03-18T16:51:20.553565" elapsed="0.121391"/>
</kw>
<kw name="E clicar no botão &quot;Acessar&quot;" owner="loginSteps">
<kw name="Wait Until Element Is Visible" owner="SeleniumLibrary">
<arg>${BOTAO_ACESSAR}</arg>
<arg>timeout=5s</arg>
<doc>Waits until the element ``locator`` is visible.</doc>
<status status="PASS" start="2026-03-18T16:51:20.675653" elapsed="0.024756"/>
</kw>
<kw name="Click Button" owner="SeleniumLibrary">
<msg time="2026-03-18T16:51:20.701753" level="INFO">Clicking button 'xpath=/html/body/div[1]/div/div[2]/div/div[1]/form/div[3]/button[1]'.</msg>
<arg>${BOTAO_ACESSAR}</arg>
<doc>Clicks the button identified by ``locator``.</doc>
<status status="PASS" start="2026-03-18T16:51:20.700908" elapsed="0.379941"/>
</kw>
<status status="PASS" start="2026-03-18T16:51:20.675276" elapsed="0.405825"/>
</kw>
<status status="PASS" start="2026-03-18T16:51:18.664169" elapsed="2.417080"/>
</kw>
<kw name="Então o sistema deve redirecionar para a página principal do usuário" owner="loginSteps">
<kw name="Wait Until Element Is Visible" owner="SeleniumLibrary">
<arg>${BOAS_VINDAS}</arg>
<arg>timeout=5s</arg>
<doc>Waits until the element ``locator`` is visible.</doc>
<status status="PASS" start="2026-03-18T16:51:21.084287" elapsed="0.247233"/>
</kw>
<kw name="Sleep" owner="BuiltIn">
<msg time="2026-03-18T16:51:23.332916" level="INFO">Slept 2 seconds.</msg>
<arg>2s</arg>
<doc>Pauses the test executed for the given time.</doc>
<status status="PASS" start="2026-03-18T16:51:21.331797" elapsed="2.001474"/>
</kw>
<kw name="Element Should Contain" owner="SeleniumLibrary">
<msg time="2026-03-18T16:51:23.373968" level="INFO">Element 'xpath=/html/body/div[1]/div/div[2]/div/div[2]/p[2]' contains text 'bem vindo ao BugBank'.</msg>
<arg>${BOAS_VINDAS}</arg>
<arg>${TEXTO_BOAS_VINDAS}</arg>
<doc>Verifies that element ``locator`` contains text ``expected``.</doc>
<status status="PASS" start="2026-03-18T16:51:23.333849" elapsed="0.040355"/>
</kw>
<status status="PASS" start="2026-03-18T16:51:21.083614" elapsed="2.290991"/>
</kw>
<kw name="Close All Browsers" owner="SeleniumLibrary" type="TEARDOWN">
<doc>Closes all open browsers and resets the browser cache.</doc>
<status status="PASS" start="2026-03-18T16:51:23.375692" elapsed="2.522885"/>
</kw>
<doc>Página de Login</doc>
<status status="PASS" start="2026-03-18T16:51:15.519919" elapsed="10.379739"/>
</test>
<doc>Teste exemplo Robot Framework.</doc>
<status status="PASS" start="2026-03-18T16:50:36.739263" elapsed="49.164783"/>
</suite>
<suite id="s1-s3" name="Transferencia" source="C:\Users\tonyk\Documents\Documentos_QA\Automações\BugBank_RobotFramework.Testes\Robot Framework\Tests\transferencia.robot">
<kw name="Open Browser To Login Page" owner="loginSteps" type="SETUP">
<kw name="Open Browser" owner="SeleniumLibrary">
<msg time="2026-03-18T16:51:25.945280" level="INFO">Opening browser 'chrome' to base url 'https://bugbank.netlify.app/'.</msg>
<arg>${BASE_URL}</arg>
<arg>chrome</arg>
<doc>Opens a new browser instance to the optional ``url``.</doc>
<status status="PASS" start="2026-03-18T16:51:25.944702" elapsed="2.561217"/>
</kw>
<kw name="Maximize Browser Window" owner="SeleniumLibrary">
<doc>Maximizes current browser window.</doc>
<status status="PASS" start="2026-03-18T16:51:28.506727" elapsed="0.618026"/>
</kw>
<kw name="Quando o usuário preencher o campo de email e senha com credenciais corretas" owner="loginSteps">
<kw name="Wait Until Element Is Visible" owner="SeleniumLibrary">
<arg>${BOTAO_REGISTRAR}</arg>
<arg>timeout=5s</arg>
<doc>Waits until the element ``locator`` is visible.</doc>
<status status="PASS" start="2026-03-18T16:51:29.125685" elapsed="0.075609"/>
</kw>
<kw name="Click Button" owner="SeleniumLibrary">
<msg time="2026-03-18T16:51:29.202785" level="INFO">Clicking button 'xpath=/html/body/div[1]/div/div[2]/div/div[1]/form/div[3]/button[2]'.</msg>
<arg>${BOTAO_REGISTRAR}</arg>
<doc>Clicks the button identified by ``locator``.</doc>
<status status="PASS" start="2026-03-18T16:51:29.202089" elapsed="0.175561"/>
</kw>
<kw name="Criação de conta com saldo de R$ 1.000,00" owner="cadastroSteps">
<kw name="E que o usuário ative a opção &quot;Criar conta com saldo&quot;" owner="cadastroSteps">
<kw name="Wait Until Element Is Visible" owner="SeleniumLibrary">
<arg>${BOTAO_CADASTRAR}</arg>
<arg>timeout=5s</arg>
<doc>Waits until the element ``locator`` is visible.</doc>
<status status="PASS" start="2026-03-18T16:51:29.379140" elapsed="0.039400"/>
</kw>
<kw name="Execute Javascript" owner="SeleniumLibrary">
<msg time="2026-03-18T16:51:29.419270" level="INFO">Executing JavaScript:
document.getElementById("toggleAddBalance").click()
Without any arguments.</msg>
<arg>document.getElementById("toggleAddBalance").click()</arg>
<doc>Executes the given JavaScript code with possible arguments.</doc>
<status status="PASS" start="2026-03-18T16:51:29.418778" elapsed="0.009020"/>
</kw>
<status status="PASS" start="2026-03-18T16:51:29.378834" elapsed="0.049143"/>
</kw>
<kw name="Quando o usuário preencher Nome, Email, Senha e Confirmação de senha corretamente" owner="cadastroSteps">
<kw name="Wait Until Element Is Visible" owner="SeleniumLibrary">
<arg>${BOTAO_CADASTRAR}</arg>
<arg>timeout=5s</arg>
<doc>Waits until the element ``locator`` is visible.</doc>
<status status="PASS" start="2026-03-18T16:51:29.428600" elapsed="0.023196"/>
</kw>
<kw name="Input Text" owner="SeleniumLibrary">
<msg time="2026-03-18T16:51:29.452379" level="INFO">Typing text 'Teste Automação' into text field 'xpath=/html/body/div[1]/div/div[2]/div/div[2]/form/div[3]/input'.</msg>
<arg>${CAMPO_NOME}</arg>
<arg>Teste Automação</arg>
<doc>Types the given ``text`` into the text field identified by ``locator``.</doc>
<status status="PASS" start="2026-03-18T16:51:29.452058" elapsed="0.205865"/>
</kw>
<kw name="Input Text" owner="SeleniumLibrary">
<msg time="2026-03-18T16:51:29.659221" level="INFO">Typing text 'email_teste@uorak.com' into text field 'xpath=/html/body/div[1]/div/div[2]/div/div[2]/form/div[2]/input'.</msg>
<arg>${CAMPO_EMAIL_CADASTRO}</arg>
<arg>email_teste@uorak.com</arg>
<doc>Types the given ``text`` into the text field identified by ``locator``.</doc>
<status status="PASS" start="2026-03-18T16:51:29.658633" elapsed="0.201005"/>
</kw>
<kw name="Input Text" owner="SeleniumLibrary">
<msg time="2026-03-18T16:51:29.861250" level="INFO">Typing text 'eumesmo123' into text field 'xpath=/html/body/div[1]/div/div[2]/div/div[2]/form/div[4]/div/input'.</msg>
<arg>${CAMPO_SENHA_CADASTRO}</arg>
<arg>eumesmo123</arg>
<doc>Types the given ``text`` into the text field identified by ``locator``.</doc>
<status status="PASS" start="2026-03-18T16:51:29.860579" elapsed="0.149410"/>
</kw>
<kw name="Input Text" owner="SeleniumLibrary">
<msg time="2026-03-18T16:51:30.010659" level="INFO">Typing text 'eumesmo123' into text field 'xpath=/html/body/div[1]/div/div[2]/div/div[2]/form/div[5]/div/input'.</msg>
<arg>${CAMPO_CONFIRMAR_SENHA}</arg>
<arg>eumesmo123</arg>
<doc>Types the given ``text`` into the text field identified by ``locator``.</doc>
<status status="PASS" start="2026-03-18T16:51:30.010289" elapsed="0.157671"/>
</kw>
<status status="PASS" start="2026-03-18T16:51:29.428291" elapsed="0.740229"/>
</kw>
<kw name="E confirmar o cadastro" owner="cadastroSteps">
<kw name="Click Button" owner="SeleniumLibrary">
<msg time="2026-03-18T16:51:30.170047" level="INFO">Clicking button 'xpath=/html/body/div[1]/div/div[2]/div/div[2]/form/button'.</msg>
<arg>${BOTAO_CADASTRAR}</arg>
<doc>Clicks the button identified by ``locator``.</doc>
<status status="PASS" start="2026-03-18T16:51:30.169531" elapsed="0.121403"/>
</kw>
<status status="PASS" start="2026-03-18T16:51:30.169008" elapsed="0.122097"/>
</kw>
<kw name="Wait Until Element Is Visible" owner="SeleniumLibrary">
<arg>${LOCAL_TEXTO_MODAL}</arg>
<arg>timeout=5s</arg>
<doc>Waits until the element ``locator`` is visible.</doc>
<status status="PASS" start="2026-03-18T16:51:30.291305" elapsed="0.262769"/>
</kw>
<kw name="Element Should Contain" owner="SeleniumLibrary">
<msg time="2026-03-18T16:51:30.588229" level="INFO">Element 'xpath=//*[@id="modalText"]' contains text 'criada com sucesso'.</msg>
<arg>${LOCAL_TEXTO_MODAL}</arg>
<arg>criada com sucesso</arg>
<doc>Verifies that element ``locator`` contains text ``expected``.</doc>
<status status="PASS" start="2026-03-18T16:51:30.554379" elapsed="0.034004"/>
</kw>
<kw name="Wait Until Element Is Visible" owner="SeleniumLibrary">
<arg>xpath=/html/body/div[1]/div/div[3]/div/div[1]/a</arg>
<arg>timeout=5s</arg>
<doc>Waits until the element ``locator`` is visible.</doc>
<status status="PASS" start="2026-03-18T16:51:30.588688" elapsed="0.025625"/>
</kw>
<kw name="Click Element" owner="SeleniumLibrary">
<msg time="2026-03-18T16:51:30.615984" level="INFO">Clicking element 'xpath=/html/body/div[1]/div/div[3]/div/div[1]/a'.</msg>
<arg>xpath=/html/body/div[1]/div/div[3]/div/div[1]/a</arg>
<doc>Click the element identified by ``locator``.</doc>
<status status="PASS" start="2026-03-18T16:51:30.615422" elapsed="0.099580"/>
</kw>
<status status="PASS" start="2026-03-18T16:51:29.378409" elapsed="1.337271"/>
</kw>
<kw name="Wait Until Element Is Visible" owner="SeleniumLibrary">
<arg>${CAMPO_EMAIL}</arg>
<arg>timeout=5s</arg>
<doc>Waits until the element ``locator`` is visible.</doc>
<status status="PASS" start="2026-03-18T16:51:30.716075" elapsed="0.036344"/>
</kw>
<kw name="Input Text" owner="SeleniumLibrary">
<msg time="2026-03-18T16:51:30.753017" level="INFO">Typing text 'email_teste@uorak.com' into text field 'xpath=/html/body/div[1]/div/div[2]/div/div[1]/form/div[1]/input'.</msg>
<arg>${CAMPO_EMAIL}</arg>
<arg>${EMAIL_VALIDO}</arg>
<doc>Types the given ``text`` into the text field identified by ``locator``.</doc>
<status status="PASS" start="2026-03-18T16:51:30.752675" elapsed="0.154316"/>
</kw>
<kw name="Input Text" owner="SeleniumLibrary">
<msg time="2026-03-18T16:51:30.908414" level="INFO">Typing text 'eumesmo123' into text field 'xpath=/html/body/div[1]/div/div[2]/div/div[1]/form/div[2]/div/input'.</msg>
<arg>${CAMPO_SENHA}</arg>
<arg>${SENHA_VALIDA}</arg>
<doc>Types the given ``text`` into the text field identified by ``locator``.</doc>
<status status="PASS" start="2026-03-18T16:51:30.907552" elapsed="0.127104"/>
</kw>
<kw name="E clicar no botão &quot;Acessar&quot;" owner="loginSteps">
<kw name="Wait Until Element Is Visible" owner="SeleniumLibrary">
<arg>${BOTAO_ACESSAR}</arg>
<arg>timeout=5s</arg>
<doc>Waits until the element ``locator`` is visible.</doc>
<status status="PASS" start="2026-03-18T16:51:31.035903" elapsed="0.033550"/>
</kw>
<kw name="Click Button" owner="SeleniumLibrary">
<msg time="2026-03-18T16:51:31.070294" level="INFO">Clicking button 'xpath=/html/body/div[1]/div/div[2]/div/div[1]/form/div[3]/button[1]'.</msg>
<arg>${BOTAO_ACESSAR}</arg>
<doc>Clicks the button identified by ``locator``.</doc>
<status status="PASS" start="2026-03-18T16:51:31.069806" elapsed="0.274149"/>
</kw>
<status status="PASS" start="2026-03-18T16:51:31.035248" elapsed="0.308859"/>
</kw>
<status status="PASS" start="2026-03-18T16:51:29.125263" elapsed="2.218939"/>
</kw>
<kw name="Então o sistema deve redirecionar para a página principal do usuário" owner="loginSteps">
<kw name="Wait Until Element Is Visible" owner="SeleniumLibrary">
<arg>${BOAS_VINDAS}</arg>
<arg>timeout=5s</arg>
<doc>Waits until the element ``locator`` is visible.</doc>
<status status="PASS" start="2026-03-18T16:51:31.344738" elapsed="0.236465"/>
</kw>
<kw name="Sleep" owner="BuiltIn">
<msg time="2026-03-18T16:51:33.582987" level="INFO">Slept 2 seconds.</msg>
<arg>2s</arg>
<doc>Pauses the test executed for the given time.</doc>
<status status="PASS" start="2026-03-18T16:51:31.582061" elapsed="2.001070"/>
</kw>
<kw name="Element Should Contain" owner="SeleniumLibrary">
<msg time="2026-03-18T16:51:33.607705" level="INFO">Element 'xpath=/html/body/div[1]/div/div[2]/div/div[2]/p[2]' contains text 'bem vindo ao BugBank'.</msg>
<arg>${BOAS_VINDAS}</arg>
<arg>${TEXTO_BOAS_VINDAS}</arg>
<doc>Verifies that element ``locator`` contains text ``expected``.</doc>
<status status="PASS" start="2026-03-18T16:51:33.583362" elapsed="0.024524"/>
</kw>
<status status="PASS" start="2026-03-18T16:51:31.344467" elapsed="2.263628"/>
</kw>
<status status="PASS" start="2026-03-18T16:51:25.944052" elapsed="7.664184"/>
</kw>
<test id="s1-s3-t1" name="CT001 – Transferência para conta inválida" line="10">
<kw name="Dado que o usuário esteja na página de transferência" owner="transferenciaSteps">
<kw name="Wait Until Element Is Visible" owner="SeleniumLibrary">
<arg>${BOTAO_TRANSFERENCIA}</arg>
<arg>timeout=5s</arg>
<doc>Waits until the element ``locator`` is visible.</doc>
<status status="PASS" start="2026-03-18T16:51:33.614897" elapsed="0.033066"/>
</kw>
<kw name="Execute Javascript" owner="SeleniumLibrary">
<msg time="2026-03-18T16:51:33.649199" level="INFO">Executing JavaScript:
document.getElementById("btn-TRANSFERÊNCIA").click()
Without any arguments.</msg>
<arg>document.getElementById("btn-TRANSFERÊNCIA").click()</arg>
<doc>Executes the given JavaScript code with possible arguments.</doc>
<status status="PASS" start="2026-03-18T16:51:33.648370" elapsed="0.015386"/>
</kw>
<kw name="Sleep" owner="BuiltIn">
<msg time="2026-03-18T16:51:34.665517" level="INFO">Slept 1 second.</msg>
<arg>1s</arg>
<doc>Pauses the test executed for the given time.</doc>
<status status="PASS" start="2026-03-18T16:51:33.664270" elapsed="1.001474"/>
</kw>
<kw name="Location Should Contain" owner="SeleniumLibrary">
<msg time="2026-03-18T16:51:34.676576" level="INFO">Current location contains '/transfer'.</msg>
<arg>/transfer</arg>
<doc>Verifies that the current URL contains ``expected``.</doc>
<status status="PASS" start="2026-03-18T16:51:34.666122" elapsed="0.010658"/>
</kw>
<status status="PASS" start="2026-03-18T16:51:33.614122" elapsed="1.062882"/>
</kw>
<kw name="Quando o usuário preencher os campos de transferência com uma conta de destino inválida" owner="transferenciaSteps">
<kw name="Input Text" owner="SeleniumLibrary">
<msg time="2026-03-18T16:51:34.679332" level="INFO">Typing text '1234' into text field 'xpath=/html/body/div[1]/div/div[3]/form/div[1]/div[1]/input'.</msg>
<arg>${CAMPO_CONTA_DESTINO}</arg>
<arg>1234</arg>
<doc>Types the given ``text`` into the text field identified by ``locator``.</doc>
<status status="PASS" start="2026-03-18T16:51:34.678758" elapsed="0.132180"/>
</kw>
<kw name="Input Text" owner="SeleniumLibrary">
<msg time="2026-03-18T16:51:34.811541" level="INFO">Typing text '01' into text field 'xpath=/html/body/div[1]/div/div[3]/form/div[1]/div[2]/input'.</msg>
<arg>${CAMPO_AGENCIA_DESTINO}</arg>
<arg>01</arg>
<doc>Types the given ``text`` into the text field identified by ``locator``.</doc>
<status status="PASS" start="2026-03-18T16:51:34.811202" elapsed="0.100560"/>
</kw>
<kw name="Input Text" owner="SeleniumLibrary">
<msg time="2026-03-18T16:51:34.913827" level="INFO">Typing text '100' into text field 'xpath=/html/body/div[1]/div/div[3]/form/div[2]/input'.</msg>
<arg>${CAMPO_VALOR_TRANSFERENCIA}</arg>
<arg>100</arg>
<doc>Types the given ``text`` into the text field identified by ``locator``.</doc>
<status status="PASS" start="2026-03-18T16:51:34.913131" elapsed="0.104518"/>
</kw>
<kw name="Input Text" owner="SeleniumLibrary">
<msg time="2026-03-18T16:51:35.019124" level="INFO">Typing text 'Teste transferência conta inválida' into text field 'xpath=/html/body/div[1]/div/div[3]/form/div[3]/input'.</msg>
<arg>${CAMPO_DESCRICAO_TRANSFERENCIA}</arg>
<arg>Teste transferência conta inválida</arg>
<doc>Types the given ``text`` into the text field identified by ``locator``.</doc>
<status status="PASS" start="2026-03-18T16:51:35.018210" elapsed="0.172567"/>
</kw>
<status status="PASS" start="2026-03-18T16:51:34.677997" elapsed="0.513178"/>
</kw>
<kw name="E confirmar a transferência" owner="transferenciaSteps">
<kw name="Click Element" owner="SeleniumLibrary">
<msg time="2026-03-18T16:51:35.192397" level="INFO">Clicking element 'xpath=/html/body/div[1]/div/div[3]/form/button'.</msg>
<arg>${BOTAO_TRANSFERIR}</arg>
<doc>Click the element identified by ``locator``.</doc>
<status status="PASS" start="2026-03-18T16:51:35.192099" elapsed="0.099606"/>
</kw>
<status status="PASS" start="2026-03-18T16:51:35.191657" elapsed="0.100215"/>
</kw>
<kw name="Então o sistema deve exibir uma mensagem de erro indicando que a conta de destino é inválida" owner="transferenciaSteps">
<kw name="Wait Until Element Is Visible" owner="SeleniumLibrary">
<arg>${LOCAL_TEXTO_MODAL}</arg>
<arg>timeout=5s</arg>
<doc>Waits until the element ``locator`` is visible.</doc>
<status status="PASS" start="2026-03-18T16:51:35.292836" elapsed="0.243147"/>
</kw>
<kw name="Element Should Contain" owner="SeleniumLibrary">
<msg time="2026-03-18T16:51:35.557234" level="INFO">Element 'xpath=//*[@id="modalText"]' contains text 'Conta inválida ou inexistente'.</msg>
<arg>${LOCAL_TEXTO_MODAL}</arg>
<arg>Conta inválida ou inexistente</arg>
<doc>Verifies that element ``locator`` contains text ``expected``.</doc>
<status status="PASS" start="2026-03-18T16:51:35.536215" elapsed="0.021151"/>
</kw>
<status status="PASS" start="2026-03-18T16:51:35.292395" elapsed="0.265114"/>
</kw>
<doc>Tentar realizar uma transferência para uma conta que não existe</doc>
<status status="PASS" start="2026-03-18T16:51:33.608393" elapsed="1.949564"/>
</test>
<kw name="Close Browser" owner="SeleniumLibrary" type="TEARDOWN">
<doc>Closes the current browser.</doc>
<status status="PASS" start="2026-03-18T16:51:35.559439" elapsed="2.596390"/>
</kw>
<status status="PASS" start="2026-03-18T16:51:25.910776" elapsed="12.245324"/>
</suite>
<status status="PASS" start="2026-03-18T16:49:51.763277" elapsed="106.396266"/>
</suite>
<statistics>
<total>
<stat pass="14" fail="0" skip="0">All Tests</stat>
</total>
<tag>
</tag>
<suite>
<stat name="Tests" id="s1" pass="14" fail="0" skip="0">Tests</stat>
<stat name="Cadastro" id="s1-s1" pass="6" fail="0" skip="0">Tests.Cadastro</stat>
<stat name="Login" id="s1-s2" pass="7" fail="0" skip="0">Tests.Login</stat>
<stat name="Transferencia" id="s1-s3" pass="1" fail="0" skip="0">Tests.Transferencia</stat>
</suite>
</statistics>
<errors>
</errors>
</robot>
