<?xml version="1.0" encoding="UTF-8"?>
<robot generator="Robot 7.4.1 (Python 3.13.12 on win32)" generated="2026-03-18T11:39:41.517440" rpa="false" schemaversion="5">
<suite id="s1" name="BugBank RobotFramework.Testes" source="C:\Users\tonyk\Documents\Documentos_QA\Automações\BugBank_RobotFramework.Testes">
<suite id="s1-s1" name="Robot Framework" source="C:\Users\tonyk\Documents\Documentos_QA\Automações\BugBank_RobotFramework.Testes\Robot Framework">
<suite id="s1-s1-s1" name="Tests" source="C:\Users\tonyk\Documents\Documentos_QA\Automações\BugBank_RobotFramework.Testes\Robot Framework\Tests">
<suite id="s1-s1-s1-s1" name="Cadastro" source="C:\Users\tonyk\Documents\Documentos_QA\Automações\BugBank_RobotFramework.Testes\Robot Framework\Tests\cadastro.robot">
<test id="s1-s1-s1-s1-t1" name="CT001 – Cadastro sem preencher nome" line="11">
<kw name="Open Browser" owner="SeleniumLibrary" type="SETUP">
<msg time="2026-03-18T11:39:42.096555" level="INFO">Opening browser 'chrome' to base url 'https://bugbank.netlify.app/'.</msg>
<arg>${BASE_URL}</arg>
<arg>chrome</arg>
<doc>Opens a new browser instance to the optional ``url``.</doc>
<status status="PASS" start="2026-03-18T11:39:42.095448" elapsed="2.727010"/>
</kw>
<kw name="Dado que o usuário esteja na página de cadastro" owner="cadastroSteps">
<kw name="Maximize Browser Window" owner="SeleniumLibrary">
<doc>Maximizes current browser window.</doc>
<status status="PASS" start="2026-03-18T11:39:44.838351" elapsed="1.769273"/>
</kw>
<kw name="Wait Until Element Is Visible" owner="SeleniumLibrary">
<arg>${BOTAO_REGISTRAR}</arg>
<arg>timeout=5s</arg>
<doc>Waits until the element ``locator`` is visible.</doc>
<status status="PASS" start="2026-03-18T11:39:46.608337" elapsed="0.040239"/>
</kw>
<kw name="Click Button" owner="SeleniumLibrary">
<msg time="2026-03-18T11:39:46.649580" level="INFO">Clicking button 'xpath=/html/body/div[1]/div/div[2]/div/div[1]/form/div[3]/button[2]'.</msg>
<arg>${BOTAO_REGISTRAR}</arg>
<doc>Clicks the button identified by ``locator``.</doc>
<status status="PASS" start="2026-03-18T11:39:46.648936" elapsed="0.138177"/>
</kw>
<status status="PASS" start="2026-03-18T11:39:44.836877" elapsed="1.950832"/>
</kw>
<kw name="Quando o usuário tentar cadastrar sem preencher o campo &quot;Nome&quot;" owner="cadastroSteps">
<kw name="Wait Until Element Is Visible" owner="SeleniumLibrary">
<arg>${BOTAO_CADASTRAR}</arg>
<arg>timeout=5s</arg>
<doc>Waits until the element ``locator`` is visible.</doc>
<status status="PASS" start="2026-03-18T11:39:46.792250" elapsed="0.049260"/>
</kw>
<kw name="Input Text" owner="SeleniumLibrary">
<msg time="2026-03-18T11:39:46.842513" level="INFO">Typing text 'dsadsad@dsads.com' into text field 'xpath=/html/body/div[1]/div/div[2]/div/div[2]/form/div[2]/input'.</msg>
<arg>${CAMPO_EMAIL_CADASTRO}</arg>
<arg>dsadsad@dsads.com</arg>
<doc>Types the given ``text`` into the text field identified by ``locator``.</doc>
<status status="PASS" start="2026-03-18T11:39:46.841824" elapsed="0.219824"/>
</kw>
<kw name="Input Text" owner="SeleniumLibrary">
<msg time="2026-03-18T11:39:47.064440" level="INFO">Typing text 'eumesmo123' into text field 'xpath=/html/body/div[1]/div/div[2]/div/div[2]/form/div[4]/div/input'.</msg>
<arg>${CAMPO_SENHA_CADASTRO}</arg>
<arg>eumesmo123</arg>
<doc>Types the given ``text`` into the text field identified by ``locator``.</doc>
<status status="PASS" start="2026-03-18T11:39:47.062770" elapsed="0.157704"/>
</kw>
<kw name="Input Text" owner="SeleniumLibrary">
<msg time="2026-03-18T11:39:47.223016" level="INFO">Typing text 'eumesmo123' into text field 'xpath=/html/body/div[1]/div/div[2]/div/div[2]/form/div[5]/div/input'.</msg>
<arg>${CAMPO_CONFIRMAR_SENHA}</arg>
<arg>eumesmo123</arg>
<doc>Types the given ``text`` into the text field identified by ``locator``.</doc>
<status status="PASS" start="2026-03-18T11:39:47.221181" elapsed="0.154873"/>
</kw>
<kw name="Click Button" owner="SeleniumLibrary">
<msg time="2026-03-18T11:39:47.381340" level="INFO">Clicking button 'xpath=/html/body/div[1]/div/div[2]/div/div[2]/form/button'.</msg>
<arg>${BOTAO_CADASTRAR}</arg>
<doc>Clicks the button identified by ``locator``.</doc>
<status status="PASS" start="2026-03-18T11:39:47.376603" elapsed="0.157435"/>
</kw>
<status status="PASS" start="2026-03-18T11:39:46.791442" elapsed="0.743528"/>
</kw>
<kw name="Então o sistema deve exibir a mensagem &quot;Nome não pode ser vazio&quot;" owner="cadastroSteps">
<kw name="Wait Until Element Is Visible" owner="SeleniumLibrary">
<arg>${LOCAL_TEXTO_MODAL}</arg>
<arg>timeout=5s</arg>
<doc>Waits until the element ``locator`` is visible.</doc>
<status status="PASS" start="2026-03-18T11:39:47.536815" elapsed="0.250665"/>
</kw>
<kw name="Element Should Contain" owner="SeleniumLibrary">
<msg time="2026-03-18T11:39:47.819555" level="INFO">Element 'xpath=//*[@id="modalText"]' contains text 'Nome não pode ser vazio'.</msg>
<arg>${LOCAL_TEXTO_MODAL}</arg>
<arg>Nome não pode ser vazio</arg>
<doc>Verifies that element ``locator`` contains text ``expected``.</doc>
<status status="PASS" start="2026-03-18T11:39:47.787852" elapsed="0.032718"/>
</kw>
<status status="PASS" start="2026-03-18T11:39:47.535830" elapsed="0.285837"/>
</kw>
<kw name="Close All Browsers" owner="SeleniumLibrary" type="TEARDOWN">
<doc>Closes all open browsers and resets the browser cache.</doc>
<status status="PASS" start="2026-03-18T11:39:47.822775" elapsed="2.604342"/>
</kw>
<doc>Página de Cadastro</doc>
<status status="PASS" start="2026-03-18T11:39:42.086501" elapsed="8.341292"/>
</test>
<test id="s1-s1-s1-s1-t2" name="CT002 – Cadastro sem preencher email" line="17">
<kw name="Open Browser" owner="SeleniumLibrary" type="SETUP">
<msg time="2026-03-18T11:39:50.444476" level="INFO">Opening browser 'chrome' to base url 'https://bugbank.netlify.app/'.</msg>
<arg>${BASE_URL}</arg>
<arg>chrome</arg>
<doc>Opens a new browser instance to the optional ``url``.</doc>
<status status="PASS" start="2026-03-18T11:39:50.443352" elapsed="2.805269"/>
</kw>
<kw name="Dado que o usuário esteja na página de cadastro" owner="cadastroSteps">
<kw name="Maximize Browser Window" owner="SeleniumLibrary">
<doc>Maximizes current browser window.</doc>
<status status="PASS" start="2026-03-18T11:39:53.251832" elapsed="0.622925"/>
</kw>
<kw name="Wait Until Element Is Visible" owner="SeleniumLibrary">
<arg>${BOTAO_REGISTRAR}</arg>
<arg>timeout=5s</arg>
<doc>Waits until the element ``locator`` is visible.</doc>
<status status="PASS" start="2026-03-18T11:39:53.876563" elapsed="0.063036"/>
</kw>
<kw name="Click Button" owner="SeleniumLibrary">
<msg time="2026-03-18T11:39:53.940551" level="INFO">Clicking button 'xpath=/html/body/div[1]/div/div[2]/div/div[1]/form/div[3]/button[2]'.</msg>
<arg>${BOTAO_REGISTRAR}</arg>
<doc>Clicks the button identified by ``locator``.</doc>
<status status="PASS" start="2026-03-18T11:39:53.939941" elapsed="0.185275"/>
</kw>
<status status="PASS" start="2026-03-18T11:39:53.250323" elapsed="0.879494"/>
</kw>
<kw name="Quando o usuário tentar cadastrar sem preencher o campo &quot;Email&quot;" owner="cadastroSteps">
<kw name="Wait Until Element Is Visible" owner="SeleniumLibrary">
<arg>${BOTAO_CADASTRAR}</arg>
<arg>timeout=5s</arg>
<doc>Waits until the element ``locator`` is visible.</doc>
<status status="PASS" start="2026-03-18T11:39:54.133928" elapsed="0.049647"/>
</kw>
<kw name="Input Text" owner="SeleniumLibrary">
<msg time="2026-03-18T11:39:54.184918" level="INFO">Typing text 'Teste Automação' into text field 'xpath=/html/body/div[1]/div/div[2]/div/div[2]/form/div[3]/input'.</msg>
<arg>${CAMPO_NOME}</arg>
<arg>Teste Automação</arg>
<doc>Types the given ``text`` into the text field identified by ``locator``.</doc>
<status status="PASS" start="2026-03-18T11:39:54.184247" elapsed="0.249442"/>
</kw>
<kw name="Input Text" owner="SeleniumLibrary">
<msg time="2026-03-18T11:39:54.435122" level="INFO">Typing text 'eumesmo123' into text field 'xpath=/html/body/div[1]/div/div[2]/div/div[2]/form/div[4]/div/input'.</msg>
<arg>${CAMPO_SENHA_CADASTRO}</arg>
<arg>eumesmo123</arg>
<doc>Types the given ``text`` into the text field identified by ``locator``.</doc>
<status status="PASS" start="2026-03-18T11:39:54.434241" elapsed="0.182466"/>
</kw>
<kw name="Input Text" owner="SeleniumLibrary">
<msg time="2026-03-18T11:39:54.617888" level="INFO">Typing text 'eumesmo123' into text field 'xpath=/html/body/div[1]/div/div[2]/div/div[2]/form/div[5]/div/input'.</msg>
<arg>${CAMPO_CONFIRMAR_SENHA}</arg>
<arg>eumesmo123</arg>
<doc>Types the given ``text`` into the text field identified by ``locator``.</doc>
<status status="PASS" start="2026-03-18T11:39:54.617262" elapsed="0.170539"/>
</kw>
<kw name="Click Button" owner="SeleniumLibrary">
<msg time="2026-03-18T11:39:54.789746" level="INFO">Clicking button 'xpath=/html/body/div[1]/div/div[2]/div/div[2]/form/button'.</msg>
<arg>${BOTAO_CADASTRAR}</arg>
<doc>Clicks the button identified by ``locator``.</doc>
<status status="PASS" start="2026-03-18T11:39:54.788381" elapsed="0.150727"/>
</kw>
<status status="PASS" start="2026-03-18T11:39:54.132932" elapsed="0.806596"/>
</kw>
<kw name="Então o sistema deve exibir a mensagem &quot;Email não pode ser vazio&quot;" owner="cadastroSteps">
<kw name="Wait Until Element Is Visible" owner="SeleniumLibrary">
<arg>${LOCAL_TEXTO_EMAIL}</arg>
<arg>timeout=5s</arg>
<doc>Waits until the element ``locator`` is visible.</doc>
<status status="PASS" start="2026-03-18T11:39:54.941121" elapsed="0.036668"/>
</kw>
<kw name="Element Should Contain" owner="SeleniumLibrary">
<msg time="2026-03-18T11:39:55.016323" level="INFO">Element 'xpath=/html/body/div[1]/div/div[2]/div/div[2]/form/div[2]/p' contains text 'É campo obrigatório'.</msg>
<arg>${LOCAL_TEXTO_EMAIL}</arg>
<arg>É campo obrigatório</arg>
<doc>Verifies that element ``locator`` contains text ``expected``.</doc>
<status status="PASS" start="2026-03-18T11:39:54.978803" elapsed="0.038061"/>
</kw>
<status status="PASS" start="2026-03-18T11:39:54.940335" elapsed="0.076890"/>
</kw>
<kw name="Close All Browsers" owner="SeleniumLibrary" type="TEARDOWN">
<doc>Closes all open browsers and resets the browser cache.</doc>
<status status="PASS" start="2026-03-18T11:39:55.018326" elapsed="2.424589"/>
</kw>
<doc>Página de Cadastro</doc>
<status status="PASS" start="2026-03-18T11:39:50.435985" elapsed="7.008588"/>
</test>
<test id="s1-s1-s1-s1-t3" name="CT003 – Cadastro sem preencher senha" line="23">
<kw name="Open Browser" owner="SeleniumLibrary" type="SETUP">
<msg time="2026-03-18T11:39:57.499887" level="INFO">Opening browser 'chrome' to base url 'https://bugbank.netlify.app/'.</msg>
<arg>${BASE_URL}</arg>
<arg>chrome</arg>
<doc>Opens a new browser instance to the optional ``url``.</doc>
<status status="PASS" start="2026-03-18T11:39:57.498772" elapsed="4.916586"/>
</kw>
<kw name="Dado que o usuário esteja na página de cadastro" owner="cadastroSteps">
<kw name="Maximize Browser Window" owner="SeleniumLibrary">
<doc>Maximizes current browser window.</doc>
<status status="PASS" start="2026-03-18T11:40:02.417571" elapsed="0.055054"/>
</kw>
<kw name="Wait Until Element Is Visible" owner="SeleniumLibrary">
<arg>${BOTAO_REGISTRAR}</arg>
<arg>timeout=5s</arg>
<doc>Waits until the element ``locator`` is visible.</doc>
<status status="PASS" start="2026-03-18T11:40:02.473348" elapsed="0.069136"/>
</kw>
<kw name="Click Button" owner="SeleniumLibrary">
<msg time="2026-03-18T11:40:02.543564" level="INFO">Clicking button 'xpath=/html/body/div[1]/div/div[2]/div/div[1]/form/div[3]/button[2]'.</msg>
<arg>${BOTAO_REGISTRAR}</arg>
<doc>Clicks the button identified by ``locator``.</doc>
<status status="PASS" start="2026-03-18T11:40:02.542886" elapsed="0.190316"/>
</kw>
<status status="PASS" start="2026-03-18T11:40:02.416233" elapsed="0.318954"/>
</kw>
<kw name="Quando o usuário tentar cadastrar sem preencher o campo &quot;Senha&quot;" owner="cadastroSteps">
<kw name="Wait Until Element Is Visible" owner="SeleniumLibrary">
<arg>${BOTAO_CADASTRAR}</arg>
<arg>timeout=5s</arg>
<doc>Waits until the element ``locator`` is visible.</doc>
<status status="PASS" start="2026-03-18T11:40:02.736740" elapsed="0.032254"/>
</kw>
<kw name="Input Text" owner="SeleniumLibrary">
<msg time="2026-03-18T11:40:02.770595" level="INFO">Typing text 'Teste Automação' into text field 'xpath=/html/body/div[1]/div/div[2]/div/div[2]/form/div[3]/input'.</msg>
<arg>${CAMPO_NOME}</arg>
<arg>Teste Automação</arg>
<doc>Types the given ``text`` into the text field identified by ``locator``.</doc>
<status status="PASS" start="2026-03-18T11:40:02.769566" elapsed="0.240455"/>
</kw>
<kw name="Input Text" owner="SeleniumLibrary">
<msg time="2026-03-18T11:40:03.013540" level="INFO">Typing text 'dsadsad@dsads.com' into text field 'xpath=/html/body/div[1]/div/div[2]/div/div[2]/form/div[2]/input'.</msg>
<arg>${CAMPO_EMAIL_CADASTRO}</arg>
<arg>dsadsad@dsads.com</arg>
<doc>Types the given ``text`` into the text field identified by ``locator``.</doc>
<status status="PASS" start="2026-03-18T11:40:03.010749" elapsed="0.206641"/>
</kw>
<kw name="Input Text" owner="SeleniumLibrary">
<msg time="2026-03-18T11:40:03.220658" level="INFO">Typing text 'eumesmo123' into text field 'xpath=/html/body/div[1]/div/div[2]/div/div[2]/form/div[5]/div/input'.</msg>
<arg>${CAMPO_CONFIRMAR_SENHA}</arg>
<arg>eumesmo123</arg>
<doc>Types the given ``text`` into the text field identified by ``locator``.</doc>
<status status="PASS" start="2026-03-18T11:40:03.218018" elapsed="0.198636"/>
</kw>
<kw name="Click Button" owner="SeleniumLibrary">
<msg time="2026-03-18T11:40:03.418139" level="INFO">Clicking button 'xpath=/html/body/div[1]/div/div[2]/div/div[2]/form/button'.</msg>
<arg>${BOTAO_CADASTRAR}</arg>
<doc>Clicks the button identified by ``locator``.</doc>
<status status="PASS" start="2026-03-18T11:40:03.417152" elapsed="0.153544"/>
</kw>
<status status="PASS" start="2026-03-18T11:40:02.735939" elapsed="0.835032"/>
</kw>
<kw name="Então o sistema deve exibir a mensagem &quot;Senha não pode ser vazio&quot;" owner="cadastroSteps">
<kw name="Wait Until Element Is Visible" owner="SeleniumLibrary">
<arg>${LOCAL_TEXTO_SENHA}</arg>
<arg>timeout=5s</arg>
<doc>Waits until the element ``locator`` is visible.</doc>
<status status="PASS" start="2026-03-18T11:40:03.572833" elapsed="0.042183"/>
</kw>
<kw name="Element Should Contain" owner="SeleniumLibrary">
<msg time="2026-03-18T11:40:03.650631" level="INFO">Element 'xpath=/html/body/div[1]/div/div[2]/div/div[2]/form/div[4]/div/p' contains text 'É campo obrigatório'.</msg>
<arg>${LOCAL_TEXTO_SENHA}</arg>
<arg>É campo obrigatório</arg>
<doc>Verifies that element ``locator`` contains text ``expected``.</doc>
<status status="PASS" start="2026-03-18T11:40:03.615370" elapsed="0.035632"/>
</kw>
<status status="PASS" start="2026-03-18T11:40:03.571630" elapsed="0.079595"/>
</kw>
<kw name="Close All Browsers" owner="SeleniumLibrary" type="TEARDOWN">
<doc>Closes all open browsers and resets the browser cache.</doc>
<status status="PASS" start="2026-03-18T11:40:03.652001" elapsed="2.455983"/>
</kw>
<doc>Página de Cadastro</doc>
<status status="PASS" start="2026-03-18T11:39:57.469612" elapsed="8.640214"/>
</test>
<test id="s1-s1-s1-s1-t4" name="CT004 – Cadastro sem preencher confirmação de senha" line="29">
<kw name="Open Browser" owner="SeleniumLibrary" type="SETUP">
<msg time="2026-03-18T11:40:06.176110" level="INFO">Opening browser 'chrome' to base url 'https://bugbank.netlify.app/'.</msg>
<arg>${BASE_URL}</arg>
<arg>chrome</arg>
<doc>Opens a new browser instance to the optional ``url``.</doc>
<status status="PASS" start="2026-03-18T11:40:06.174754" elapsed="2.398811"/>
</kw>
<kw name="Dado que o usuário esteja na página de cadastro" owner="cadastroSteps">
<kw name="Maximize Browser Window" owner="SeleniumLibrary">
<doc>Maximizes current browser window.</doc>
<status status="PASS" start="2026-03-18T11:40:08.602742" elapsed="0.693740"/>
</kw>
<kw name="Wait Until Element Is Visible" owner="SeleniumLibrary">
<arg>${BOTAO_REGISTRAR}</arg>
<arg>timeout=5s</arg>
<doc>Waits until the element ``locator`` is visible.</doc>
<status status="PASS" start="2026-03-18T11:40:09.296922" elapsed="0.068499"/>
</kw>
<kw name="Click Button" owner="SeleniumLibrary">
<msg time="2026-03-18T11:40:09.367757" level="INFO">Clicking button 'xpath=/html/body/div[1]/div/div[2]/div/div[1]/form/div[3]/button[2]'.</msg>
<arg>${BOTAO_REGISTRAR}</arg>
<doc>Clicks the button identified by ``locator``.</doc>
<status status="PASS" start="2026-03-18T11:40:09.366853" elapsed="0.186924"/>
</kw>
<status status="PASS" start="2026-03-18T11:40:08.601471" elapsed="0.952705"/>
</kw>
<kw name="Quando o usuário tentar cadastrar sem preencher o campo &quot;Confirmação de senha&quot;" owner="cadastroSteps">
<kw name="Wait Until Element Is Visible" owner="SeleniumLibrary">
<arg>${BOTAO_CADASTRAR}</arg>
<arg>timeout=5s</arg>
<doc>Waits until the element ``locator`` is visible.</doc>
<status status="PASS" start="2026-03-18T11:40:09.556230" elapsed="0.042303"/>
</kw>
<kw name="Input Text" owner="SeleniumLibrary">
<msg time="2026-03-18T11:40:09.599754" level="INFO">Typing text 'Teste Automação' into text field 'xpath=/html/body/div[1]/div/div[2]/div/div[2]/form/div[3]/input'.</msg>
<arg>${CAMPO_NOME}</arg>
<arg>Teste Automação</arg>
<doc>Types the given ``text`` into the text field identified by ``locator``.</doc>
<status status="PASS" start="2026-03-18T11:40:09.598875" elapsed="0.231864"/>
</kw>
<kw name="Input Text" owner="SeleniumLibrary">
<msg time="2026-03-18T11:40:09.831855" level="INFO">Typing text 'dsadsad@dsads.com' into text field 'xpath=/html/body/div[1]/div/div[2]/div/div[2]/form/div[2]/input'.</msg>
<arg>${CAMPO_EMAIL_CADASTRO}</arg>
<arg>dsadsad@dsads.com</arg>
<doc>Types the given ``text`` into the text field identified by ``locator``.</doc>
<status status="PASS" start="2026-03-18T11:40:09.831188" elapsed="0.213227"/>
</kw>
<kw name="Input Text" owner="SeleniumLibrary">
<msg time="2026-03-18T11:40:10.046675" level="INFO">Typing text 'eumesmo123' into text field 'xpath=/html/body/div[1]/div/div[2]/div/div[2]/form/div[4]/div/input'.</msg>
<arg>${CAMPO_SENHA_CADASTRO}</arg>
<arg>eumesmo123</arg>
<doc>Types the given ``text`` into the text field identified by ``locator``.</doc>
<status status="PASS" start="2026-03-18T11:40:10.045242" elapsed="0.185498"/>
</kw>
<kw name="Click Button" owner="SeleniumLibrary">
<msg time="2026-03-18T11:40:10.231763" level="INFO">Clicking button 'xpath=/html/body/div[1]/div/div[2]/div/div[2]/form/button'.</msg>
<arg>${BOTAO_CADASTRAR}</arg>
<doc>Clicks the button identified by ``locator``.</doc>
<status status="PASS" start="2026-03-18T11:40:10.231137" elapsed="0.150082"/>
</kw>
<status status="PASS" start="2026-03-18T11:40:09.554863" elapsed="0.826636"/>
</kw>
<kw name="Então o sistema deve exibir a mensagem &quot;Confirmação de senha não pode ser vazio&quot;" owner="cadastroSteps">
<kw name="Wait Until Element Is Visible" owner="SeleniumLibrary">
<arg>${LOCAL_TEXTO_CONFIRMAR_SENHA}</arg>
<arg>timeout=5s</arg>
<doc>Waits until the element ``locator`` is visible.</doc>
<status status="PASS" start="2026-03-18T11:40:10.383691" elapsed="0.062950"/>
</kw>
<kw name="Element Should Contain" owner="SeleniumLibrary">
<msg time="2026-03-18T11:40:10.485596" level="INFO">Element 'xpath=/html/body/div[1]/div/div[2]/div/div[2]/form/div[5]/div/p' contains text 'É campo obrigatório'.</msg>
<arg>${LOCAL_TEXTO_CONFIRMAR_SENHA}</arg>
<arg>É campo obrigatório</arg>
<doc>Verifies that element ``locator`` contains text ``expected``.</doc>
<status status="PASS" start="2026-03-18T11:40:10.447556" elapsed="0.038519"/>
</kw>
<status status="PASS" start="2026-03-18T11:40:10.382283" elapsed="0.104079"/>
</kw>
<kw name="Close All Browsers" owner="SeleniumLibrary" type="TEARDOWN">
<doc>Closes all open browsers and resets the browser cache.</doc>
<status status="PASS" start="2026-03-18T11:40:10.487224" elapsed="2.420661"/>
</kw>
<doc>Página de Cadastro</doc>
<status status="PASS" start="2026-03-18T11:40:06.130330" elapsed="6.778914"/>
</test>
<test id="s1-s1-s1-s1-t5" name="CT005 – Cadastro com opção Criar conta com saldo" line="35">
<kw name="Open Browser" owner="SeleniumLibrary" type="SETUP">
<msg time="2026-03-18T11:40:12.980057" level="INFO">Opening browser 'chrome' to base url 'https://bugbank.netlify.app/'.</msg>
<arg>${BASE_URL}</arg>
<arg>chrome</arg>
<doc>Opens a new browser instance to the optional ``url``.</doc>
<status status="PASS" start="2026-03-18T11:40:12.978903" elapsed="3.898171"/>
</kw>
<kw name="Dado que o usuário esteja na página de cadastro" owner="cadastroSteps">
<kw name="Maximize Browser Window" owner="SeleniumLibrary">
<doc>Maximizes current browser window.</doc>
<status status="PASS" start="2026-03-18T11:40:16.879325" elapsed="0.058900"/>
</kw>
<kw name="Wait Until Element Is Visible" owner="SeleniumLibrary">
<arg>${BOTAO_REGISTRAR}</arg>
<arg>timeout=5s</arg>
<doc>Waits until the element ``locator`` is visible.</doc>
<status status="PASS" start="2026-03-18T11:40:16.938881" elapsed="0.075110"/>
</kw>
<kw name="Click Button" owner="SeleniumLibrary">
<msg time="2026-03-18T11:40:17.014949" level="INFO">Clicking button 'xpath=/html/body/div[1]/div/div[2]/div/div[1]/form/div[3]/button[2]'.</msg>
<arg>${BOTAO_REGISTRAR}</arg>
<doc>Clicks the button identified by ``locator``.</doc>
<status status="PASS" start="2026-03-18T11:40:17.014333" elapsed="0.182315"/>
</kw>
<status status="PASS" start="2026-03-18T11:40:16.878260" elapsed="0.319206"/>
</kw>
<kw name="E que o usuário ative a opção &quot;Criar conta com saldo&quot;" owner="cadastroSteps">
<kw name="Wait Until Element Is Visible" owner="SeleniumLibrary">
<arg>${BOTAO_CADASTRAR}</arg>
<arg>timeout=5s</arg>
<doc>Waits until the element ``locator`` is visible.</doc>
<status status="PASS" start="2026-03-18T11:40:17.199459" elapsed="0.048804"/>
</kw>
<kw name="Execute Javascript" owner="SeleniumLibrary">
<msg time="2026-03-18T11:40:17.249864" level="INFO">Executing JavaScript:
document.getElementById("toggleAddBalance").click()
Without any arguments.</msg>
<arg>document.getElementById("toggleAddBalance").click()</arg>
<doc>Executes the given JavaScript code with possible arguments.</doc>
<status status="PASS" start="2026-03-18T11:40:17.248739" elapsed="0.019054"/>
</kw>
<status status="PASS" start="2026-03-18T11:40:17.198388" elapsed="0.069652"/>
</kw>
<kw name="Quando o usuário preencher Nome, Email, Senha e Confirmação de senha corretamente" owner="cadastroSteps">
<kw name="Wait Until Element Is Visible" owner="SeleniumLibrary">
<arg>${BOTAO_CADASTRAR}</arg>
<arg>timeout=5s</arg>
<doc>Waits until the element ``locator`` is visible.</doc>
<status status="PASS" start="2026-03-18T11:40:17.269411" elapsed="0.031194"/>
</kw>
<kw name="Input Text" owner="SeleniumLibrary">
<msg time="2026-03-18T11:40:17.301591" level="INFO">Typing text 'Teste Automação' into text field 'xpath=/html/body/div[1]/div/div[2]/div/div[2]/form/div[3]/input'.</msg>
<arg>${CAMPO_NOME}</arg>
<arg>Teste Automação</arg>
<doc>Types the given ``text`` into the text field identified by ``locator``.</doc>
<status status="PASS" start="2026-03-18T11:40:17.300984" elapsed="0.239606"/>
</kw>
<kw name="Input Text" owner="SeleniumLibrary">
<msg time="2026-03-18T11:40:17.541513" level="INFO">Typing text 'email_teste@uorak.com' into text field 'xpath=/html/body/div[1]/div/div[2]/div/div[2]/form/div[2]/input'.</msg>
<arg>${CAMPO_EMAIL_CADASTRO}</arg>
<arg>email_teste@uorak.com</arg>
<doc>Types the given ``text`` into the text field identified by ``locator``.</doc>
<status status="PASS" start="2026-03-18T11:40:17.540929" elapsed="0.227447"/>
</kw>
<kw name="Input Text" owner="SeleniumLibrary">
<msg time="2026-03-18T11:40:17.769302" level="INFO">Typing text 'eumesmo123' into text field 'xpath=/html/body/div[1]/div/div[2]/div/div[2]/form/div[4]/div/input'.</msg>
<arg>${CAMPO_SENHA_CADASTRO}</arg>
<arg>eumesmo123</arg>
<doc>Types the given ``text`` into the text field identified by ``locator``.</doc>
<status status="PASS" start="2026-03-18T11:40:17.768710" elapsed="0.183674"/>
</kw>
<kw name="Input Text" owner="SeleniumLibrary">
<msg time="2026-03-18T11:40:17.954029" level="INFO">Typing text 'eumesmo123' into text field 'xpath=/html/body/div[1]/div/div[2]/div/div[2]/form/div[5]/div/input'.</msg>
<arg>${CAMPO_CONFIRMAR_SENHA}</arg>
<arg>eumesmo123</arg>
<doc>Types the given ``text`` into the text field identified by ``locator``.</doc>
<status status="PASS" start="2026-03-18T11:40:17.953175" elapsed="0.153208"/>
</kw>
<status status="PASS" start="2026-03-18T11:40:17.268651" elapsed="0.838246"/>
</kw>
<kw name="E confirmar o cadastro" owner="cadastroSteps">
<kw name="Click Button" owner="SeleniumLibrary">
<msg time="2026-03-18T11:40:18.110870" level="INFO">Clicking button 'xpath=/html/body/div[1]/div/div[2]/div/div[2]/form/button'.</msg>
<arg>${BOTAO_CADASTRAR}</arg>
<doc>Clicks the button identified by ``locator``.</doc>
<status status="PASS" start="2026-03-18T11:40:18.110274" elapsed="0.158140"/>
</kw>
<status status="PASS" start="2026-03-18T11:40:18.109473" elapsed="0.159290"/>
</kw>
<kw name="Então o sistema deve criar a conta com saldo de R$ 1.000,00" owner="cadastroSteps">
<kw name="Wait Until Element Is Visible" owner="SeleniumLibrary">
<arg>${LOCAL_TEXTO_MODAL}</arg>
<arg>timeout=5s</arg>
<doc>Waits until the element ``locator`` is visible.</doc>
<status status="PASS" start="2026-03-18T11:40:18.271887" elapsed="0.278259"/>
</kw>
<kw name="Element Should Contain" owner="SeleniumLibrary">
<msg time="2026-03-18T11:40:18.594957" level="INFO">Element 'xpath=//*[@id="modalText"]' contains text 'criada com sucesso'.</msg>
<arg>${LOCAL_TEXTO_MODAL}</arg>
<arg>criada com sucesso</arg>
<doc>Verifies that element ``locator`` contains text ``expected``.</doc>
<status status="PASS" start="2026-03-18T11:40:18.550595" elapsed="0.045026"/>
</kw>
<status status="PASS" start="2026-03-18T11:40:18.269665" elapsed="0.326254"/>
</kw>
<kw name="Close All Browsers" owner="SeleniumLibrary" type="TEARDOWN">
<doc>Closes all open browsers and resets the browser cache.</doc>
<status status="PASS" start="2026-03-18T11:40:18.596851" elapsed="2.590607"/>
</kw>
<doc>Página de Cadastro</doc>
<status status="PASS" start="2026-03-18T11:40:12.933212" elapsed="8.255094"/>
</test>
<test id="s1-s1-s1-s1-t6" name="CT006 – Cadastro com opção Criar conta sem saldo" line="43">
<kw name="Open Browser" owner="SeleniumLibrary" type="SETUP">
<msg time="2026-03-18T11:40:21.204034" level="INFO">Opening browser 'chrome' to base url 'https://bugbank.netlify.app/'.</msg>
<arg>${BASE_URL}</arg>
<arg>chrome</arg>
<doc>Opens a new browser instance to the optional ``url``.</doc>
<status status="PASS" start="2026-03-18T11:40:21.202774" elapsed="3.241947"/>
</kw>
<kw name="Dado que o usuário esteja na página de cadastro" owner="cadastroSteps">
<kw name="Maximize Browser Window" owner="SeleniumLibrary">
<doc>Maximizes current browser window.</doc>
<status status="PASS" start="2026-03-18T11:40:24.447677" elapsed="0.051303"/>
</kw>
<kw name="Wait Until Element Is Visible" owner="SeleniumLibrary">
<arg>${BOTAO_REGISTRAR}</arg>
<arg>timeout=5s</arg>
<doc>Waits until the element ``locator`` is visible.</doc>
<status status="PASS" start="2026-03-18T11:40:24.499302" elapsed="0.059179"/>
</kw>
<kw name="Click Button" owner="SeleniumLibrary">
<msg time="2026-03-18T11:40:24.560277" level="INFO">Clicking button 'xpath=/html/body/div[1]/div/div[2]/div/div[1]/form/div[3]/button[2]'.</msg>
<arg>${BOTAO_REGISTRAR}</arg>
<doc>Clicks the button identified by ``locator``.</doc>
<status status="PASS" start="2026-03-18T11:40:24.559299" elapsed="0.183771"/>
</kw>
<status status="PASS" start="2026-03-18T11:40:24.445917" elapsed="0.297634"/>
</kw>
<kw name="E que o usuário deixe inativa a opção &quot;Criar conta com saldo&quot;" owner="cadastroSteps">
<kw name="Wait Until Element Is Visible" owner="SeleniumLibrary">
<arg>${BOTAO_CADASTRAR}</arg>
<arg>timeout=5s</arg>
<doc>Waits until the element ``locator`` is visible.</doc>
<status status="PASS" start="2026-03-18T11:40:24.745657" elapsed="0.038592"/>
</kw>
<kw name="Quando o usuário preencher Nome, Email, Senha e Confirmação de senha corretamente" owner="cadastroSteps">
<kw name="Wait Until Element Is Visible" owner="SeleniumLibrary">
<arg>${BOTAO_CADASTRAR}</arg>
<arg>timeout=5s</arg>
<doc>Waits until the element ``locator`` is visible.</doc>
<status status="PASS" start="2026-03-18T11:40:24.785329" elapsed="0.030175"/>
</kw>
<kw name="Input Text" owner="SeleniumLibrary">
<msg time="2026-03-18T11:40:24.816731" level="INFO">Typing text 'Teste Automação' into text field 'xpath=/html/body/div[1]/div/div[2]/div/div[2]/form/div[3]/input'.</msg>
<arg>${CAMPO_NOME}</arg>
<arg>Teste Automação</arg>
<doc>Types the given ``text`` into the text field identified by ``locator``.</doc>
<status status="PASS" start="2026-03-18T11:40:24.816051" elapsed="0.206573"/>
</kw>
<kw name="Input Text" owner="SeleniumLibrary">
<msg time="2026-03-18T11:40:25.025803" level="INFO">Typing text 'email_teste@uorak.com' into text field 'xpath=/html/body/div[1]/div/div[2]/div/div[2]/form/div[2]/input'.</msg>
<arg>${CAMPO_EMAIL_CADASTRO}</arg>
<arg>email_teste@uorak.com</arg>
<doc>Types the given ``text`` into the text field identified by ``locator``.</doc>
<status status="PASS" start="2026-03-18T11:40:25.023605" elapsed="0.207099"/>
</kw>
<kw name="Input Text" owner="SeleniumLibrary">
<msg time="2026-03-18T11:40:25.232052" level="INFO">Typing text 'eumesmo123' into text field 'xpath=/html/body/div[1]/div/div[2]/div/div[2]/form/div[4]/div/input'.</msg>
<arg>${CAMPO_SENHA_CADASTRO}</arg>
<arg>eumesmo123</arg>
<doc>Types the given ``text`` into the text field identified by ``locator``.</doc>
<status status="PASS" start="2026-03-18T11:40:25.231285" elapsed="0.161370"/>
</kw>
<kw name="Input Text" owner="SeleniumLibrary">
<msg time="2026-03-18T11:40:25.394142" level="INFO">Typing text 'eumesmo123' into text field 'xpath=/html/body/div[1]/div/div[2]/div/div[2]/form/div[5]/div/input'.</msg>
<arg>${CAMPO_CONFIRMAR_SENHA}</arg>
<arg>eumesmo123</arg>
<doc>Types the given ``text`` into the text field identified by ``locator``.</doc>
<status status="PASS" start="2026-03-18T11:40:25.393384" elapsed="0.171269"/>
</kw>
<status status="PASS" start="2026-03-18T11:40:24.784670" elapsed="0.780257"/>
</kw>
<status status="PASS" start="2026-03-18T11:40:24.744447" elapsed="0.820670"/>
</kw>
<kw name="Quando o usuário preencher Nome, Email, Senha e Confirmação de senha corretamente" owner="cadastroSteps">
<kw name="Wait Until Element Is Visible" owner="SeleniumLibrary">
<arg>${BOTAO_CADASTRAR}</arg>
<arg>timeout=5s</arg>
<doc>Waits until the element ``locator`` is visible.</doc>
<status status="PASS" start="2026-03-18T11:40:25.566534" elapsed="0.023920"/>
</kw>
<kw name="Input Text" owner="SeleniumLibrary">
<msg time="2026-03-18T11:40:25.592317" level="INFO">Typing text 'Teste Automação' into text field 'xpath=/html/body/div[1]/div/div[2]/div/div[2]/form/div[3]/input'.</msg>
<arg>${CAMPO_NOME}</arg>
<arg>Teste Automação</arg>
<doc>Types the given ``text`` into the text field identified by ``locator``.</doc>
<status status="PASS" start="2026-03-18T11:40:25.591411" elapsed="0.152820"/>
</kw>
<kw name="Input Text" owner="SeleniumLibrary">
<msg time="2026-03-18T11:40:25.745712" level="INFO">Typing text 'email_teste@uorak.com' into text field 'xpath=/html/body/div[1]/div/div[2]/div/div[2]/form/div[2]/input'.</msg>
<arg>${CAMPO_EMAIL_CADASTRO}</arg>
<arg>email_teste@uorak.com</arg>
<doc>Types the given ``text`` into the text field identified by ``locator``.</doc>
<status status="PASS" start="2026-03-18T11:40:25.744736" elapsed="0.161070"/>
</kw>
<kw name="Input Text" owner="SeleniumLibrary">
<msg time="2026-03-18T11:40:25.907269" level="INFO">Typing text 'eumesmo123' into text field 'xpath=/html/body/div[1]/div/div[2]/div/div[2]/form/div[4]/div/input'.</msg>
<arg>${CAMPO_SENHA_CADASTRO}</arg>
<arg>eumesmo123</arg>
<doc>Types the given ``text`` into the text field identified by ``locator``.</doc>
<status status="PASS" start="2026-03-18T11:40:25.906382" elapsed="0.126239"/>
</kw>
<kw name="Input Text" owner="SeleniumLibrary">
<msg time="2026-03-18T11:40:26.033780" level="INFO">Typing text 'eumesmo123' into text field 'xpath=/html/body/div[1]/div/div[2]/div/div[2]/form/div[5]/div/input'.</msg>
<arg>${CAMPO_CONFIRMAR_SENHA}</arg>
<arg>eumesmo123</arg>
<doc>Types the given ``text`` into the text field identified by ``locator``.</doc>
<status status="PASS" start="2026-03-18T11:40:26.033004" elapsed="0.126411"/>
</kw>
<status status="PASS" start="2026-03-18T11:40:25.565776" elapsed="0.593960"/>
</kw>
<kw name="E confirmar o cadastro" owner="cadastroSteps">
<kw name="Click Button" owner="SeleniumLibrary">
<msg time="2026-03-18T11:40:26.161687" level="INFO">Clicking button 'xpath=/html/body/div[1]/div/div[2]/div/div[2]/form/button'.</msg>
<arg>${BOTAO_CADASTRAR}</arg>
<doc>Clicks the button identified by ``locator``.</doc>
<status status="PASS" start="2026-03-18T11:40:26.161134" elapsed="0.131863"/>
</kw>
<status status="PASS" start="2026-03-18T11:40:26.160350" elapsed="0.132975"/>
</kw>
<kw name="Então o sistema deve criar a conta com saldo de R$ 0,00" owner="cadastroSteps">
<kw name="Wait Until Element Is Visible" owner="SeleniumLibrary">
<arg>${LOCAL_TEXTO_MODAL}</arg>
<arg>timeout=5s</arg>
<doc>Waits until the element ``locator`` is visible.</doc>
<status status="PASS" start="2026-03-18T11:40:26.295517" elapsed="0.255037"/>
</kw>
<kw name="Element Should Contain" owner="SeleniumLibrary">
<msg time="2026-03-18T11:40:26.583930" level="INFO">Element 'xpath=//*[@id="modalText"]' contains text 'criada com sucesso'.</msg>
<arg>${LOCAL_TEXTO_MODAL}</arg>
<arg>criada com sucesso</arg>
<doc>Verifies that element ``locator`` contains text ``expected``.</doc>
<status status="PASS" start="2026-03-18T11:40:26.550879" elapsed="0.033351"/>
</kw>
<kw name="Wait Until Element Is Visible" owner="SeleniumLibrary">
<arg>xpath=/html/body/div[1]/div/div[3]/div/div[1]/a</arg>
<arg>timeout=5s</arg>
<doc>Waits until the element ``locator`` is visible.</doc>
<status status="PASS" start="2026-03-18T11:40:26.584521" elapsed="0.028659"/>
</kw>
<kw name="Click Element" owner="SeleniumLibrary">
<msg time="2026-03-18T11:40:26.614105" level="INFO">Clicking element 'xpath=/html/body/div[1]/div/div[3]/div/div[1]/a'.</msg>
<arg>xpath=/html/body/div[1]/div/div[3]/div/div[1]/a</arg>
<doc>Click the element identified by ``locator``.</doc>
<status status="PASS" start="2026-03-18T11:40:26.613523" elapsed="0.105279"/>
</kw>
<status status="PASS" start="2026-03-18T11:40:26.294201" elapsed="0.426190"/>
</kw>
<kw name="Close All Browsers" owner="SeleniumLibrary" type="TEARDOWN">
<doc>Closes all open browsers and resets the browser cache.</doc>
<status status="PASS" start="2026-03-18T11:40:26.723721" elapsed="2.428733"/>
</kw>
<doc>Página de Cadastro</doc>
<status status="PASS" start="2026-03-18T11:40:21.195995" elapsed="7.957553"/>
</test>
<doc>Teste exemplo Robot Framework.</doc>
<status status="PASS" start="2026-03-18T11:39:41.672641" elapsed="47.488531"/>
</suite>
<status status="PASS" start="2026-03-18T11:39:41.644487" elapsed="47.527062"/>
</suite>
<status status="PASS" start="2026-03-18T11:39:41.608173" elapsed="47.578260"/>
</suite>
<status status="PASS" start="2026-03-18T11:39:41.531362" elapsed="47.668211"/>
</suite>
<statistics>
<total>
<stat pass="6" fail="0" skip="0">All Tests</stat>
</total>
<tag>
</tag>
<suite>
<stat name="BugBank RobotFramework.Testes" id="s1" pass="6" fail="0" skip="0">BugBank RobotFramework.Testes</stat>
<stat name="Robot Framework" id="s1-s1" pass="6" fail="0" skip="0">BugBank RobotFramework.Testes.Robot Framework</stat>
<stat name="Tests" id="s1-s1-s1" pass="6" fail="0" skip="0">BugBank RobotFramework.Testes.Robot Framework.Tests</stat>
<stat name="Cadastro" id="s1-s1-s1-s1" pass="6" fail="0" skip="0">BugBank RobotFramework.Testes.Robot Framework.Tests.Cadastro</stat>
</suite>
</statistics>
<errors>
</errors>
</robot>
