<?xml version="1.0" encoding="UTF-8"?>
<robot generator="Robot 7.4.1 (Python 3.13.12 on win32)" generated="2026-03-18T16:36:48.304353" rpa="false" schemaversion="5">
<suite id="s1" name="BugBank RobotFramework.Testes" source="C:\Users\tonyk\Documents\Documentos_QA\Automações\BugBank_RobotFramework.Testes">
<suite id="s1-s1" name="Robot Framework" source="C:\Users\tonyk\Documents\Documentos_QA\Automações\BugBank_RobotFramework.Testes\Robot Framework">
<suite id="s1-s1-s1" name="Tests" source="C:\Users\tonyk\Documents\Documentos_QA\Automações\BugBank_RobotFramework.Testes\Robot Framework\Tests">
<suite id="s1-s1-s1-s1" name="Transferencia" source="C:\Users\tonyk\Documents\Documentos_QA\Automações\BugBank_RobotFramework.Testes\Robot Framework\Tests\transferencia.robot">
<kw name="Open Browser To Login Page" owner="loginSteps" type="SETUP">
<kw name="Open Browser" owner="SeleniumLibrary">
<msg time="2026-03-18T16:36:49.207392" level="INFO">Opening browser 'chrome' to base url 'https://bugbank.netlify.app/'.</msg>
<arg>${BASE_URL}</arg>
<arg>chrome</arg>
<doc>Opens a new browser instance to the optional ``url``.</doc>
<status status="PASS" start="2026-03-18T16:36:49.206670" elapsed="7.111021"/>
</kw>
<kw name="Maximize Browser Window" owner="SeleniumLibrary">
<doc>Maximizes current browser window.</doc>
<status status="PASS" start="2026-03-18T16:36:56.319018" elapsed="0.053164"/>
</kw>
<kw name="Quando o usuário preencher o campo de email e senha com credenciais corretas" owner="loginSteps">
<kw name="Wait Until Element Is Visible" owner="SeleniumLibrary">
<arg>${BOTAO_REGISTRAR}</arg>
<arg>timeout=5s</arg>
<doc>Waits until the element ``locator`` is visible.</doc>
<status status="PASS" start="2026-03-18T16:36:56.375428" elapsed="0.055515"/>
</kw>
<kw name="Click Button" owner="SeleniumLibrary">
<msg time="2026-03-18T16:36:56.432985" level="INFO">Clicking button 'xpath=/html/body/div[1]/div/div[2]/div/div[1]/form/div[3]/button[2]'.</msg>
<arg>${BOTAO_REGISTRAR}</arg>
<doc>Clicks the button identified by ``locator``.</doc>
<status status="PASS" start="2026-03-18T16:36:56.431414" elapsed="0.184420"/>
</kw>
<kw name="Criação de conta com saldo de R$ 1.000,00" owner="cadastroSteps">
<kw name="E que o usuário ative a opção &quot;Criar conta com saldo&quot;" owner="cadastroSteps">
<kw name="Wait Until Element Is Visible" owner="SeleniumLibrary">
<arg>${BOTAO_CADASTRAR}</arg>
<arg>timeout=5s</arg>
<doc>Waits until the element ``locator`` is visible.</doc>
<status status="PASS" start="2026-03-18T16:36:56.619445" elapsed="0.031860"/>
</kw>
<kw name="Execute Javascript" owner="SeleniumLibrary">
<msg time="2026-03-18T16:36:56.652545" level="INFO">Executing JavaScript:
document.getElementById("toggleAddBalance").click()
Without any arguments.</msg>
<arg>document.getElementById("toggleAddBalance").click()</arg>
<doc>Executes the given JavaScript code with possible arguments.</doc>
<status status="PASS" start="2026-03-18T16:36:56.651674" elapsed="0.016896"/>
</kw>
<status status="PASS" start="2026-03-18T16:36:56.618852" elapsed="0.050067"/>
</kw>
<kw name="Quando o usuário preencher Nome, Email, Senha e Confirmação de senha corretamente" owner="cadastroSteps">
<kw name="Wait Until Element Is Visible" owner="SeleniumLibrary">
<arg>${BOTAO_CADASTRAR}</arg>
<arg>timeout=5s</arg>
<doc>Waits until the element ``locator`` is visible.</doc>
<status status="PASS" start="2026-03-18T16:36:56.670125" elapsed="0.021080"/>
</kw>
<kw name="Input Text" owner="SeleniumLibrary">
<msg time="2026-03-18T16:36:56.695285" level="INFO">Typing text 'Teste Automação' into text field 'xpath=/html/body/div[1]/div/div[2]/div/div[2]/form/div[3]/input'.</msg>
<arg>${CAMPO_NOME}</arg>
<arg>Teste Automação</arg>
<doc>Types the given ``text`` into the text field identified by ``locator``.</doc>
<status status="PASS" start="2026-03-18T16:36:56.692707" elapsed="0.202856"/>
</kw>
<kw name="Input Text" owner="SeleniumLibrary">
<msg time="2026-03-18T16:36:56.896712" level="INFO">Typing text 'email_teste@uorak.com' into text field 'xpath=/html/body/div[1]/div/div[2]/div/div[2]/form/div[2]/input'.</msg>
<arg>${CAMPO_EMAIL_CADASTRO}</arg>
<arg>email_teste@uorak.com</arg>
<doc>Types the given ``text`` into the text field identified by ``locator``.</doc>
<status status="PASS" start="2026-03-18T16:36:56.896100" elapsed="0.215561"/>
</kw>
<kw name="Input Text" owner="SeleniumLibrary">
<msg time="2026-03-18T16:36:57.112848" level="INFO">Typing text 'eumesmo123' into text field 'xpath=/html/body/div[1]/div/div[2]/div/div[2]/form/div[4]/div/input'.</msg>
<arg>${CAMPO_SENHA_CADASTRO}</arg>
<arg>eumesmo123</arg>
<doc>Types the given ``text`` into the text field identified by ``locator``.</doc>
<status status="PASS" start="2026-03-18T16:36:57.112049" elapsed="0.149621"/>
</kw>
<kw name="Input Text" owner="SeleniumLibrary">
<msg time="2026-03-18T16:36:57.262928" level="INFO">Typing text 'eumesmo123' into text field 'xpath=/html/body/div[1]/div/div[2]/div/div[2]/form/div[5]/div/input'.</msg>
<arg>${CAMPO_CONFIRMAR_SENHA}</arg>
<arg>eumesmo123</arg>
<doc>Types the given ``text`` into the text field identified by ``locator``.</doc>
<status status="PASS" start="2026-03-18T16:36:57.262212" elapsed="0.127312"/>
</kw>
<status status="PASS" start="2026-03-18T16:36:56.669400" elapsed="0.720391"/>
</kw>
<kw name="E confirmar o cadastro" owner="cadastroSteps">
<kw name="Click Button" owner="SeleniumLibrary">
<msg time="2026-03-18T16:36:57.395661" level="INFO">Clicking button 'xpath=/html/body/div[1]/div/div[2]/div/div[2]/form/button'.</msg>
<arg>${BOTAO_CADASTRAR}</arg>
<doc>Clicks the button identified by ``locator``.</doc>
<status status="PASS" start="2026-03-18T16:36:57.395053" elapsed="0.123887"/>
</kw>
<status status="PASS" start="2026-03-18T16:36:57.394091" elapsed="0.125276"/>
</kw>
<kw name="Wait Until Element Is Visible" owner="SeleniumLibrary">
<arg>${LOCAL_TEXTO_MODAL}</arg>
<arg>timeout=5s</arg>
<doc>Waits until the element ``locator`` is visible.</doc>
<status status="PASS" start="2026-03-18T16:36:57.519799" elapsed="0.235640"/>
</kw>
<kw name="Element Should Contain" owner="SeleniumLibrary">
<msg time="2026-03-18T16:36:57.881345" level="INFO">Element 'xpath=//*[@id="modalText"]' contains text 'criada com sucesso'.</msg>
<arg>${LOCAL_TEXTO_MODAL}</arg>
<arg>criada com sucesso</arg>
<doc>Verifies that element ``locator`` contains text ``expected``.</doc>
<status status="PASS" start="2026-03-18T16:36:57.755977" elapsed="0.126038"/>
</kw>
<kw name="Wait Until Element Is Visible" owner="SeleniumLibrary">
<arg>xpath=/html/body/div[1]/div/div[3]/div/div[1]/a</arg>
<arg>timeout=5s</arg>
<doc>Waits until the element ``locator`` is visible.</doc>
<status status="PASS" start="2026-03-18T16:36:57.882559" elapsed="0.037147"/>
</kw>
<kw name="Click Element" owner="SeleniumLibrary">
<msg time="2026-03-18T16:36:57.920632" level="INFO">Clicking element 'xpath=/html/body/div[1]/div/div[3]/div/div[1]/a'.</msg>
<arg>xpath=/html/body/div[1]/div/div[3]/div/div[1]/a</arg>
<doc>Click the element identified by ``locator``.</doc>
<status status="PASS" start="2026-03-18T16:36:57.920072" elapsed="0.097530"/>
</kw>
<status status="PASS" start="2026-03-18T16:36:56.617745" elapsed="1.400485"/>
</kw>
<kw name="Wait Until Element Is Visible" owner="SeleniumLibrary">
<arg>${CAMPO_EMAIL}</arg>
<arg>timeout=5s</arg>
<doc>Waits until the element ``locator`` is visible.</doc>
<status status="PASS" start="2026-03-18T16:36:58.018835" elapsed="0.029338"/>
</kw>
<kw name="Input Text" owner="SeleniumLibrary">
<msg time="2026-03-18T16:36:58.049335" level="INFO">Typing text 'email_teste@uorak.com' into text field 'xpath=/html/body/div[1]/div/div[2]/div/div[1]/form/div[1]/input'.</msg>
<arg>${CAMPO_EMAIL}</arg>
<arg>${EMAIL_VALIDO}</arg>
<doc>Types the given ``text`` into the text field identified by ``locator``.</doc>
<status status="PASS" start="2026-03-18T16:36:58.048608" elapsed="0.137171"/>
</kw>
<kw name="Input Text" owner="SeleniumLibrary">
<msg time="2026-03-18T16:36:58.186875" level="INFO">Typing text 'eumesmo123' into text field 'xpath=/html/body/div[1]/div/div[2]/div/div[1]/form/div[2]/div/input'.</msg>
<arg>${CAMPO_SENHA}</arg>
<arg>${SENHA_VALIDA}</arg>
<doc>Types the given ``text`` into the text field identified by ``locator``.</doc>
<status status="PASS" start="2026-03-18T16:36:58.186220" elapsed="0.134006"/>
</kw>
<kw name="E clicar no botão &quot;Acessar&quot;" owner="loginSteps">
<kw name="Wait Until Element Is Visible" owner="SeleniumLibrary">
<arg>${BOTAO_ACESSAR}</arg>
<arg>timeout=5s</arg>
<doc>Waits until the element ``locator`` is visible.</doc>
<status status="PASS" start="2026-03-18T16:36:58.321176" elapsed="0.026561"/>
</kw>
<kw name="Click Button" owner="SeleniumLibrary">
<msg time="2026-03-18T16:36:58.348630" level="INFO">Clicking button 'xpath=/html/body/div[1]/div/div[2]/div/div[1]/form/div[3]/button[1]'.</msg>
<arg>${BOTAO_ACESSAR}</arg>
<doc>Clicks the button identified by ``locator``.</doc>
<status status="PASS" start="2026-03-18T16:36:58.348064" elapsed="0.199110"/>
</kw>
<status status="PASS" start="2026-03-18T16:36:58.320623" elapsed="0.226853"/>
</kw>
<status status="PASS" start="2026-03-18T16:36:56.373092" elapsed="2.174581"/>
</kw>
<kw name="Então o sistema deve redirecionar para a página principal do usuário" owner="loginSteps">
<kw name="Wait Until Element Is Visible" owner="SeleniumLibrary">
<arg>${BOAS_VINDAS}</arg>
<arg>timeout=5s</arg>
<doc>Waits until the element ``locator`` is visible.</doc>
<status status="PASS" start="2026-03-18T16:36:58.548581" elapsed="0.245201"/>
</kw>
<kw name="Sleep" owner="BuiltIn">
<msg time="2026-03-18T16:37:00.796147" level="INFO">Slept 2 seconds.</msg>
<arg>2s</arg>
<doc>Pauses the test executed for the given time.</doc>
<status status="PASS" start="2026-03-18T16:36:58.794414" elapsed="2.002326"/>
</kw>
<kw name="Element Should Contain" owner="SeleniumLibrary">
<msg time="2026-03-18T16:37:00.828101" level="INFO">Element 'xpath=/html/body/div[1]/div/div[2]/div/div[2]/p[2]' contains text 'bem vindo ao BugBank'.</msg>
<arg>${BOAS_VINDAS}</arg>
<arg>${TEXTO_BOAS_VINDAS}</arg>
<doc>Verifies that element ``locator`` contains text ``expected``.</doc>
<status status="PASS" start="2026-03-18T16:37:00.797325" elapsed="0.031324"/>
</kw>
<status status="PASS" start="2026-03-18T16:36:58.548008" elapsed="2.281098"/>
</kw>
<status status="PASS" start="2026-03-18T16:36:49.204965" elapsed="11.624502"/>
</kw>
<test id="s1-s1-s1-s1-t1" name="CT001 – Transferência para conta inválida" line="10">
<kw name="Dado que o usuário esteja na página de transferência" owner="transferenciaSteps">
<kw name="Wait Until Element Is Visible" owner="SeleniumLibrary">
<arg>${BOTAO_TRANSFERENCIA}</arg>
<arg>timeout=5s</arg>
<doc>Waits until the element ``locator`` is visible.</doc>
<status status="PASS" start="2026-03-18T16:37:00.841677" elapsed="0.038771"/>
</kw>
<kw name="Execute Javascript" owner="SeleniumLibrary">
<msg time="2026-03-18T16:37:00.882014" level="INFO">Executing JavaScript:
document.getElementById("btn-TRANSFERÊNCIA").click()
Without any arguments.</msg>
<arg>document.getElementById("btn-TRANSFERÊNCIA").click()</arg>
<doc>Executes the given JavaScript code with possible arguments.</doc>
<status status="PASS" start="2026-03-18T16:37:00.880884" elapsed="0.015656"/>
</kw>
<kw name="Sleep" owner="BuiltIn">
<msg time="2026-03-18T16:37:01.898224" level="INFO">Slept 1 second.</msg>
<arg>1s</arg>
<doc>Pauses the test executed for the given time.</doc>
<status status="PASS" start="2026-03-18T16:37:00.897040" elapsed="1.001614"/>
</kw>
<kw name="Location Should Contain" owner="SeleniumLibrary">
<msg time="2026-03-18T16:37:01.911046" level="INFO">Current location contains '/transfer'.</msg>
<arg>/transfer</arg>
<doc>Verifies that the current URL contains ``expected``.</doc>
<status status="PASS" start="2026-03-18T16:37:01.899101" elapsed="0.012530"/>
</kw>
<status status="PASS" start="2026-03-18T16:37:00.840078" elapsed="1.072150"/>
</kw>
<kw name="Quando o usuário preencher os campos de transferência com uma conta de destino inválida" owner="transferenciaSteps">
<kw name="Input Text" owner="SeleniumLibrary">
<msg time="2026-03-18T16:37:01.916290" level="INFO">Typing text '1234' into text field 'xpath=/html/body/div[1]/div/div[3]/form/div[1]/div[1]/input'.</msg>
<arg>${CAMPO_CONTA_DESTINO}</arg>
<arg>1234</arg>
<doc>Types the given ``text`` into the text field identified by ``locator``.</doc>
<status status="PASS" start="2026-03-18T16:37:01.915332" elapsed="0.146417"/>
</kw>
<kw name="Input Text" owner="SeleniumLibrary">
<msg time="2026-03-18T16:37:02.062760" level="INFO">Typing text '01' into text field 'xpath=/html/body/div[1]/div/div[3]/form/div[1]/div[2]/input'.</msg>
<arg>${CAMPO_AGENCIA_DESTINO}</arg>
<arg>01</arg>
<doc>Types the given ``text`` into the text field identified by ``locator``.</doc>
<status status="PASS" start="2026-03-18T16:37:02.062123" elapsed="0.115546"/>
</kw>
<kw name="Input Text" owner="SeleniumLibrary">
<msg time="2026-03-18T16:37:02.178678" level="INFO">Typing text '100' into text field 'xpath=/html/body/div[1]/div/div[3]/form/div[2]/input'.</msg>
<arg>${CAMPO_VALOR_TRANSFERENCIA}</arg>
<arg>100</arg>
<doc>Types the given ``text`` into the text field identified by ``locator``.</doc>
<status status="PASS" start="2026-03-18T16:37:02.178032" elapsed="0.108500"/>
</kw>
<kw name="Input Text" owner="SeleniumLibrary">
<msg time="2026-03-18T16:37:02.287566" level="INFO">Typing text 'Teste transferência conta inválida' into text field 'xpath=/html/body/div[1]/div/div[3]/form/div[3]/input'.</msg>
<arg>${CAMPO_DESCRICAO_TRANSFERENCIA}</arg>
<arg>Teste transferência conta inválida</arg>
<doc>Types the given ``text`` into the text field identified by ``locator``.</doc>
<status status="PASS" start="2026-03-18T16:37:02.286905" elapsed="0.160161"/>
</kw>
<status status="PASS" start="2026-03-18T16:37:01.913706" elapsed="0.533664"/>
</kw>
<kw name="E confirmar a transferência" owner="transferenciaSteps">
<kw name="Click Element" owner="SeleniumLibrary">
<msg time="2026-03-18T16:37:02.449326" level="INFO">Clicking element 'xpath=/html/body/div[1]/div/div[3]/form/button'.</msg>
<arg>${BOTAO_TRANSFERIR}</arg>
<doc>Click the element identified by ``locator``.</doc>
<status status="PASS" start="2026-03-18T16:37:02.448758" elapsed="0.106743"/>
</kw>
<status status="PASS" start="2026-03-18T16:37:02.447987" elapsed="0.111323"/>
</kw>
<kw name="Então o sistema deve exibir uma mensagem de erro indicando que a conta de destino é inválida" owner="transferenciaSteps">
<kw name="Wait Until Element Is Visible" owner="SeleniumLibrary">
<arg>${LOCAL_TEXTO_MODAL}</arg>
<arg>timeout=5s</arg>
<doc>Waits until the element ``locator`` is visible.</doc>
<status status="PASS" start="2026-03-18T16:37:02.562231" elapsed="0.246359"/>
</kw>
<kw name="Element Should Contain" owner="SeleniumLibrary">
<msg time="2026-03-18T16:37:02.832296" level="INFO">Element 'xpath=//*[@id="modalText"]' contains text 'Conta inválida ou inexistente'.</msg>
<arg>${LOCAL_TEXTO_MODAL}</arg>
<arg>Conta inválida ou inexistente</arg>
<doc>Verifies that element ``locator`` contains text ``expected``.</doc>
<status status="PASS" start="2026-03-18T16:37:02.808947" elapsed="0.023672"/>
</kw>
<status status="PASS" start="2026-03-18T16:37:02.561068" elapsed="0.271820"/>
</kw>
<doc>Tentar realizar uma transferência para uma conta que não existe</doc>
<status status="PASS" start="2026-03-18T16:37:00.829819" elapsed="2.003813"/>
</test>
<kw name="Close Browser" owner="SeleniumLibrary" type="TEARDOWN">
<doc>Closes the current browser.</doc>
<status status="PASS" start="2026-03-18T16:37:02.846133" elapsed="2.444890"/>
</kw>
<status status="PASS" start="2026-03-18T16:36:48.681991" elapsed="16.609650"/>
</suite>
<status status="PASS" start="2026-03-18T16:36:48.622798" elapsed="16.680678"/>
</suite>
<status status="PASS" start="2026-03-18T16:36:48.613178" elapsed="16.703754"/>
</suite>
<status status="PASS" start="2026-03-18T16:36:48.321117" elapsed="17.059958"/>
</suite>
<statistics>
<total>
<stat pass="1" fail="0" skip="0">All Tests</stat>
</total>
<tag>
</tag>
<suite>
<stat name="BugBank RobotFramework.Testes" id="s1" pass="1" fail="0" skip="0">BugBank RobotFramework.Testes</stat>
<stat name="Robot Framework" id="s1-s1" pass="1" fail="0" skip="0">BugBank RobotFramework.Testes.Robot Framework</stat>
<stat name="Tests" id="s1-s1-s1" pass="1" fail="0" skip="0">BugBank RobotFramework.Testes.Robot Framework.Tests</stat>
<stat name="Transferencia" id="s1-s1-s1-s1" pass="1" fail="0" skip="0">BugBank RobotFramework.Testes.Robot Framework.Tests.Transferencia</stat>
</suite>
</statistics>
<errors>
</errors>
</robot>
