<?xml version="1.0" encoding="UTF-8"?>
<robot generator="Robot 7.4.1 (Python 3.13.12 on win32)" generated="2026-03-22T14:04:41.561887" rpa="false" schemaversion="5">
<suite id="s1" name="Tests" source="C:\Users\tonyk\Documents\Documentos_QA\Automações\BugBank_RobotFramework.Testes\robot-framework\tests">
<suite id="s1-s1" name="Cadastro" source="C:\Users\tonyk\Documents\Documentos_QA\Automações\BugBank_RobotFramework.Testes\robot-framework\tests\cadastro.robot">
<test id="s1-s1-t1" name="CT001 – Cadastro sem preencher nome" line="12">
<kw name="Open Browser" owner="SeleniumLibrary" type="SETUP">
<msg time="2026-03-22T14:04:42.138431" level="INFO">Opening browser 'chrome' to base url 'https://bugbank.netlify.app/'.</msg>
<arg>${BASE_URL}</arg>
<arg>${BROWSER}</arg>
<arg>options=${CHROME_OPTIONS}</arg>
<doc>Opens a new browser instance to the optional ``url``.</doc>
<status status="PASS" start="2026-03-22T14:04:42.137842" elapsed="3.474286"/>
</kw>
<kw name="Dado que o usuário esteja na página de cadastro" owner="cadastroSteps">
<kw name="Maximize Browser Window" owner="SeleniumLibrary">
<doc>Maximizes current browser window.</doc>
<status status="PASS" start="2026-03-22T14:04:45.616895" elapsed="0.093997"/>
</kw>
<kw name="Wait Until Element Is Visible" owner="SeleniumLibrary">
<arg>${BOTAO_REGISTRAR}</arg>
<arg>timeout=5s</arg>
<doc>Waits until the element ``locator`` is visible.</doc>
<status status="PASS" start="2026-03-22T14:04:45.711312" elapsed="0.079482"/>
</kw>
<kw name="Click Button" owner="SeleniumLibrary">
<msg time="2026-03-22T14:04:45.791392" level="INFO">Clicking button 'xpath=/html/body/div[1]/div/div[2]/div/div[1]/form/div[3]/button[2]'.</msg>
<arg>${BOTAO_REGISTRAR}</arg>
<doc>Clicks the button identified by ``locator``.</doc>
<status status="PASS" start="2026-03-22T14:04:45.791047" elapsed="0.182321"/>
</kw>
<status status="PASS" start="2026-03-22T14:04:45.613661" elapsed="0.360068"/>
</kw>
<kw name="Quando o usuário tentar cadastrar sem preencher o campo &quot;Nome&quot;" owner="cadastroSteps">
<kw name="Wait Until Element Is Visible" owner="SeleniumLibrary">
<arg>${BOTAO_CADASTRAR}</arg>
<arg>timeout=5s</arg>
<doc>Waits until the element ``locator`` is visible.</doc>
<status status="PASS" start="2026-03-22T14:04:45.975764" elapsed="0.047596"/>
</kw>
<kw name="Input Text" owner="SeleniumLibrary">
<msg time="2026-03-22T14:04:46.023963" level="INFO">Typing text 'dsadsad@dsads.com' into text field 'xpath=/html/body/div[1]/div/div[2]/div/div[2]/form/div[2]/input'.</msg>
<arg>${CAMPO_EMAIL_CADASTRO}</arg>
<arg>dsadsad@dsads.com</arg>
<doc>Types the given ``text`` into the text field identified by ``locator``.</doc>
<status status="PASS" start="2026-03-22T14:04:46.023620" elapsed="0.261697"/>
</kw>
<kw name="Input Text" owner="SeleniumLibrary">
<msg time="2026-03-22T14:04:46.286049" level="INFO">Typing text 'eumesmo123' into text field 'xpath=/html/body/div[1]/div/div[2]/div/div[2]/form/div[4]/div/input'.</msg>
<arg>${CAMPO_SENHA_CADASTRO}</arg>
<arg>eumesmo123</arg>
<doc>Types the given ``text`` into the text field identified by ``locator``.</doc>
<status status="PASS" start="2026-03-22T14:04:46.285645" elapsed="0.175448"/>
</kw>
<kw name="Input Text" owner="SeleniumLibrary">
<msg time="2026-03-22T14:04:46.461626" level="INFO">Typing text 'eumesmo123' into text field 'xpath=/html/body/div[1]/div/div[2]/div/div[2]/form/div[5]/div/input'.</msg>
<arg>${CAMPO_CONFIRMAR_SENHA}</arg>
<arg>eumesmo123</arg>
<doc>Types the given ``text`` into the text field identified by ``locator``.</doc>
<status status="PASS" start="2026-03-22T14:04:46.461323" elapsed="0.184738"/>
</kw>
<kw name="Click Button" owner="SeleniumLibrary">
<msg time="2026-03-22T14:04:46.651192" level="INFO">Clicking button 'xpath=/html/body/div[1]/div/div[2]/div/div[2]/form/button'.</msg>
<arg>${BOTAO_CADASTRAR}</arg>
<doc>Clicks the button identified by ``locator``.</doc>
<status status="PASS" start="2026-03-22T14:04:46.649301" elapsed="0.152981"/>
</kw>
<status status="PASS" start="2026-03-22T14:04:45.974948" elapsed="0.827606"/>
</kw>
<kw name="Então o sistema deve exibir a mensagem &quot;Nome não pode ser vazio&quot;" owner="cadastroSteps">
<kw name="Wait Until Element Is Visible" owner="SeleniumLibrary">
<arg>${LOCAL_TEXTO_MODAL}</arg>
<arg>timeout=5s</arg>
<doc>Waits until the element ``locator`` is visible.</doc>
<status status="PASS" start="2026-03-22T14:04:46.804026" elapsed="0.257516"/>
</kw>
<kw name="Element Should Contain" owner="SeleniumLibrary">
<msg time="2026-03-22T14:04:47.100613" level="INFO">Element 'xpath=//*[@id="modalText"]' contains text 'Nome não pode ser vazio'.</msg>
<arg>${LOCAL_TEXTO_MODAL}</arg>
<arg>Nome não pode ser vazio</arg>
<doc>Verifies that element ``locator`` contains text ``expected``.</doc>
<status status="PASS" start="2026-03-22T14:04:47.061830" elapsed="0.038990"/>
</kw>
<status status="PASS" start="2026-03-22T14:04:46.803369" elapsed="0.297675"/>
</kw>
<kw name="Close All Browsers" owner="SeleniumLibrary" type="TEARDOWN">
<doc>Closes all open browsers and resets the browser cache.</doc>
<status status="PASS" start="2026-03-22T14:04:47.101708" elapsed="2.626898"/>
</kw>
<doc>Página de Cadastro</doc>
<status status="PASS" start="2026-03-22T14:04:42.135489" elapsed="7.593880"/>
</test>
<test id="s1-s1-t2" name="CT002 – Cadastro sem preencher email" line="18">
<kw name="Open Browser" owner="SeleniumLibrary" type="SETUP">
<msg time="2026-03-22T14:04:49.736355" level="INFO">Opening browser 'chrome' to base url 'https://bugbank.netlify.app/'.</msg>
<arg>${BASE_URL}</arg>
<arg>${BROWSER}</arg>
<arg>options=${CHROME_OPTIONS}</arg>
<doc>Opens a new browser instance to the optional ``url``.</doc>
<status status="PASS" start="2026-03-22T14:04:49.735294" elapsed="2.435729"/>
</kw>
<kw name="Dado que o usuário esteja na página de cadastro" owner="cadastroSteps">
<kw name="Maximize Browser Window" owner="SeleniumLibrary">
<doc>Maximizes current browser window.</doc>
<status status="PASS" start="2026-03-22T14:04:52.177603" elapsed="0.663396"/>
</kw>
<kw name="Wait Until Element Is Visible" owner="SeleniumLibrary">
<arg>${BOTAO_REGISTRAR}</arg>
<arg>timeout=5s</arg>
<doc>Waits until the element ``locator`` is visible.</doc>
<status status="PASS" start="2026-03-22T14:04:52.841365" elapsed="0.063484"/>
</kw>
<kw name="Click Button" owner="SeleniumLibrary">
<msg time="2026-03-22T14:04:52.905623" level="INFO">Clicking button 'xpath=/html/body/div[1]/div/div[2]/div/div[1]/form/div[3]/button[2]'.</msg>
<arg>${BOTAO_REGISTRAR}</arg>
<doc>Clicks the button identified by ``locator``.</doc>
<status status="PASS" start="2026-03-22T14:04:52.905177" elapsed="0.180664"/>
</kw>
<status status="PASS" start="2026-03-22T14:04:52.176723" elapsed="0.909284"/>
</kw>
<kw name="Quando o usuário tentar cadastrar sem preencher o campo &quot;Email&quot;" owner="cadastroSteps">
<kw name="Wait Until Element Is Visible" owner="SeleniumLibrary">
<arg>${BOTAO_CADASTRAR}</arg>
<arg>timeout=5s</arg>
<doc>Waits until the element ``locator`` is visible.</doc>
<status status="PASS" start="2026-03-22T14:04:53.087438" elapsed="0.048065"/>
</kw>
<kw name="Input Text" owner="SeleniumLibrary">
<msg time="2026-03-22T14:04:53.136415" level="INFO">Typing text 'Teste Automação' into text field 'xpath=/html/body/div[1]/div/div[2]/div/div[2]/form/div[3]/input'.</msg>
<arg>${CAMPO_NOME}</arg>
<arg>Teste Automação</arg>
<doc>Types the given ``text`` into the text field identified by ``locator``.</doc>
<status status="PASS" start="2026-03-22T14:04:53.135896" elapsed="0.228920"/>
</kw>
<kw name="Input Text" owner="SeleniumLibrary">
<msg time="2026-03-22T14:04:53.366706" level="INFO">Typing text 'eumesmo123' into text field 'xpath=/html/body/div[1]/div/div[2]/div/div[2]/form/div[4]/div/input'.</msg>
<arg>${CAMPO_SENHA_CADASTRO}</arg>
<arg>eumesmo123</arg>
<doc>Types the given ``text`` into the text field identified by ``locator``.</doc>
<status status="PASS" start="2026-03-22T14:04:53.365990" elapsed="0.169703"/>
</kw>
<kw name="Input Text" owner="SeleniumLibrary">
<msg time="2026-03-22T14:04:53.536963" level="INFO">Typing text 'eumesmo123' into text field 'xpath=/html/body/div[1]/div/div[2]/div/div[2]/form/div[5]/div/input'.</msg>
<arg>${CAMPO_CONFIRMAR_SENHA}</arg>
<arg>eumesmo123</arg>
<doc>Types the given ``text`` into the text field identified by ``locator``.</doc>
<status status="PASS" start="2026-03-22T14:04:53.536103" elapsed="0.154945"/>
</kw>
<kw name="Click Button" owner="SeleniumLibrary">
<msg time="2026-03-22T14:04:53.691686" level="INFO">Clicking button 'xpath=/html/body/div[1]/div/div[2]/div/div[2]/form/button'.</msg>
<arg>${BOTAO_CADASTRAR}</arg>
<doc>Clicks the button identified by ``locator``.</doc>
<status status="PASS" start="2026-03-22T14:04:53.691329" elapsed="0.148405"/>
</kw>
<status status="PASS" start="2026-03-22T14:04:53.086717" elapsed="0.753241"/>
</kw>
<kw name="Então o sistema deve exibir a mensagem &quot;Email não pode ser vazio&quot;" owner="cadastroSteps">
<kw name="Wait Until Element Is Visible" owner="SeleniumLibrary">
<arg>${LOCAL_TEXTO_EMAIL}</arg>
<arg>timeout=5s</arg>
<doc>Waits until the element ``locator`` is visible.</doc>
<status status="PASS" start="2026-03-22T14:04:53.841049" elapsed="0.035426"/>
</kw>
<kw name="Element Should Contain" owner="SeleniumLibrary">
<msg time="2026-03-22T14:04:53.933456" level="INFO">Element 'xpath=/html/body/div[1]/div/div[2]/div/div[2]/form/div[2]/p' contains text 'É campo obrigatório'.</msg>
<arg>${LOCAL_TEXTO_EMAIL}</arg>
<arg>É campo obrigatório</arg>
<doc>Verifies that element ``locator`` contains text ``expected``.</doc>
<status status="PASS" start="2026-03-22T14:04:53.882044" elapsed="0.051620"/>
</kw>
<status status="PASS" start="2026-03-22T14:04:53.840508" elapsed="0.093353"/>
</kw>
<kw name="Close All Browsers" owner="SeleniumLibrary" type="TEARDOWN">
<doc>Closes all open browsers and resets the browser cache.</doc>
<status status="PASS" start="2026-03-22T14:04:53.934445" elapsed="2.463093"/>
</kw>
<doc>Página de Cadastro</doc>
<status status="PASS" start="2026-03-22T14:04:49.733695" elapsed="6.665067"/>
</test>
<test id="s1-s1-t3" name="CT003 – Cadastro sem preencher senha" line="24">
<kw name="Open Browser" owner="SeleniumLibrary" type="SETUP">
<msg time="2026-03-22T14:04:56.409130" level="INFO">Opening browser 'chrome' to base url 'https://bugbank.netlify.app/'.</msg>
<arg>${BASE_URL}</arg>
<arg>${BROWSER}</arg>
<arg>options=${CHROME_OPTIONS}</arg>
<doc>Opens a new browser instance to the optional ``url``.</doc>
<status status="PASS" start="2026-03-22T14:04:56.406997" elapsed="2.482567"/>
</kw>
<kw name="Dado que o usuário esteja na página de cadastro" owner="cadastroSteps">
<kw name="Maximize Browser Window" owner="SeleniumLibrary">
<doc>Maximizes current browser window.</doc>
<status status="PASS" start="2026-03-22T14:04:58.903219" elapsed="0.901822"/>
</kw>
<kw name="Wait Until Element Is Visible" owner="SeleniumLibrary">
<arg>${BOTAO_REGISTRAR}</arg>
<arg>timeout=5s</arg>
<doc>Waits until the element ``locator`` is visible.</doc>
<status status="PASS" start="2026-03-22T14:04:59.806400" elapsed="0.081731"/>
</kw>
<kw name="Click Button" owner="SeleniumLibrary">
<msg time="2026-03-22T14:04:59.889122" level="INFO">Clicking button 'xpath=/html/body/div[1]/div/div[2]/div/div[1]/form/div[3]/button[2]'.</msg>
<arg>${BOTAO_REGISTRAR}</arg>
<doc>Clicks the button identified by ``locator``.</doc>
<status status="PASS" start="2026-03-22T14:04:59.888566" elapsed="0.214736"/>
</kw>
<status status="PASS" start="2026-03-22T14:04:58.902511" elapsed="1.201060"/>
</kw>
<kw name="Quando o usuário tentar cadastrar sem preencher o campo &quot;Senha&quot;" owner="cadastroSteps">
<kw name="Wait Until Element Is Visible" owner="SeleniumLibrary">
<arg>${BOTAO_CADASTRAR}</arg>
<arg>timeout=5s</arg>
<doc>Waits until the element ``locator`` is visible.</doc>
<status status="PASS" start="2026-03-22T14:05:00.106144" elapsed="0.050042"/>
</kw>
<kw name="Input Text" owner="SeleniumLibrary">
<msg time="2026-03-22T14:05:00.156763" level="INFO">Typing text 'Teste Automação' into text field 'xpath=/html/body/div[1]/div/div[2]/div/div[2]/form/div[3]/input'.</msg>
<arg>${CAMPO_NOME}</arg>
<arg>Teste Automação</arg>
<doc>Types the given ``text`` into the text field identified by ``locator``.</doc>
<status status="PASS" start="2026-03-22T14:05:00.156437" elapsed="0.274491"/>
</kw>
<kw name="Input Text" owner="SeleniumLibrary">
<msg time="2026-03-22T14:05:00.431971" level="INFO">Typing text 'dsadsad@dsads.com' into text field 'xpath=/html/body/div[1]/div/div[2]/div/div[2]/form/div[2]/input'.</msg>
<arg>${CAMPO_EMAIL_CADASTRO}</arg>
<arg>dsadsad@dsads.com</arg>
<doc>Types the given ``text`` into the text field identified by ``locator``.</doc>
<status status="PASS" start="2026-03-22T14:05:00.431357" elapsed="0.258084"/>
</kw>
<kw name="Input Text" owner="SeleniumLibrary">
<msg time="2026-03-22T14:05:00.690676" level="INFO">Typing text 'eumesmo123' into text field 'xpath=/html/body/div[1]/div/div[2]/div/div[2]/form/div[5]/div/input'.</msg>
<arg>${CAMPO_CONFIRMAR_SENHA}</arg>
<arg>eumesmo123</arg>
<doc>Types the given ``text`` into the text field identified by ``locator``.</doc>
<status status="PASS" start="2026-03-22T14:05:00.689944" elapsed="0.219275"/>
</kw>
<kw name="Click Button" owner="SeleniumLibrary">
<msg time="2026-03-22T14:05:00.911743" level="INFO">Clicking button 'xpath=/html/body/div[1]/div/div[2]/div/div[2]/form/button'.</msg>
<arg>${BOTAO_CADASTRAR}</arg>
<doc>Clicks the button identified by ``locator``.</doc>
<status status="PASS" start="2026-03-22T14:05:00.909608" elapsed="0.140398"/>
</kw>
<status status="PASS" start="2026-03-22T14:05:00.105504" elapsed="0.944697"/>
</kw>
<kw name="Então o sistema deve exibir a mensagem &quot;Senha não pode ser vazio&quot;" owner="cadastroSteps">
<kw name="Wait Until Element Is Visible" owner="SeleniumLibrary">
<arg>${LOCAL_TEXTO_SENHA}</arg>
<arg>timeout=5s</arg>
<doc>Waits until the element ``locator`` is visible.</doc>
<status status="PASS" start="2026-03-22T14:05:01.051378" elapsed="0.040948"/>
</kw>
<kw name="Element Should Contain" owner="SeleniumLibrary">
<msg time="2026-03-22T14:05:01.139621" level="INFO">Element 'xpath=/html/body/div[1]/div/div[2]/div/div[2]/form/div[4]/div/p' contains text 'É campo obrigatório'.</msg>
<arg>${LOCAL_TEXTO_SENHA}</arg>
<arg>É campo obrigatório</arg>
<doc>Verifies that element ``locator`` contains text ``expected``.</doc>
<status status="PASS" start="2026-03-22T14:05:01.092729" elapsed="0.047022"/>
</kw>
<status status="PASS" start="2026-03-22T14:05:01.050818" elapsed="0.089085"/>
</kw>
<kw name="Close All Browsers" owner="SeleniumLibrary" type="TEARDOWN">
<doc>Closes all open browsers and resets the browser cache.</doc>
<status status="PASS" start="2026-03-22T14:05:01.140589" elapsed="2.601606"/>
</kw>
<doc>Página de Cadastro</doc>
<status status="PASS" start="2026-03-22T14:04:56.403254" elapsed="7.339358"/>
</test>
<test id="s1-s1-t4" name="CT004 – Cadastro sem preencher confirmação de senha" line="30">
<kw name="Open Browser" owner="SeleniumLibrary" type="SETUP">
<msg time="2026-03-22T14:05:03.746194" level="INFO">Opening browser 'chrome' to base url 'https://bugbank.netlify.app/'.</msg>
<arg>${BASE_URL}</arg>
<arg>${BROWSER}</arg>
<arg>options=${CHROME_OPTIONS}</arg>
<doc>Opens a new browser instance to the optional ``url``.</doc>
<status status="PASS" start="2026-03-22T14:05:03.745658" elapsed="3.095096"/>
</kw>
<kw name="Dado que o usuário esteja na página de cadastro" owner="cadastroSteps">
<kw name="Maximize Browser Window" owner="SeleniumLibrary">
<doc>Maximizes current browser window.</doc>
<status status="PASS" start="2026-03-22T14:05:06.845139" elapsed="0.121165"/>
</kw>
<kw name="Wait Until Element Is Visible" owner="SeleniumLibrary">
<arg>${BOTAO_REGISTRAR}</arg>
<arg>timeout=5s</arg>
<doc>Waits until the element ``locator`` is visible.</doc>
<status status="PASS" start="2026-03-22T14:05:06.966859" elapsed="0.085397"/>
</kw>
<kw name="Click Button" owner="SeleniumLibrary">
<msg time="2026-03-22T14:05:07.053115" level="INFO">Clicking button 'xpath=/html/body/div[1]/div/div[2]/div/div[1]/form/div[3]/button[2]'.</msg>
<arg>${BOTAO_REGISTRAR}</arg>
<doc>Clicks the button identified by ``locator``.</doc>
<status status="PASS" start="2026-03-22T14:05:07.052540" elapsed="0.179558"/>
</kw>
<status status="PASS" start="2026-03-22T14:05:06.841875" elapsed="0.390505"/>
</kw>
<kw name="Quando o usuário tentar cadastrar sem preencher o campo &quot;Confirmação de senha&quot;" owner="cadastroSteps">
<kw name="Wait Until Element Is Visible" owner="SeleniumLibrary">
<arg>${BOTAO_CADASTRAR}</arg>
<arg>timeout=5s</arg>
<doc>Waits until the element ``locator`` is visible.</doc>
<status status="PASS" start="2026-03-22T14:05:07.233819" elapsed="0.037736"/>
</kw>
<kw name="Input Text" owner="SeleniumLibrary">
<msg time="2026-03-22T14:05:07.272184" level="INFO">Typing text 'Teste Automação' into text field 'xpath=/html/body/div[1]/div/div[2]/div/div[2]/form/div[3]/input'.</msg>
<arg>${CAMPO_NOME}</arg>
<arg>Teste Automação</arg>
<doc>Types the given ``text`` into the text field identified by ``locator``.</doc>
<status status="PASS" start="2026-03-22T14:05:07.271823" elapsed="0.230140"/>
</kw>
<kw name="Input Text" owner="SeleniumLibrary">
<msg time="2026-03-22T14:05:07.503060" level="INFO">Typing text 'dsadsad@dsads.com' into text field 'xpath=/html/body/div[1]/div/div[2]/div/div[2]/form/div[2]/input'.</msg>
<arg>${CAMPO_EMAIL_CADASTRO}</arg>
<arg>dsadsad@dsads.com</arg>
<doc>Types the given ``text`` into the text field identified by ``locator``.</doc>
<status status="PASS" start="2026-03-22T14:05:07.502431" elapsed="0.198916"/>
</kw>
<kw name="Input Text" owner="SeleniumLibrary">
<msg time="2026-03-22T14:05:07.702106" level="INFO">Typing text 'eumesmo123' into text field 'xpath=/html/body/div[1]/div/div[2]/div/div[2]/form/div[4]/div/input'.</msg>
<arg>${CAMPO_SENHA_CADASTRO}</arg>
<arg>eumesmo123</arg>
<doc>Types the given ``text`` into the text field identified by ``locator``.</doc>
<status status="PASS" start="2026-03-22T14:05:07.701695" elapsed="0.183833"/>
</kw>
<kw name="Click Button" owner="SeleniumLibrary">
<msg time="2026-03-22T14:05:07.886519" level="INFO">Clicking button 'xpath=/html/body/div[1]/div/div[2]/div/div[2]/form/button'.</msg>
<arg>${BOTAO_CADASTRAR}</arg>
<doc>Clicks the button identified by ``locator``.</doc>
<status status="PASS" start="2026-03-22T14:05:07.886017" elapsed="0.143195"/>
</kw>
<status status="PASS" start="2026-03-22T14:05:07.233151" elapsed="0.796388"/>
</kw>
<kw name="Então o sistema deve exibir a mensagem &quot;Confirmação de senha não pode ser vazio&quot;" owner="cadastroSteps">
<kw name="Wait Until Element Is Visible" owner="SeleniumLibrary">
<arg>${LOCAL_TEXTO_CONFIRMAR_SENHA}</arg>
<arg>timeout=5s</arg>
<doc>Waits until the element ``locator`` is visible.</doc>
<status status="PASS" start="2026-03-22T14:05:08.032584" elapsed="0.040506"/>
</kw>
<kw name="Element Should Contain" owner="SeleniumLibrary">
<msg time="2026-03-22T14:05:08.116972" level="INFO">Element 'xpath=/html/body/div[1]/div/div[2]/div/div[2]/form/div[5]/div/p' contains text 'É campo obrigatório'.</msg>
<arg>${LOCAL_TEXTO_CONFIRMAR_SENHA}</arg>
<arg>É campo obrigatório</arg>
<doc>Verifies that element ``locator`` contains text ``expected``.</doc>
<status status="PASS" start="2026-03-22T14:05:08.073481" elapsed="0.043613"/>
</kw>
<status status="PASS" start="2026-03-22T14:05:08.031752" elapsed="0.085476"/>
</kw>
<kw name="Close All Browsers" owner="SeleniumLibrary" type="TEARDOWN">
<doc>Closes all open browsers and resets the browser cache.</doc>
<status status="PASS" start="2026-03-22T14:05:08.117862" elapsed="2.476142"/>
</kw>
<doc>Página de Cadastro</doc>
<status status="PASS" start="2026-03-22T14:05:03.744405" elapsed="6.850440"/>
</test>
<test id="s1-s1-t5" name="CT005 – Cadastro com opção Criar conta com saldo" line="36">
<kw name="Open Browser" owner="SeleniumLibrary" type="SETUP">
<msg time="2026-03-22T14:05:10.602310" level="INFO">Opening browser 'chrome' to base url 'https://bugbank.netlify.app/'.</msg>
<arg>${BASE_URL}</arg>
<arg>${BROWSER}</arg>
<arg>options=${CHROME_OPTIONS}</arg>
<doc>Opens a new browser instance to the optional ``url``.</doc>
<status status="PASS" start="2026-03-22T14:05:10.600968" elapsed="2.737715"/>
</kw>
<kw name="Dado que o usuário esteja na página de cadastro" owner="cadastroSteps">
<kw name="Maximize Browser Window" owner="SeleniumLibrary">
<doc>Maximizes current browser window.</doc>
<status status="PASS" start="2026-03-22T14:05:13.346257" elapsed="0.706521"/>
</kw>
<kw name="Wait Until Element Is Visible" owner="SeleniumLibrary">
<arg>${BOTAO_REGISTRAR}</arg>
<arg>timeout=5s</arg>
<doc>Waits until the element ``locator`` is visible.</doc>
<status status="PASS" start="2026-03-22T14:05:14.053171" elapsed="0.126615"/>
</kw>
<kw name="Click Button" owner="SeleniumLibrary">
<msg time="2026-03-22T14:05:14.181003" level="INFO">Clicking button 'xpath=/html/body/div[1]/div/div[2]/div/div[1]/form/div[3]/button[2]'.</msg>
<arg>${BOTAO_REGISTRAR}</arg>
<doc>Clicks the button identified by ``locator``.</doc>
<status status="PASS" start="2026-03-22T14:05:14.180270" elapsed="0.185143"/>
</kw>
<status status="PASS" start="2026-03-22T14:05:13.345423" elapsed="1.020360"/>
</kw>
<kw name="E que o usuário ative a opção &quot;Criar conta com saldo&quot;" owner="cadastroSteps">
<kw name="Wait Until Element Is Visible" owner="SeleniumLibrary">
<arg>${BOTAO_CADASTRAR}</arg>
<arg>timeout=5s</arg>
<doc>Waits until the element ``locator`` is visible.</doc>
<status status="PASS" start="2026-03-22T14:05:14.368325" elapsed="0.037954"/>
</kw>
<kw name="Execute Javascript" owner="SeleniumLibrary">
<msg time="2026-03-22T14:05:14.407284" level="INFO">Executing JavaScript:
document.getElementById("toggleAddBalance").click()
Without any arguments.</msg>
<arg>document.getElementById("toggleAddBalance").click()</arg>
<doc>Executes the given JavaScript code with possible arguments.</doc>
<status status="PASS" start="2026-03-22T14:05:14.406593" elapsed="0.016861"/>
</kw>
<status status="PASS" start="2026-03-22T14:05:14.367577" elapsed="0.056030"/>
</kw>
<kw name="Quando o usuário preencher Nome, Email, Senha e Confirmação de senha corretamente" owner="cadastroSteps">
<kw name="Wait Until Element Is Visible" owner="SeleniumLibrary">
<arg>${BOTAO_CADASTRAR}</arg>
<arg>timeout=5s</arg>
<doc>Waits until the element ``locator`` is visible.</doc>
<status status="PASS" start="2026-03-22T14:05:14.428948" elapsed="0.027658"/>
</kw>
<kw name="Input Text" owner="SeleniumLibrary">
<msg time="2026-03-22T14:05:14.458095" level="INFO">Typing text 'Teste Automação' into text field 'xpath=/html/body/div[1]/div/div[2]/div/div[2]/form/div[3]/input'.</msg>
<arg>${CAMPO_NOME}</arg>
<arg>Teste Automação</arg>
<doc>Types the given ``text`` into the text field identified by ``locator``.</doc>
<status status="PASS" start="2026-03-22T14:05:14.456861" elapsed="0.240694"/>
</kw>
<kw name="Input Text" owner="SeleniumLibrary">
<msg time="2026-03-22T14:05:14.698731" level="INFO">Typing text 'email_teste@uorak.com' into text field 'xpath=/html/body/div[1]/div/div[2]/div/div[2]/form/div[2]/input'.</msg>
<arg>${CAMPO_EMAIL_CADASTRO}</arg>
<arg>email_teste@uorak.com</arg>
<doc>Types the given ``text`` into the text field identified by ``locator``.</doc>
<status status="PASS" start="2026-03-22T14:05:14.698123" elapsed="0.221420"/>
</kw>
<kw name="Input Text" owner="SeleniumLibrary">
<msg time="2026-03-22T14:05:14.920765" level="INFO">Typing text 'eumesmo123' into text field 'xpath=/html/body/div[1]/div/div[2]/div/div[2]/form/div[4]/div/input'.</msg>
<arg>${CAMPO_SENHA_CADASTRO}</arg>
<arg>eumesmo123</arg>
<doc>Types the given ``text`` into the text field identified by ``locator``.</doc>
<status status="PASS" start="2026-03-22T14:05:14.920044" elapsed="0.170410"/>
</kw>
<kw name="Input Text" owner="SeleniumLibrary">
<msg time="2026-03-22T14:05:15.093690" level="INFO">Typing text 'eumesmo123' into text field 'xpath=/html/body/div[1]/div/div[2]/div/div[2]/form/div[5]/div/input'.</msg>
<arg>${CAMPO_CONFIRMAR_SENHA}</arg>
<arg>eumesmo123</arg>
<doc>Types the given ``text`` into the text field identified by ``locator``.</doc>
<status status="PASS" start="2026-03-22T14:05:15.092888" elapsed="0.146931"/>
</kw>
<status status="PASS" start="2026-03-22T14:05:14.424492" elapsed="0.815537"/>
</kw>
<kw name="E confirmar o cadastro" owner="cadastroSteps">
<kw name="Click Button" owner="SeleniumLibrary">
<msg time="2026-03-22T14:05:15.243532" level="INFO">Clicking button 'xpath=/html/body/div[1]/div/div[2]/div/div[2]/form/button'.</msg>
<arg>${BOTAO_CADASTRAR}</arg>
<doc>Clicks the button identified by ``locator``.</doc>
<status status="PASS" start="2026-03-22T14:05:15.242802" elapsed="0.153235"/>
</kw>
<status status="PASS" start="2026-03-22T14:05:15.241477" elapsed="0.154758"/>
</kw>
<kw name="Então o sistema deve criar a conta com saldo de R$ 1.000,00" owner="cadastroSteps">
<kw name="Wait Until Element Is Visible" owner="SeleniumLibrary">
<arg>${LOCAL_TEXTO_MODAL}</arg>
<arg>timeout=5s</arg>
<doc>Waits until the element ``locator`` is visible.</doc>
<status status="PASS" start="2026-03-22T14:05:15.397498" elapsed="0.252728"/>
</kw>
<kw name="Element Should Contain" owner="SeleniumLibrary">
<msg time="2026-03-22T14:05:15.682855" level="INFO">Element 'xpath=//*[@id="modalText"]' contains text 'criada com sucesso'.</msg>
<arg>${LOCAL_TEXTO_MODAL}</arg>
<arg>criada com sucesso</arg>
<doc>Verifies that element ``locator`` contains text ``expected``.</doc>
<status status="PASS" start="2026-03-22T14:05:15.650476" elapsed="0.032645"/>
</kw>
<status status="PASS" start="2026-03-22T14:05:15.396972" elapsed="0.286357"/>
</kw>
<kw name="Close All Browsers" owner="SeleniumLibrary" type="TEARDOWN">
<doc>Closes all open browsers and resets the browser cache.</doc>
<status status="PASS" start="2026-03-22T14:05:15.684081" elapsed="2.790109"/>
</kw>
<doc>Página de Cadastro</doc>
<status status="PASS" start="2026-03-22T14:05:10.598147" elapsed="7.876749"/>
</test>
<test id="s1-s1-t6" name="CT006 – Cadastro com opção Criar conta sem saldo" line="44">
<kw name="Open Browser" owner="SeleniumLibrary" type="SETUP">
<msg time="2026-03-22T14:05:18.479135" level="INFO">Opening browser 'chrome' to base url 'https://bugbank.netlify.app/'.</msg>
<arg>${BASE_URL}</arg>
<arg>${BROWSER}</arg>
<arg>options=${CHROME_OPTIONS}</arg>
<doc>Opens a new browser instance to the optional ``url``.</doc>
<status status="PASS" start="2026-03-22T14:05:18.478365" elapsed="2.439957"/>
</kw>
<kw name="Dado que o usuário esteja na página de cadastro" owner="cadastroSteps">
<kw name="Maximize Browser Window" owner="SeleniumLibrary">
<doc>Maximizes current browser window.</doc>
<status status="PASS" start="2026-03-22T14:05:20.933361" elapsed="0.638745"/>
</kw>
<kw name="Wait Until Element Is Visible" owner="SeleniumLibrary">
<arg>${BOTAO_REGISTRAR}</arg>
<arg>timeout=5s</arg>
<doc>Waits until the element ``locator`` is visible.</doc>
<status status="PASS" start="2026-03-22T14:05:21.573193" elapsed="0.074630"/>
</kw>
<kw name="Click Button" owner="SeleniumLibrary">
<msg time="2026-03-22T14:05:21.648906" level="INFO">Clicking button 'xpath=/html/body/div[1]/div/div[2]/div/div[1]/form/div[3]/button[2]'.</msg>
<arg>${BOTAO_REGISTRAR}</arg>
<doc>Clicks the button identified by ``locator``.</doc>
<status status="PASS" start="2026-03-22T14:05:21.648276" elapsed="0.203406"/>
</kw>
<status status="PASS" start="2026-03-22T14:05:20.932646" elapsed="0.919278"/>
</kw>
<kw name="E que o usuário deixe inativa a opção &quot;Criar conta com saldo&quot;" owner="cadastroSteps">
<kw name="Wait Until Element Is Visible" owner="SeleniumLibrary">
<arg>${BOTAO_CADASTRAR}</arg>
<arg>timeout=5s</arg>
<doc>Waits until the element ``locator`` is visible.</doc>
<status status="PASS" start="2026-03-22T14:05:21.863024" elapsed="0.042207"/>
</kw>
<kw name="Quando o usuário preencher Nome, Email, Senha e Confirmação de senha corretamente" owner="cadastroSteps">
<kw name="Wait Until Element Is Visible" owner="SeleniumLibrary">
<arg>${BOTAO_CADASTRAR}</arg>
<arg>timeout=5s</arg>
<doc>Waits until the element ``locator`` is visible.</doc>
<status status="PASS" start="2026-03-22T14:05:21.906970" elapsed="0.028456"/>
</kw>
<kw name="Input Text" owner="SeleniumLibrary">
<msg time="2026-03-22T14:05:21.935944" level="INFO">Typing text 'Teste Automação' into text field 'xpath=/html/body/div[1]/div/div[2]/div/div[2]/form/div[3]/input'.</msg>
<arg>${CAMPO_NOME}</arg>
<arg>Teste Automação</arg>
<doc>Types the given ``text`` into the text field identified by ``locator``.</doc>
<status status="PASS" start="2026-03-22T14:05:21.935647" elapsed="0.215283"/>
</kw>
<kw name="Input Text" owner="SeleniumLibrary">
<msg time="2026-03-22T14:05:22.151894" level="INFO">Typing text 'email_teste@uorak.com' into text field 'xpath=/html/body/div[1]/div/div[2]/div/div[2]/form/div[2]/input'.</msg>
<arg>${CAMPO_EMAIL_CADASTRO}</arg>
<arg>email_teste@uorak.com</arg>
<doc>Types the given ``text`` into the text field identified by ``locator``.</doc>
<status status="PASS" start="2026-03-22T14:05:22.151334" elapsed="0.212673"/>
</kw>
<kw name="Input Text" owner="SeleniumLibrary">
<msg time="2026-03-22T14:05:22.365127" level="INFO">Typing text 'eumesmo123' into text field 'xpath=/html/body/div[1]/div/div[2]/div/div[2]/form/div[4]/div/input'.</msg>
<arg>${CAMPO_SENHA_CADASTRO}</arg>
<arg>eumesmo123</arg>
<doc>Types the given ``text`` into the text field identified by ``locator``.</doc>
<status status="PASS" start="2026-03-22T14:05:22.364574" elapsed="0.182748"/>
</kw>
<kw name="Input Text" owner="SeleniumLibrary">
<msg time="2026-03-22T14:05:22.548102" level="INFO">Typing text 'eumesmo123' into text field 'xpath=/html/body/div[1]/div/div[2]/div/div[2]/form/div[5]/div/input'.</msg>
<arg>${CAMPO_CONFIRMAR_SENHA}</arg>
<arg>eumesmo123</arg>
<doc>Types the given ``text`` into the text field identified by ``locator``.</doc>
<status status="PASS" start="2026-03-22T14:05:22.547699" elapsed="0.164438"/>
</kw>
<status status="PASS" start="2026-03-22T14:05:21.905569" elapsed="0.806846"/>
</kw>
<status status="PASS" start="2026-03-22T14:05:21.860378" elapsed="0.852221"/>
</kw>
<kw name="Quando o usuário preencher Nome, Email, Senha e Confirmação de senha corretamente" owner="cadastroSteps">
<kw name="Wait Until Element Is Visible" owner="SeleniumLibrary">
<arg>${BOTAO_CADASTRAR}</arg>
<arg>timeout=5s</arg>
<doc>Waits until the element ``locator`` is visible.</doc>
<status status="PASS" start="2026-03-22T14:05:22.713913" elapsed="0.022913"/>
</kw>
<kw name="Input Text" owner="SeleniumLibrary">
<msg time="2026-03-22T14:05:22.737400" level="INFO">Typing text 'Teste Automação' into text field 'xpath=/html/body/div[1]/div/div[2]/div/div[2]/form/div[3]/input'.</msg>
<arg>${CAMPO_NOME}</arg>
<arg>Teste Automação</arg>
<doc>Types the given ``text`` into the text field identified by ``locator``.</doc>
<status status="PASS" start="2026-03-22T14:05:22.737074" elapsed="0.166114"/>
</kw>
<kw name="Input Text" owner="SeleniumLibrary">
<msg time="2026-03-22T14:05:22.904067" level="INFO">Typing text 'email_teste@uorak.com' into text field 'xpath=/html/body/div[1]/div/div[2]/div/div[2]/form/div[2]/input'.</msg>
<arg>${CAMPO_EMAIL_CADASTRO}</arg>
<arg>email_teste@uorak.com</arg>
<doc>Types the given ``text`` into the text field identified by ``locator``.</doc>
<status status="PASS" start="2026-03-22T14:05:22.903545" elapsed="0.177704"/>
</kw>
<kw name="Input Text" owner="SeleniumLibrary">
<msg time="2026-03-22T14:05:23.081918" level="INFO">Typing text 'eumesmo123' into text field 'xpath=/html/body/div[1]/div/div[2]/div/div[2]/form/div[4]/div/input'.</msg>
<arg>${CAMPO_SENHA_CADASTRO}</arg>
<arg>eumesmo123</arg>
<doc>Types the given ``text`` into the text field identified by ``locator``.</doc>
<status status="PASS" start="2026-03-22T14:05:23.081527" elapsed="0.144594"/>
</kw>
<kw name="Input Text" owner="SeleniumLibrary">
<msg time="2026-03-22T14:05:23.226997" level="INFO">Typing text 'eumesmo123' into text field 'xpath=/html/body/div[1]/div/div[2]/div/div[2]/form/div[5]/div/input'.</msg>
<arg>${CAMPO_CONFIRMAR_SENHA}</arg>
<arg>eumesmo123</arg>
<doc>Types the given ``text`` into the text field identified by ``locator``.</doc>
<status status="PASS" start="2026-03-22T14:05:23.226630" elapsed="0.138150"/>
</kw>
<status status="PASS" start="2026-03-22T14:05:22.713305" elapsed="0.651807"/>
</kw>
<kw name="E confirmar o cadastro" owner="cadastroSteps">
<kw name="Click Button" owner="SeleniumLibrary">
<msg time="2026-03-22T14:05:23.367675" level="INFO">Clicking button 'xpath=/html/body/div[1]/div/div[2]/div/div[2]/form/button'.</msg>
<arg>${BOTAO_CADASTRAR}</arg>
<doc>Clicks the button identified by ``locator``.</doc>
<status status="PASS" start="2026-03-22T14:05:23.366949" elapsed="0.143010"/>
</kw>
<status status="PASS" start="2026-03-22T14:05:23.365669" elapsed="0.144480"/>
</kw>
<kw name="Então o sistema deve criar a conta com saldo de R$ 0,00" owner="cadastroSteps">
<kw name="Wait Until Element Is Visible" owner="SeleniumLibrary">
<arg>${LOCAL_TEXTO_MODAL}</arg>
<arg>timeout=5s</arg>
<doc>Waits until the element ``locator`` is visible.</doc>
<status status="PASS" start="2026-03-22T14:05:23.511731" elapsed="0.258782"/>
</kw>
<kw name="Element Should Contain" owner="SeleniumLibrary">
<msg time="2026-03-22T14:05:23.803183" level="INFO">Element 'xpath=//*[@id="modalText"]' contains text 'criada com sucesso'.</msg>
<arg>${LOCAL_TEXTO_MODAL}</arg>
<arg>criada com sucesso</arg>
<doc>Verifies that element ``locator`` contains text ``expected``.</doc>
<status status="PASS" start="2026-03-22T14:05:23.770886" elapsed="0.032435"/>
</kw>
<kw name="Wait Until Element Is Visible" owner="SeleniumLibrary">
<arg>xpath=/html/body/div[1]/div/div[3]/div/div[1]/a</arg>
<arg>timeout=5s</arg>
<doc>Waits until the element ``locator`` is visible.</doc>
<status status="PASS" start="2026-03-22T14:05:23.803565" elapsed="0.031144"/>
</kw>
<kw name="Click Element" owner="SeleniumLibrary">
<msg time="2026-03-22T14:05:23.835553" level="INFO">Clicking element 'xpath=/html/body/div[1]/div/div[3]/div/div[1]/a'.</msg>
<arg>xpath=/html/body/div[1]/div/div[3]/div/div[1]/a</arg>
<doc>Click the element identified by ``locator``.</doc>
<status status="PASS" start="2026-03-22T14:05:23.835095" elapsed="0.108694"/>
</kw>
<status status="PASS" start="2026-03-22T14:05:23.510974" elapsed="0.433024"/>
</kw>
<kw name="Close All Browsers" owner="SeleniumLibrary" type="TEARDOWN">
<doc>Closes all open browsers and resets the browser cache.</doc>
<status status="PASS" start="2026-03-22T14:05:23.944831" elapsed="2.587742"/>
</kw>
<doc>Página de Cadastro</doc>
<status status="PASS" start="2026-03-22T14:05:18.476815" elapsed="8.058153"/>
</test>
<doc>Teste exemplo Robot Framework.</doc>
<status status="PASS" start="2026-03-22T14:04:41.640640" elapsed="44.904374"/>
</suite>
<suite id="s1-s2" name="Login" source="C:\Users\tonyk\Documents\Documentos_QA\Automações\BugBank_RobotFramework.Testes\robot-framework\tests\login.robot">
<test id="s1-s2-t1" name="CT01 – Login sem preencher email e senha" line="14">
<kw name="Open Browser" owner="SeleniumLibrary" type="SETUP">
<msg time="2026-03-22T14:05:26.581700" level="INFO">Opening browser 'chrome' to base url 'https://bugbank.netlify.app/'.</msg>
<arg>${BASE_URL}</arg>
<arg>${BROWSER}</arg>
<arg>options=${CHROME_OPTIONS}</arg>
<doc>Opens a new browser instance to the optional ``url``.</doc>
<status status="PASS" start="2026-03-22T14:05:26.580658" elapsed="3.546201"/>
</kw>
<kw name="Dado que o usuário esteja na página de login" owner="loginSteps">
<kw name="Maximize Browser Window" owner="SeleniumLibrary">
<doc>Maximizes current browser window.</doc>
<status status="PASS" start="2026-03-22T14:05:30.130065" elapsed="0.150093"/>
</kw>
<status status="PASS" start="2026-03-22T14:05:30.128837" elapsed="0.151666"/>
</kw>
<kw name="Quando o usuário clicar no botão &quot;Acessar&quot; sem preencher os campos de email e senha" owner="loginSteps">
<kw name="Wait Until Element Is Visible" owner="SeleniumLibrary">
<arg>${BOTAO_ACESSAR}</arg>
<arg>timeout=5s</arg>
<doc>Waits until the element ``locator`` is visible.</doc>
<status status="PASS" start="2026-03-22T14:05:30.285728" elapsed="0.067742"/>
</kw>
<kw name="E clicar no botão &quot;Acessar&quot;" owner="loginSteps">
<kw name="Wait Until Element Is Visible" owner="SeleniumLibrary">
<arg>${BOTAO_ACESSAR}</arg>
<arg>timeout=5s</arg>
<doc>Waits until the element ``locator`` is visible.</doc>
<status status="PASS" start="2026-03-22T14:05:30.354958" elapsed="0.044388"/>
</kw>
<kw name="Click Button" owner="SeleniumLibrary">
<msg time="2026-03-22T14:05:30.399924" level="INFO">Clicking button 'xpath=/html/body/div[1]/div/div[2]/div/div[1]/form/div[3]/button[1]'.</msg>
<arg>${BOTAO_ACESSAR}</arg>
<doc>Clicks the button identified by ``locator``.</doc>
<status status="PASS" start="2026-03-22T14:05:30.399599" elapsed="0.136189"/>
</kw>
<status status="PASS" start="2026-03-22T14:05:30.353793" elapsed="0.182275"/>
</kw>
<status status="PASS" start="2026-03-22T14:05:30.283001" elapsed="0.253304"/>
</kw>
<kw name="Então o sistema deve exibir uma mensagem de erro indicando que os campos de email e senha são obrigatórios" owner="loginSteps">
<kw name="Element Should Be Visible" owner="SeleniumLibrary">
<msg time="2026-03-22T14:05:30.582186" level="INFO">Element 'xpath=/html/body/div[1]/div/div[2]/div/div[1]/form/div[1]/p' is displayed.</msg>
<arg>${CAMPO_MSG_EMAIL_OBRIGATORIO}</arg>
<arg>timeout=5s</arg>
<doc>Verifies that the element identified by ``locator`` is visible.</doc>
<status status="PASS" start="2026-03-22T14:05:30.538501" elapsed="0.043894"/>
</kw>
<kw name="Element Text Should Be" owner="SeleniumLibrary">
<msg time="2026-03-22T14:05:30.583307" level="INFO">Verifying element 'xpath=/html/body/div[1]/div/div[2]/div/div[1]/form/div[1]/p' contains exact text 'É campo obrigatório'.</msg>
<arg>${CAMPO_MSG_EMAIL_OBRIGATORIO}</arg>
<arg>É campo obrigatório</arg>
<doc>Verifies that element ``locator`` contains exact the text ``expected``.</doc>
<status status="PASS" start="2026-03-22T14:05:30.582767" elapsed="0.048713"/>
</kw>
<kw name="Element Should Be Visible" owner="SeleniumLibrary">
<msg time="2026-03-22T14:05:30.662839" level="INFO">Element 'xpath=/html/body/div[1]/div/div[2]/div/div[1]/form/div[2]/div/p' is displayed.</msg>
<arg>${CAMPO_MSG_SENHA_OBRIGATORIA}</arg>
<arg>timeout=5s</arg>
<doc>Verifies that the element identified by ``locator`` is visible.</doc>
<status status="PASS" start="2026-03-22T14:05:30.631734" elapsed="0.031248"/>
</kw>
<kw name="Element Text Should Be" owner="SeleniumLibrary">
<msg time="2026-03-22T14:05:30.663618" level="INFO">Verifying element 'xpath=/html/body/div[1]/div/div[2]/div/div[1]/form/div[2]/div/p' contains exact text 'É campo obrigatório'.</msg>
<arg>${CAMPO_MSG_SENHA_OBRIGATORIA}</arg>
<arg>É campo obrigatório</arg>
<doc>Verifies that element ``locator`` contains exact the text ``expected``.</doc>
<status status="PASS" start="2026-03-22T14:05:30.663242" elapsed="0.024005"/>
</kw>
<status status="PASS" start="2026-03-22T14:05:30.537056" elapsed="0.150986"/>
</kw>
<kw name="Close All Browsers" owner="SeleniumLibrary" type="TEARDOWN">
<doc>Closes all open browsers and resets the browser cache.</doc>
<status status="PASS" start="2026-03-22T14:05:30.692732" elapsed="2.593543"/>
</kw>
<doc>Página de Login</doc>
<status status="PASS" start="2026-03-22T14:05:26.579350" elapsed="6.707388"/>
</test>
<test id="s1-s2-t2" name="CT02 – Login sem preencher apenas email" line="20">
<kw name="Open Browser" owner="SeleniumLibrary" type="SETUP">
<msg time="2026-03-22T14:05:33.290585" level="INFO">Opening browser 'chrome' to base url 'https://bugbank.netlify.app/'.</msg>
<arg>${BASE_URL}</arg>
<arg>${BROWSER}</arg>
<arg>options=${CHROME_OPTIONS}</arg>
<doc>Opens a new browser instance to the optional ``url``.</doc>
<status status="PASS" start="2026-03-22T14:05:33.290104" elapsed="3.189239"/>
</kw>
<kw name="Dado que o usuário esteja na página de login" owner="loginSteps">
<kw name="Maximize Browser Window" owner="SeleniumLibrary">
<doc>Maximizes current browser window.</doc>
<status status="PASS" start="2026-03-22T14:05:36.480440" elapsed="0.099552"/>
</kw>
<status status="PASS" start="2026-03-22T14:05:36.479983" elapsed="0.100788"/>
</kw>
<kw name="Quando o usuário clicar no botão &quot;Acessar&quot; sem preencher o campo de email" owner="loginSteps">
<kw name="Wait Until Element Is Visible" owner="SeleniumLibrary">
<arg>${BOTAO_ACESSAR}</arg>
<arg>timeout=5s</arg>
<doc>Waits until the element ``locator`` is visible.</doc>
<status status="PASS" start="2026-03-22T14:05:36.597722" elapsed="0.066419"/>
</kw>
<kw name="Input Text" owner="SeleniumLibrary">
<msg time="2026-03-22T14:05:36.664917" level="INFO">Typing text 'eumesmo123' into text field 'xpath=/html/body/div[1]/div/div[2]/div/div[1]/form/div[2]/div/input'.</msg>
<arg>${CAMPO_SENHA}</arg>
<arg>${SENHA_VALIDA}</arg>
<doc>Types the given ``text`` into the text field identified by ``locator``.</doc>
<status status="PASS" start="2026-03-22T14:05:36.664470" elapsed="0.210680"/>
</kw>
<kw name="E clicar no botão &quot;Acessar&quot;" owner="loginSteps">
<kw name="Wait Until Element Is Visible" owner="SeleniumLibrary">
<arg>${BOTAO_ACESSAR}</arg>
<arg>timeout=5s</arg>
<doc>Waits until the element ``locator`` is visible.</doc>
<status status="PASS" start="2026-03-22T14:05:36.876318" elapsed="0.021028"/>
</kw>
<kw name="Click Button" owner="SeleniumLibrary">
<msg time="2026-03-22T14:05:36.897865" level="INFO">Clicking button 'xpath=/html/body/div[1]/div/div[2]/div/div[1]/form/div[3]/button[1]'.</msg>
<arg>${BOTAO_ACESSAR}</arg>
<doc>Clicks the button identified by ``locator``.</doc>
<status status="PASS" start="2026-03-22T14:05:36.897579" elapsed="0.149512"/>
</kw>
<status status="PASS" start="2026-03-22T14:05:36.875862" elapsed="0.171412"/>
</kw>
<status status="PASS" start="2026-03-22T14:05:36.595676" elapsed="0.451715"/>
</kw>
<kw name="Então o sistema deve exibir uma mensagem de erro indicando que o campo de email é obrigatório" owner="loginSteps">
<kw name="Wait Until Element Is Visible" owner="SeleniumLibrary">
<arg>${CAMPO_MSG_EMAIL_OBRIGATORIO}</arg>
<arg>timeout=5s</arg>
<doc>Waits until the element ``locator`` is visible.</doc>
<status status="PASS" start="2026-03-22T14:05:37.048442" elapsed="0.036289"/>
</kw>
<kw name="Element Text Should Be" owner="SeleniumLibrary">
<msg time="2026-03-22T14:05:37.085567" level="INFO">Verifying element 'xpath=/html/body/div[1]/div/div[2]/div/div[1]/form/div[1]/p' contains exact text 'É campo obrigatório'.</msg>
<arg>${CAMPO_MSG_EMAIL_OBRIGATORIO}</arg>
<arg>É campo obrigatório</arg>
<doc>Verifies that element ``locator`` contains exact the text ``expected``.</doc>
<status status="PASS" start="2026-03-22T14:05:37.085010" elapsed="0.045517"/>
</kw>
<status status="PASS" start="2026-03-22T14:05:37.047964" elapsed="0.082716"/>
</kw>
<kw name="Close All Browsers" owner="SeleniumLibrary" type="TEARDOWN">
<doc>Closes all open browsers and resets the browser cache.</doc>
<status status="PASS" start="2026-03-22T14:05:37.131216" elapsed="2.603110"/>
</kw>
<doc>Página de Login</doc>
<status status="PASS" start="2026-03-22T14:05:33.288848" elapsed="6.446469"/>
</test>
<test id="s1-s2-t3" name="CT03 – Login sem preencher apenas senha" line="26">
<kw name="Open Browser" owner="SeleniumLibrary" type="SETUP">
<msg time="2026-03-22T14:05:39.744881" level="INFO">Opening browser 'chrome' to base url 'https://bugbank.netlify.app/'.</msg>
<arg>${BASE_URL}</arg>
<arg>${BROWSER}</arg>
<arg>options=${CHROME_OPTIONS}</arg>
<doc>Opens a new browser instance to the optional ``url``.</doc>
<status status="PASS" start="2026-03-22T14:05:39.743511" elapsed="2.800685"/>
</kw>
<kw name="Dado que o usuário esteja na página de login" owner="loginSteps">
<kw name="Maximize Browser Window" owner="SeleniumLibrary">
<doc>Maximizes current browser window.</doc>
<status status="PASS" start="2026-03-22T14:05:42.548549" elapsed="0.581971"/>
</kw>
<status status="PASS" start="2026-03-22T14:05:42.547774" elapsed="0.583171"/>
</kw>
<kw name="Quando o usuário clicar no botão &quot;Acessar&quot; sem preencher o campo de senha" owner="loginSteps">
<kw name="Wait Until Element Is Visible" owner="SeleniumLibrary">
<arg>${BOTAO_ACESSAR}</arg>
<arg>timeout=5s</arg>
<doc>Waits until the element ``locator`` is visible.</doc>
<status status="PASS" start="2026-03-22T14:05:43.137652" elapsed="0.062006"/>
</kw>
<kw name="Input Text" owner="SeleniumLibrary">
<msg time="2026-03-22T14:05:43.200588" level="INFO">Typing text 'email_teste@uorak.com' into text field 'xpath=/html/body/div[1]/div/div[2]/div/div[1]/form/div[1]/input'.</msg>
<arg>${CAMPO_EMAIL}</arg>
<arg>${EMAIL_VALIDO}</arg>
<doc>Types the given ``text`` into the text field identified by ``locator``.</doc>
<status status="PASS" start="2026-03-22T14:05:43.200030" elapsed="0.255894"/>
</kw>
<kw name="E clicar no botão &quot;Acessar&quot;" owner="loginSteps">
<kw name="Wait Until Element Is Visible" owner="SeleniumLibrary">
<arg>${BOTAO_ACESSAR}</arg>
<arg>timeout=5s</arg>
<doc>Waits until the element ``locator`` is visible.</doc>
<status status="PASS" start="2026-03-22T14:05:43.457007" elapsed="0.027125"/>
</kw>
<kw name="Click Button" owner="SeleniumLibrary">
<msg time="2026-03-22T14:05:43.484649" level="INFO">Clicking button 'xpath=/html/body/div[1]/div/div[2]/div/div[1]/form/div[3]/button[1]'.</msg>
<arg>${BOTAO_ACESSAR}</arg>
<doc>Clicks the button identified by ``locator``.</doc>
<status status="PASS" start="2026-03-22T14:05:43.484360" elapsed="0.141807"/>
</kw>
<status status="PASS" start="2026-03-22T14:05:43.456393" elapsed="0.170040"/>
</kw>
<status status="PASS" start="2026-03-22T14:05:43.134512" elapsed="0.492117"/>
</kw>
<kw name="Então o sistema deve exibir uma mensagem de erro indicando que o campo de senha é obrigatório" owner="loginSteps">
<kw name="Wait Until Element Is Visible" owner="SeleniumLibrary">
<arg>${CAMPO_MSG_SENHA_OBRIGATORIA}</arg>
<arg>timeout=5s</arg>
<doc>Waits until the element ``locator`` is visible.</doc>
<status status="PASS" start="2026-03-22T14:05:43.627818" elapsed="0.032447"/>
</kw>
<kw name="Element Text Should Be" owner="SeleniumLibrary">
<msg time="2026-03-22T14:05:43.660988" level="INFO">Verifying element 'xpath=/html/body/div[1]/div/div[2]/div/div[1]/form/div[2]/div/p' contains exact text 'É campo obrigatório'.</msg>
<arg>${CAMPO_MSG_SENHA_OBRIGATORIA}</arg>
<arg>É campo obrigatório</arg>
<doc>Verifies that element ``locator`` contains exact the text ``expected``.</doc>
<status status="PASS" start="2026-03-22T14:05:43.660570" elapsed="0.051278"/>
</kw>
<status status="PASS" start="2026-03-22T14:05:43.627303" elapsed="0.084734"/>
</kw>
<kw name="Close All Browsers" owner="SeleniumLibrary" type="TEARDOWN">
<doc>Closes all open browsers and resets the browser cache.</doc>
<status status="PASS" start="2026-03-22T14:05:43.712636" elapsed="2.556415"/>
</kw>
<doc>Página de Login</doc>
<status status="PASS" start="2026-03-22T14:05:39.741113" elapsed="6.529212"/>
</test>
<test id="s1-s2-t4" name="CT04 – Login com email não cadastrado" line="32">
<kw name="Open Browser" owner="SeleniumLibrary" type="SETUP">
<msg time="2026-03-22T14:05:46.280271" level="INFO">Opening browser 'chrome' to base url 'https://bugbank.netlify.app/'.</msg>
<arg>${BASE_URL}</arg>
<arg>${BROWSER}</arg>
<arg>options=${CHROME_OPTIONS}</arg>
<doc>Opens a new browser instance to the optional ``url``.</doc>
<status status="PASS" start="2026-03-22T14:05:46.278432" elapsed="3.336729"/>
</kw>
<kw name="Dado que o usuário esteja na página de login" owner="loginSteps">
<kw name="Maximize Browser Window" owner="SeleniumLibrary">
<doc>Maximizes current browser window.</doc>
<status status="PASS" start="2026-03-22T14:05:49.616718" elapsed="0.080704"/>
</kw>
<status status="PASS" start="2026-03-22T14:05:49.616027" elapsed="0.081900"/>
</kw>
<kw name="Quando o usuário preencher o campo de email com um endereço de email não cadastrado e clicar no botão &quot;Acessar&quot;" owner="loginSteps">
<kw name="Wait Until Element Is Visible" owner="SeleniumLibrary">
<arg>${BOTAO_ACESSAR}</arg>
<arg>timeout=5s</arg>
<doc>Waits until the element ``locator`` is visible.</doc>
<status status="PASS" start="2026-03-22T14:05:49.706553" elapsed="0.092605"/>
</kw>
<kw name="Input Text" owner="SeleniumLibrary">
<msg time="2026-03-22T14:05:49.800144" level="INFO">Typing text 'email_nao_cadastrado@uorak.com' into text field 'xpath=/html/body/div[1]/div/div[2]/div/div[1]/form/div[1]/input'.</msg>
<arg>${CAMPO_EMAIL}</arg>
<arg>${EMAIL_NAO_CADASTRADO}</arg>
<doc>Types the given ``text`` into the text field identified by ``locator``.</doc>
<status status="PASS" start="2026-03-22T14:05:49.799566" elapsed="0.287244"/>
</kw>
<kw name="Input Text" owner="SeleniumLibrary">
<msg time="2026-03-22T14:05:50.087944" level="INFO">Typing text 'eumesmo123' into text field 'xpath=/html/body/div[1]/div/div[2]/div/div[1]/form/div[2]/div/input'.</msg>
<arg>${CAMPO_SENHA}</arg>
<arg>${SENHA_VALIDA}</arg>
<doc>Types the given ``text`` into the text field identified by ``locator``.</doc>
<status status="PASS" start="2026-03-22T14:05:50.087208" elapsed="0.154764"/>
</kw>
<kw name="E clicar no botão &quot;Acessar&quot;" owner="loginSteps">
<kw name="Wait Until Element Is Visible" owner="SeleniumLibrary">
<arg>${BOTAO_ACESSAR}</arg>
<arg>timeout=5s</arg>
<doc>Waits until the element ``locator`` is visible.</doc>
<status status="PASS" start="2026-03-22T14:05:50.243005" elapsed="0.021136"/>
</kw>
<kw name="Click Button" owner="SeleniumLibrary">
<msg time="2026-03-22T14:05:50.264653" level="INFO">Clicking button 'xpath=/html/body/div[1]/div/div[2]/div/div[1]/form/div[3]/button[1]'.</msg>
<arg>${BOTAO_ACESSAR}</arg>
<doc>Clicks the button identified by ``locator``.</doc>
<status status="PASS" start="2026-03-22T14:05:50.264370" elapsed="0.164972"/>
</kw>
<status status="PASS" start="2026-03-22T14:05:50.242395" elapsed="0.187162"/>
</kw>
<status status="PASS" start="2026-03-22T14:05:49.705334" elapsed="0.724365"/>
</kw>
<kw name="Então o sistema deve exibir uma mensagem de erro indicando que o email não está cadastrado" owner="loginSteps">
<kw name="Wait Until Element Is Visible" owner="SeleniumLibrary">
<arg>${LOCAL_USUARIO_NAO_CADASTRADO}</arg>
<arg>timeout=5s</arg>
<doc>Waits until the element ``locator`` is visible.</doc>
<status status="PASS" start="2026-03-22T14:05:50.431063" elapsed="0.258866"/>
</kw>
<kw name="Element Should Contain" owner="SeleniumLibrary">
<msg time="2026-03-22T14:05:50.724173" level="INFO">Element 'xpath=//*[@id="modalText"]' contains text 'Usuário ou senha inválido.'.</msg>
<arg>${LOCAL_USUARIO_NAO_CADASTRADO}</arg>
<arg>${USUARIO_NAO_CADASTRADO}</arg>
<doc>Verifies that element ``locator`` contains text ``expected``.</doc>
<status status="PASS" start="2026-03-22T14:05:50.690352" elapsed="0.034021"/>
</kw>
<status status="PASS" start="2026-03-22T14:05:50.430376" elapsed="0.294149"/>
</kw>
<kw name="Close All Browsers" owner="SeleniumLibrary" type="TEARDOWN">
<doc>Closes all open browsers and resets the browser cache.</doc>
<status status="PASS" start="2026-03-22T14:05:50.725285" elapsed="2.608937"/>
</kw>
<doc>Página de Login</doc>
<status status="PASS" start="2026-03-22T14:05:46.275300" elapsed="7.059558"/>
</test>
<test id="s1-s2-t5" name="CT05 – Login com senha incorreta" line="38">
<kw name="Open Browser" owner="SeleniumLibrary" type="SETUP">
<msg time="2026-03-22T14:05:53.338057" level="INFO">Opening browser 'chrome' to base url 'https://bugbank.netlify.app/'.</msg>
<arg>${BASE_URL}</arg>
<arg>${BROWSER}</arg>
<arg>options=${CHROME_OPTIONS}</arg>
<doc>Opens a new browser instance to the optional ``url``.</doc>
<status status="PASS" start="2026-03-22T14:05:53.337573" elapsed="2.672729"/>
</kw>
<kw name="Dado que o usuário esteja na página de login" owner="loginSteps">
<kw name="Maximize Browser Window" owner="SeleniumLibrary">
<doc>Maximizes current browser window.</doc>
<status status="PASS" start="2026-03-22T14:05:56.023741" elapsed="0.733100"/>
</kw>
<status status="PASS" start="2026-03-22T14:05:56.022921" elapsed="0.734171"/>
</kw>
<kw name="Quando o usuário preencher o campo de email cadastrado e o campo de senha com uma senha incorreta" owner="loginSteps">
<kw name="Wait Until Element Is Visible" owner="SeleniumLibrary">
<arg>${BOTAO_ACESSAR}</arg>
<arg>timeout=5s</arg>
<doc>Waits until the element ``locator`` is visible.</doc>
<status status="PASS" start="2026-03-22T14:05:56.759885" elapsed="0.117554"/>
</kw>
<kw name="Input Text" owner="SeleniumLibrary">
<msg time="2026-03-22T14:05:56.879004" level="INFO">Typing text 'email_teste@uorak.com' into text field 'xpath=/html/body/div[1]/div/div[2]/div/div[1]/form/div[1]/input'.</msg>
<arg>${CAMPO_EMAIL}</arg>
<arg>${EMAIL_VALIDO}</arg>
<doc>Types the given ``text`` into the text field identified by ``locator``.</doc>
<status status="PASS" start="2026-03-22T14:05:56.878031" elapsed="0.259792"/>
</kw>
<kw name="Input Text" owner="SeleniumLibrary">
<msg time="2026-03-22T14:05:57.138706" level="INFO">Typing text 'senha_incorreta123' into text field 'xpath=/html/body/div[1]/div/div[2]/div/div[1]/form/div[2]/div/input'.</msg>
<arg>${CAMPO_SENHA}</arg>
<arg>${SENHA_INCORRETA}</arg>
<doc>Types the given ``text`` into the text field identified by ``locator``.</doc>
<status status="PASS" start="2026-03-22T14:05:57.138263" elapsed="0.174335"/>
</kw>
<status status="PASS" start="2026-03-22T14:05:56.758251" elapsed="0.554732"/>
</kw>
<kw name="E clicar no botão &quot;Acessar&quot;" owner="loginSteps">
<kw name="Wait Until Element Is Visible" owner="SeleniumLibrary">
<arg>${BOTAO_ACESSAR}</arg>
<arg>timeout=5s</arg>
<doc>Waits until the element ``locator`` is visible.</doc>
<status status="PASS" start="2026-03-22T14:05:57.316506" elapsed="0.028797"/>
</kw>
<kw name="Click Button" owner="SeleniumLibrary">
<msg time="2026-03-22T14:05:57.345926" level="INFO">Clicking button 'xpath=/html/body/div[1]/div/div[2]/div/div[1]/form/div[3]/button[1]'.</msg>
<arg>${BOTAO_ACESSAR}</arg>
<doc>Clicks the button identified by ``locator``.</doc>
<status status="PASS" start="2026-03-22T14:05:57.345580" elapsed="0.175941"/>
</kw>
<status status="PASS" start="2026-03-22T14:05:57.315215" elapsed="0.206584"/>
</kw>
<kw name="Então o sistema deve exibir uma mensagem de erro indicando que a senha está incorreta" owner="loginSteps">
<kw name="Wait Until Element Is Visible" owner="SeleniumLibrary">
<arg>${LOCAL_USUARIO_NAO_CADASTRADO}</arg>
<arg>timeout=5s</arg>
<doc>Waits until the element ``locator`` is visible.</doc>
<status status="PASS" start="2026-03-22T14:05:57.523125" elapsed="0.254705"/>
</kw>
<kw name="Element Should Contain" owner="SeleniumLibrary">
<msg time="2026-03-22T14:05:57.808026" level="INFO">Element 'xpath=//*[@id="modalText"]' contains text 'Usuário ou senha inválido.'.</msg>
<arg>${LOCAL_USUARIO_NAO_CADASTRADO}</arg>
<arg>${USUARIO_NAO_CADASTRADO}</arg>
<doc>Verifies that element ``locator`` contains text ``expected``.</doc>
<status status="PASS" start="2026-03-22T14:05:57.778094" elapsed="0.030140"/>
</kw>
<status status="PASS" start="2026-03-22T14:05:57.522524" elapsed="0.285996"/>
</kw>
<kw name="Close All Browsers" owner="SeleniumLibrary" type="TEARDOWN">
<doc>Closes all open browsers and resets the browser cache.</doc>
<status status="PASS" start="2026-03-22T14:05:57.811015" elapsed="2.571856"/>
</kw>
<doc>Página de Login</doc>
<status status="PASS" start="2026-03-22T14:05:53.336506" elapsed="7.047515"/>
</test>
<test id="s1-s2-t6" name="CT06 – Login com email válido e senha vazia" line="45">
<kw name="Open Browser" owner="SeleniumLibrary" type="SETUP">
<msg time="2026-03-22T14:06:00.391521" level="INFO">Opening browser 'chrome' to base url 'https://bugbank.netlify.app/'.</msg>
<arg>${BASE_URL}</arg>
<arg>${BROWSER}</arg>
<arg>options=${CHROME_OPTIONS}</arg>
<doc>Opens a new browser instance to the optional ``url``.</doc>
<status status="PASS" start="2026-03-22T14:06:00.390206" elapsed="3.150509"/>
</kw>
<kw name="Dado que o usuário esteja na página de login" owner="loginSteps">
<kw name="Maximize Browser Window" owner="SeleniumLibrary">
<doc>Maximizes current browser window.</doc>
<status status="PASS" start="2026-03-22T14:06:03.542141" elapsed="0.128945"/>
</kw>
<status status="PASS" start="2026-03-22T14:06:03.541495" elapsed="0.129949"/>
</kw>
<kw name="Quando o usuário preencher o email válido, deixa senha vazia e clicar no botão &quot;Acessar&quot;" owner="loginSteps">
<kw name="Wait Until Element Is Visible" owner="SeleniumLibrary">
<arg>${CAMPO_EMAIL}</arg>
<arg>timeout=5s</arg>
<doc>Waits until the element ``locator`` is visible.</doc>
<status status="PASS" start="2026-03-22T14:06:03.675633" elapsed="0.053779"/>
</kw>
<kw name="Input Text" owner="SeleniumLibrary">
<msg time="2026-03-22T14:06:03.730219" level="INFO">Typing text 'email_teste@uorak.com' into text field 'xpath=/html/body/div[1]/div/div[2]/div/div[1]/form/div[1]/input'.</msg>
<arg>${CAMPO_EMAIL}</arg>
<arg>${EMAIL_VALIDO}</arg>
<doc>Types the given ``text`` into the text field identified by ``locator``.</doc>
<status status="PASS" start="2026-03-22T14:06:03.729799" elapsed="0.239592"/>
</kw>
<kw name="Input Text" owner="SeleniumLibrary">
<msg time="2026-03-22T14:06:03.970660" level="INFO">Typing text ' ' into text field 'xpath=/html/body/div[1]/div/div[2]/div/div[1]/form/div[2]/div/input'.</msg>
<arg>${CAMPO_SENHA}</arg>
<arg>${SPACE}</arg>
<doc>Types the given ``text`` into the text field identified by ``locator``.</doc>
<status status="PASS" start="2026-03-22T14:06:03.969843" elapsed="0.138135"/>
</kw>
<kw name="E clicar no botão &quot;Acessar&quot;" owner="loginSteps">
<kw name="Wait Until Element Is Visible" owner="SeleniumLibrary">
<arg>${BOTAO_ACESSAR}</arg>
<arg>timeout=5s</arg>
<doc>Waits until the element ``locator`` is visible.</doc>
<status status="PASS" start="2026-03-22T14:06:04.108789" elapsed="0.033526"/>
</kw>
<kw name="Click Button" owner="SeleniumLibrary">
<msg time="2026-03-22T14:06:04.142928" level="INFO">Clicking button 'xpath=/html/body/div[1]/div/div[2]/div/div[1]/form/div[3]/button[1]'.</msg>
<arg>${BOTAO_ACESSAR}</arg>
<doc>Clicks the button identified by ``locator``.</doc>
<status status="PASS" start="2026-03-22T14:06:04.142583" elapsed="0.153455"/>
</kw>
<status status="PASS" start="2026-03-22T14:06:04.108323" elapsed="0.187997"/>
</kw>
<status status="PASS" start="2026-03-22T14:06:03.674039" elapsed="0.622484"/>
</kw>
<kw name="Então o sistema deve exibir uma mensagem de erro indicando que a senha está incorreta" owner="loginSteps">
<kw name="Wait Until Element Is Visible" owner="SeleniumLibrary">
<arg>${LOCAL_USUARIO_NAO_CADASTRADO}</arg>
<arg>timeout=5s</arg>
<doc>Waits until the element ``locator`` is visible.</doc>
<status status="PASS" start="2026-03-22T14:06:04.299243" elapsed="0.256754"/>
</kw>
<kw name="Element Should Contain" owner="SeleniumLibrary">
<msg time="2026-03-22T14:06:04.603132" level="INFO">Element 'xpath=//*[@id="modalText"]' contains text 'Usuário ou senha inválido.'.</msg>
<arg>${LOCAL_USUARIO_NAO_CADASTRADO}</arg>
<arg>${USUARIO_NAO_CADASTRADO}</arg>
<doc>Verifies that element ``locator`` contains text ``expected``.</doc>
<status status="PASS" start="2026-03-22T14:06:04.556250" elapsed="0.047178"/>
</kw>
<status status="PASS" start="2026-03-22T14:06:04.297979" elapsed="0.305745"/>
</kw>
<kw name="Close All Browsers" owner="SeleniumLibrary" type="TEARDOWN">
<doc>Closes all open browsers and resets the browser cache.</doc>
<status status="PASS" start="2026-03-22T14:06:04.604597" elapsed="2.593930"/>
</kw>
<doc>Página de Login</doc>
<status status="PASS" start="2026-03-22T14:06:00.387471" elapsed="6.812095"/>
</test>
<test id="s1-s2-t7" name="CT07 – Login com credenciais corretas" line="51">
<kw name="Open Browser" owner="SeleniumLibrary" type="SETUP">
<msg time="2026-03-22T14:06:07.207234" level="INFO">Opening browser 'chrome' to base url 'https://bugbank.netlify.app/'.</msg>
<arg>${BASE_URL}</arg>
<arg>${BROWSER}</arg>
<arg>options=${CHROME_OPTIONS}</arg>
<doc>Opens a new browser instance to the optional ``url``.</doc>
<status status="PASS" start="2026-03-22T14:06:07.206057" elapsed="3.314871"/>
</kw>
<kw name="Dado que o usuário esteja na página de login" owner="loginSteps">
<kw name="Maximize Browser Window" owner="SeleniumLibrary">
<doc>Maximizes current browser window.</doc>
<status status="PASS" start="2026-03-22T14:06:10.522968" elapsed="0.139212"/>
</kw>
<status status="PASS" start="2026-03-22T14:06:10.522239" elapsed="0.140205"/>
</kw>
<kw name="Quando o usuário preencher o campo de email e senha com credenciais corretas" owner="loginSteps">
<kw name="Wait Until Element Is Visible" owner="SeleniumLibrary">
<arg>${BOTAO_REGISTRAR}</arg>
<arg>timeout=5s</arg>
<doc>Waits until the element ``locator`` is visible.</doc>
<status status="PASS" start="2026-03-22T14:06:10.673906" elapsed="0.106268"/>
</kw>
<kw name="Click Button" owner="SeleniumLibrary">
<msg time="2026-03-22T14:06:10.782400" level="INFO">Clicking button 'xpath=/html/body/div[1]/div/div[2]/div/div[1]/form/div[3]/button[2]'.</msg>
<arg>${BOTAO_REGISTRAR}</arg>
<doc>Clicks the button identified by ``locator``.</doc>
<status status="PASS" start="2026-03-22T14:06:10.780768" elapsed="0.210935"/>
</kw>
<kw name="Criação de conta com saldo de R$ 1.000,00" owner="cadastroSteps">
<kw name="E que o usuário ative a opção &quot;Criar conta com saldo&quot;" owner="cadastroSteps">
<kw name="Wait Until Element Is Visible" owner="SeleniumLibrary">
<arg>${BOTAO_CADASTRAR}</arg>
<arg>timeout=5s</arg>
<doc>Waits until the element ``locator`` is visible.</doc>
<status status="PASS" start="2026-03-22T14:06:10.993948" elapsed="0.049008"/>
</kw>
<kw name="Execute Javascript" owner="SeleniumLibrary">
<msg time="2026-03-22T14:06:11.044147" level="INFO">Executing JavaScript:
document.getElementById("toggleAddBalance").click()
Without any arguments.</msg>
<arg>document.getElementById("toggleAddBalance").click()</arg>
<doc>Executes the given JavaScript code with possible arguments.</doc>
<status status="PASS" start="2026-03-22T14:06:11.043345" elapsed="0.015284"/>
</kw>
<status status="PASS" start="2026-03-22T14:06:10.993363" elapsed="0.065541"/>
</kw>
<kw name="Quando o usuário preencher Nome, Email, Senha e Confirmação de senha corretamente" owner="cadastroSteps">
<kw name="Wait Until Element Is Visible" owner="SeleniumLibrary">
<arg>${BOTAO_CADASTRAR}</arg>
<arg>timeout=5s</arg>
<doc>Waits until the element ``locator`` is visible.</doc>
<status status="PASS" start="2026-03-22T14:06:11.060036" elapsed="0.031034"/>
</kw>
<kw name="Input Text" owner="SeleniumLibrary">
<msg time="2026-03-22T14:06:11.091988" level="INFO">Typing text 'Teste Automação' into text field 'xpath=/html/body/div[1]/div/div[2]/div/div[2]/form/div[3]/input'.</msg>
<arg>${CAMPO_NOME}</arg>
<arg>Teste Automação</arg>
<doc>Types the given ``text`` into the text field identified by ``locator``.</doc>
<status status="PASS" start="2026-03-22T14:06:11.091466" elapsed="0.328097"/>
</kw>
<kw name="Input Text" owner="SeleniumLibrary">
<msg time="2026-03-22T14:06:11.420654" level="INFO">Typing text 'email_teste@uorak.com' into text field 'xpath=/html/body/div[1]/div/div[2]/div/div[2]/form/div[2]/input'.</msg>
<arg>${CAMPO_EMAIL_CADASTRO}</arg>
<arg>email_teste@uorak.com</arg>
<doc>Types the given ``text`` into the text field identified by ``locator``.</doc>
<status status="PASS" start="2026-03-22T14:06:11.420010" elapsed="0.286879"/>
</kw>
<kw name="Input Text" owner="SeleniumLibrary">
<msg time="2026-03-22T14:06:11.707890" level="INFO">Typing text 'eumesmo123' into text field 'xpath=/html/body/div[1]/div/div[2]/div/div[2]/form/div[4]/div/input'.</msg>
<arg>${CAMPO_SENHA_CADASTRO}</arg>
<arg>eumesmo123</arg>
<doc>Types the given ``text`` into the text field identified by ``locator``.</doc>
<status status="PASS" start="2026-03-22T14:06:11.707299" elapsed="0.182390"/>
</kw>
<kw name="Input Text" owner="SeleniumLibrary">
<msg time="2026-03-22T14:06:11.890590" level="INFO">Typing text 'eumesmo123' into text field 'xpath=/html/body/div[1]/div/div[2]/div/div[2]/form/div[5]/div/input'.</msg>
<arg>${CAMPO_CONFIRMAR_SENHA}</arg>
<arg>eumesmo123</arg>
<doc>Types the given ``text`` into the text field identified by ``locator``.</doc>
<status status="PASS" start="2026-03-22T14:06:11.890069" elapsed="0.182424"/>
</kw>
<status status="PASS" start="2026-03-22T14:06:11.059379" elapsed="1.013469"/>
</kw>
<kw name="E confirmar o cadastro" owner="cadastroSteps">
<kw name="Click Button" owner="SeleniumLibrary">
<msg time="2026-03-22T14:06:12.076177" level="INFO">Clicking button 'xpath=/html/body/div[1]/div/div[2]/div/div[2]/form/button'.</msg>
<arg>${BOTAO_CADASTRAR}</arg>
<doc>Clicks the button identified by ``locator``.</doc>
<status status="PASS" start="2026-03-22T14:06:12.075680" elapsed="0.167298"/>
</kw>
<status status="PASS" start="2026-03-22T14:06:12.073983" elapsed="0.169287"/>
</kw>
<kw name="Wait Until Element Is Visible" owner="SeleniumLibrary">
<arg>${LOCAL_TEXTO_MODAL}</arg>
<arg>timeout=5s</arg>
<doc>Waits until the element ``locator`` is visible.</doc>
<status status="PASS" start="2026-03-22T14:06:12.243783" elapsed="0.263602"/>
</kw>
<kw name="Element Should Contain" owner="SeleniumLibrary">
<msg time="2026-03-22T14:06:12.555281" level="INFO">Element 'xpath=//*[@id="modalText"]' contains text 'criada com sucesso'.</msg>
<arg>${LOCAL_TEXTO_MODAL}</arg>
<arg>criada com sucesso</arg>
<doc>Verifies that element ``locator`` contains text ``expected``.</doc>
<status status="PASS" start="2026-03-22T14:06:12.507708" elapsed="0.047786"/>
</kw>
<kw name="Wait Until Element Is Visible" owner="SeleniumLibrary">
<arg>xpath=/html/body/div[1]/div/div[3]/div/div[1]/a</arg>
<arg>timeout=5s</arg>
<doc>Waits until the element ``locator`` is visible.</doc>
<status status="PASS" start="2026-03-22T14:06:12.555911" elapsed="0.039323"/>
</kw>
<kw name="Click Element" owner="SeleniumLibrary">
<msg time="2026-03-22T14:06:12.596495" level="INFO">Clicking element 'xpath=/html/body/div[1]/div/div[3]/div/div[1]/a'.</msg>
<arg>xpath=/html/body/div[1]/div/div[3]/div/div[1]/a</arg>
<doc>Click the element identified by ``locator``.</doc>
<status status="PASS" start="2026-03-22T14:06:12.595869" elapsed="0.145313"/>
</kw>
<status status="PASS" start="2026-03-22T14:06:10.992670" elapsed="1.748772"/>
</kw>
<kw name="Wait Until Element Is Visible" owner="SeleniumLibrary">
<arg>${CAMPO_EMAIL}</arg>
<arg>timeout=5s</arg>
<doc>Waits until the element ``locator`` is visible.</doc>
<status status="PASS" start="2026-03-22T14:06:12.741791" elapsed="0.043893"/>
</kw>
<kw name="Input Text" owner="SeleniumLibrary">
<msg time="2026-03-22T14:06:12.786637" level="INFO">Typing text 'email_teste@uorak.com' into text field 'xpath=/html/body/div[1]/div/div[2]/div/div[1]/form/div[1]/input'.</msg>
<arg>${CAMPO_EMAIL}</arg>
<arg>${EMAIL_VALIDO}</arg>
<doc>Types the given ``text`` into the text field identified by ``locator``.</doc>
<status status="PASS" start="2026-03-22T14:06:12.786066" elapsed="0.203660"/>
</kw>
<kw name="Input Text" owner="SeleniumLibrary">
<msg time="2026-03-22T14:06:12.991027" level="INFO">Typing text 'eumesmo123' into text field 'xpath=/html/body/div[1]/div/div[2]/div/div[1]/form/div[2]/div/input'.</msg>
<arg>${CAMPO_SENHA}</arg>
<arg>${SENHA_VALIDA}</arg>
<doc>Types the given ``text`` into the text field identified by ``locator``.</doc>
<status status="PASS" start="2026-03-22T14:06:12.990340" elapsed="0.173461"/>
</kw>
<kw name="E clicar no botão &quot;Acessar&quot;" owner="loginSteps">
<kw name="Wait Until Element Is Visible" owner="SeleniumLibrary">
<arg>${BOTAO_ACESSAR}</arg>
<arg>timeout=5s</arg>
<doc>Waits until the element ``locator`` is visible.</doc>
<status status="PASS" start="2026-03-22T14:06:13.165662" elapsed="0.034677"/>
</kw>
<kw name="Click Button" owner="SeleniumLibrary">
<msg time="2026-03-22T14:06:13.201194" level="INFO">Clicking button 'xpath=/html/body/div[1]/div/div[2]/div/div[1]/form/div[3]/button[1]'.</msg>
<arg>${BOTAO_ACESSAR}</arg>
<doc>Clicks the button identified by ``locator``.</doc>
<status status="PASS" start="2026-03-22T14:06:13.200723" elapsed="0.157520"/>
</kw>
<status status="PASS" start="2026-03-22T14:06:13.164721" elapsed="0.193778"/>
</kw>
<status status="PASS" start="2026-03-22T14:06:10.672898" elapsed="2.685824"/>
</kw>
<kw name="Então o sistema deve redirecionar para a página principal do usuário" owner="loginSteps">
<kw name="Wait Until Element Is Visible" owner="SeleniumLibrary">
<arg>${BOAS_VINDAS}</arg>
<arg>timeout=5s</arg>
<doc>Waits until the element ``locator`` is visible.</doc>
<status status="PASS" start="2026-03-22T14:06:13.360140" elapsed="0.259330"/>
</kw>
<kw name="Sleep" owner="BuiltIn">
<msg time="2026-03-22T14:06:15.621271" level="INFO">Slept 2 seconds.</msg>
<arg>2s</arg>
<doc>Pauses the test executed for the given time.</doc>
<status status="PASS" start="2026-03-22T14:06:13.619834" elapsed="2.001768"/>
</kw>
<kw name="Element Should Contain" owner="SeleniumLibrary">
<msg time="2026-03-22T14:06:15.668346" level="INFO">Element 'xpath=/html/body/div[1]/div/div[2]/div/div[2]/p[2]' contains text 'bem vindo ao BugBank'.</msg>
<arg>${BOAS_VINDAS}</arg>
<arg>${TEXTO_BOAS_VINDAS}</arg>
<doc>Verifies that element ``locator`` contains text ``expected``.</doc>
<status status="PASS" start="2026-03-22T14:06:15.622186" elapsed="0.046340"/>
</kw>
<status status="PASS" start="2026-03-22T14:06:13.359371" elapsed="2.309360"/>
</kw>
<kw name="Close All Browsers" owner="SeleniumLibrary" type="TEARDOWN">
<doc>Closes all open browsers and resets the browser cache.</doc>
<status status="PASS" start="2026-03-22T14:06:15.669445" elapsed="2.560815"/>
</kw>
<doc>Página de Login</doc>
<status status="PASS" start="2026-03-22T14:06:07.203388" elapsed="11.027896"/>
</test>
<doc>Teste exemplo Robot Framework.</doc>
<status status="PASS" start="2026-03-22T14:05:26.549473" elapsed="51.685790"/>
</suite>
<suite id="s1-s3" name="Transferencia" source="C:\Users\tonyk\Documents\Documentos_QA\Automações\BugBank_RobotFramework.Testes\robot-framework\tests\transferencia.robot">
<kw name="Open Browser To Login Page" owner="loginSteps" type="SETUP">
<kw name="Open Browser" owner="SeleniumLibrary">
<msg time="2026-03-22T14:06:18.286287" level="INFO">Opening browser 'chrome' to base url 'https://bugbank.netlify.app/'.</msg>
<arg>${BASE_URL}</arg>
<arg>${BROWSER}</arg>
<arg>options=${CHROME_OPTIONS}</arg>
<doc>Opens a new browser instance to the optional ``url``.</doc>
<status status="PASS" start="2026-03-22T14:06:18.285677" elapsed="2.912579"/>
</kw>
<kw name="Run Keyword If" owner="BuiltIn">
<kw name="Maximize Browser Window" owner="SeleniumLibrary">
<doc>Maximizes current browser window.</doc>
<status status="PASS" start="2026-03-22T14:06:21.200378" elapsed="0.101211"/>
</kw>
<arg>'${CHROME_OPTIONS}' == ''</arg>
<arg>Maximize Browser Window</arg>
<doc>Runs the given keyword with the given arguments, if ``condition`` is true.</doc>
<status status="PASS" start="2026-03-22T14:06:21.198842" elapsed="0.103161"/>
</kw>
<kw name="Quando o usuário preencher o campo de email e senha com credenciais corretas" owner="loginSteps">
<kw name="Wait Until Element Is Visible" owner="SeleniumLibrary">
<arg>${BOTAO_REGISTRAR}</arg>
<arg>timeout=5s</arg>
<doc>Waits until the element ``locator`` is visible.</doc>
<status status="PASS" start="2026-03-22T14:06:21.304016" elapsed="0.103231"/>
</kw>
<kw name="Click Button" owner="SeleniumLibrary">
<msg time="2026-03-22T14:06:21.408278" level="INFO">Clicking button 'xpath=/html/body/div[1]/div/div[2]/div/div[1]/form/div[3]/button[2]'.</msg>
<arg>${BOTAO_REGISTRAR}</arg>
<doc>Clicks the button identified by ``locator``.</doc>
<status status="PASS" start="2026-03-22T14:06:21.407692" elapsed="0.195592"/>
</kw>
<kw name="Criação de conta com saldo de R$ 1.000,00" owner="cadastroSteps">
<kw name="E que o usuário ative a opção &quot;Criar conta com saldo&quot;" owner="cadastroSteps">
<kw name="Wait Until Element Is Visible" owner="SeleniumLibrary">
<arg>${BOTAO_CADASTRAR}</arg>
<arg>timeout=5s</arg>
<doc>Waits until the element ``locator`` is visible.</doc>
<status status="PASS" start="2026-03-22T14:06:21.605559" elapsed="0.043533"/>
</kw>
<kw name="Execute Javascript" owner="SeleniumLibrary">
<msg time="2026-03-22T14:06:21.650631" level="INFO">Executing JavaScript:
document.getElementById("toggleAddBalance").click()
Without any arguments.</msg>
<arg>document.getElementById("toggleAddBalance").click()</arg>
<doc>Executes the given JavaScript code with possible arguments.</doc>
<status status="PASS" start="2026-03-22T14:06:21.649887" elapsed="0.009429"/>
</kw>
<status status="PASS" start="2026-03-22T14:06:21.604929" elapsed="0.054568"/>
</kw>
<kw name="Quando o usuário preencher Nome, Email, Senha e Confirmação de senha corretamente" owner="cadastroSteps">
<kw name="Wait Until Element Is Visible" owner="SeleniumLibrary">
<arg>${BOTAO_CADASTRAR}</arg>
<arg>timeout=5s</arg>
<doc>Waits until the element ``locator`` is visible.</doc>
<status status="PASS" start="2026-03-22T14:06:21.660125" elapsed="0.024556"/>
</kw>
<kw name="Input Text" owner="SeleniumLibrary">
<msg time="2026-03-22T14:06:21.685291" level="INFO">Typing text 'Teste Automação' into text field 'xpath=/html/body/div[1]/div/div[2]/div/div[2]/form/div[3]/input'.</msg>
<arg>${CAMPO_NOME}</arg>
<arg>Teste Automação</arg>
<doc>Types the given ``text`` into the text field identified by ``locator``.</doc>
<status status="PASS" start="2026-03-22T14:06:21.684965" elapsed="0.237964"/>
</kw>
<kw name="Input Text" owner="SeleniumLibrary">
<msg time="2026-03-22T14:06:21.923795" level="INFO">Typing text 'email_teste@uorak.com' into text field 'xpath=/html/body/div[1]/div/div[2]/div/div[2]/form/div[2]/input'.</msg>
<arg>${CAMPO_EMAIL_CADASTRO}</arg>
<arg>email_teste@uorak.com</arg>
<doc>Types the given ``text`` into the text field identified by ``locator``.</doc>
<status status="PASS" start="2026-03-22T14:06:21.923305" elapsed="0.267453"/>
</kw>
<kw name="Input Text" owner="SeleniumLibrary">
<msg time="2026-03-22T14:06:22.192034" level="INFO">Typing text 'eumesmo123' into text field 'xpath=/html/body/div[1]/div/div[2]/div/div[2]/form/div[4]/div/input'.</msg>
<arg>${CAMPO_SENHA_CADASTRO}</arg>
<arg>eumesmo123</arg>
<doc>Types the given ``text`` into the text field identified by ``locator``.</doc>
<status status="PASS" start="2026-03-22T14:06:22.191420" elapsed="0.192354"/>
</kw>
<kw name="Input Text" owner="SeleniumLibrary">
<msg time="2026-03-22T14:06:22.384803" level="INFO">Typing text 'eumesmo123' into text field 'xpath=/html/body/div[1]/div/div[2]/div/div[2]/form/div[5]/div/input'.</msg>
<arg>${CAMPO_CONFIRMAR_SENHA}</arg>
<arg>eumesmo123</arg>
<doc>Types the given ``text`` into the text field identified by ``locator``.</doc>
<status status="PASS" start="2026-03-22T14:06:22.384192" elapsed="0.172286"/>
</kw>
<status status="PASS" start="2026-03-22T14:06:21.659838" elapsed="0.896838"/>
</kw>
<kw name="E confirmar o cadastro" owner="cadastroSteps">
<kw name="Click Button" owner="SeleniumLibrary">
<msg time="2026-03-22T14:06:22.557685" level="INFO">Clicking button 'xpath=/html/body/div[1]/div/div[2]/div/div[2]/form/button'.</msg>
<arg>${BOTAO_CADASTRAR}</arg>
<doc>Clicks the button identified by ``locator``.</doc>
<status status="PASS" start="2026-03-22T14:06:22.557319" elapsed="0.142482"/>
</kw>
<status status="PASS" start="2026-03-22T14:06:22.556996" elapsed="0.142988"/>
</kw>
<kw name="Wait Until Element Is Visible" owner="SeleniumLibrary">
<arg>${LOCAL_TEXTO_MODAL}</arg>
<arg>timeout=5s</arg>
<doc>Waits until the element ``locator`` is visible.</doc>
<status status="PASS" start="2026-03-22T14:06:22.700202" elapsed="0.253391"/>
</kw>
<kw name="Element Should Contain" owner="SeleniumLibrary">
<msg time="2026-03-22T14:06:22.985218" level="INFO">Element 'xpath=//*[@id="modalText"]' contains text 'criada com sucesso'.</msg>
<arg>${LOCAL_TEXTO_MODAL}</arg>
<arg>criada com sucesso</arg>
<doc>Verifies that element ``locator`` contains text ``expected``.</doc>
<status status="PASS" start="2026-03-22T14:06:22.953857" elapsed="0.031634"/>
</kw>
<kw name="Wait Until Element Is Visible" owner="SeleniumLibrary">
<arg>xpath=/html/body/div[1]/div/div[3]/div/div[1]/a</arg>
<arg>timeout=5s</arg>
<doc>Waits until the element ``locator`` is visible.</doc>
<status status="PASS" start="2026-03-22T14:06:22.985806" elapsed="0.028796"/>
</kw>
<kw name="Click Element" owner="SeleniumLibrary">
<msg time="2026-03-22T14:06:23.015225" level="INFO">Clicking element 'xpath=/html/body/div[1]/div/div[3]/div/div[1]/a'.</msg>
<arg>xpath=/html/body/div[1]/div/div[3]/div/div[1]/a</arg>
<doc>Click the element identified by ``locator``.</doc>
<status status="PASS" start="2026-03-22T14:06:23.014881" elapsed="0.089835"/>
</kw>
<status status="PASS" start="2026-03-22T14:06:21.604016" elapsed="1.500875"/>
</kw>
<kw name="Wait Until Element Is Visible" owner="SeleniumLibrary">
<arg>${CAMPO_EMAIL}</arg>
<arg>timeout=5s</arg>
<doc>Waits until the element ``locator`` is visible.</doc>
<status status="PASS" start="2026-03-22T14:06:23.105109" elapsed="0.028231"/>
</kw>
<kw name="Input Text" owner="SeleniumLibrary">
<msg time="2026-03-22T14:06:23.133976" level="INFO">Typing text 'email_teste@uorak.com' into text field 'xpath=/html/body/div[1]/div/div[2]/div/div[1]/form/div[1]/input'.</msg>
<arg>${CAMPO_EMAIL}</arg>
<arg>${EMAIL_VALIDO}</arg>
<doc>Types the given ``text`` into the text field identified by ``locator``.</doc>
<status status="PASS" start="2026-03-22T14:06:23.133608" elapsed="0.149820"/>
</kw>
<kw name="Input Text" owner="SeleniumLibrary">
<msg time="2026-03-22T14:06:23.284680" level="INFO">Typing text 'eumesmo123' into text field 'xpath=/html/body/div[1]/div/div[2]/div/div[1]/form/div[2]/div/input'.</msg>
<arg>${CAMPO_SENHA}</arg>
<arg>${SENHA_VALIDA}</arg>
<doc>Types the given ``text`` into the text field identified by ``locator``.</doc>
<status status="PASS" start="2026-03-22T14:06:23.283859" elapsed="0.150568"/>
</kw>
<kw name="E clicar no botão &quot;Acessar&quot;" owner="loginSteps">
<kw name="Wait Until Element Is Visible" owner="SeleniumLibrary">
<arg>${BOTAO_ACESSAR}</arg>
<arg>timeout=5s</arg>
<doc>Waits until the element ``locator`` is visible.</doc>
<status status="PASS" start="2026-03-22T14:06:23.435757" elapsed="0.022904"/>
</kw>
<kw name="Click Button" owner="SeleniumLibrary">
<msg time="2026-03-22T14:06:23.459184" level="INFO">Clicking button 'xpath=/html/body/div[1]/div/div[2]/div/div[1]/form/div[3]/button[1]'.</msg>
<arg>${BOTAO_ACESSAR}</arg>
<doc>Clicks the button identified by ``locator``.</doc>
<status status="PASS" start="2026-03-22T14:06:23.458895" elapsed="0.332780"/>
</kw>
<status status="PASS" start="2026-03-22T14:06:23.435165" elapsed="0.356856"/>
</kw>
<status status="PASS" start="2026-03-22T14:06:21.303008" elapsed="2.489180"/>
</kw>
<kw name="Então o sistema deve redirecionar para a página principal do usuário" owner="loginSteps">
<kw name="Wait Until Element Is Visible" owner="SeleniumLibrary">
<arg>${BOAS_VINDAS}</arg>
<arg>timeout=5s</arg>
<doc>Waits until the element ``locator`` is visible.</doc>
<status status="PASS" start="2026-03-22T14:06:23.793145" elapsed="0.263498"/>
</kw>
<kw name="Sleep" owner="BuiltIn">
<msg time="2026-03-22T14:06:26.058480" level="INFO">Slept 2 seconds.</msg>
<arg>2s</arg>
<doc>Pauses the test executed for the given time.</doc>
<status status="PASS" start="2026-03-22T14:06:24.056935" elapsed="2.001927"/>
</kw>
<kw name="Element Should Contain" owner="SeleniumLibrary">
<msg time="2026-03-22T14:06:26.084742" level="INFO">Element 'xpath=/html/body/div[1]/div/div[2]/div/div[2]/p[2]' contains text 'bem vindo ao BugBank'.</msg>
<arg>${BOAS_VINDAS}</arg>
<arg>${TEXTO_BOAS_VINDAS}</arg>
<doc>Verifies that element ``locator`` contains text ``expected``.</doc>
<status status="PASS" start="2026-03-22T14:06:26.059232" elapsed="0.025745"/>
</kw>
<status status="PASS" start="2026-03-22T14:06:23.792578" elapsed="2.292695"/>
</kw>
<status status="PASS" start="2026-03-22T14:06:18.285187" elapsed="7.800315"/>
</kw>
<test id="s1-s3-t1" name="CT001 – Transferência para conta inválida" line="10">
<kw name="Dado que o usuário esteja na página de transferência" owner="transferenciaSteps">
<kw name="Wait Until Element Is Visible" owner="SeleniumLibrary">
<arg>${BOTAO_TRANSFERENCIA}</arg>
<arg>timeout=5s</arg>
<doc>Waits until the element ``locator`` is visible.</doc>
<status status="PASS" start="2026-03-22T14:06:26.088584" elapsed="0.034958"/>
</kw>
<kw name="Execute Javascript" owner="SeleniumLibrary">
<msg time="2026-03-22T14:06:26.124723" level="INFO">Executing JavaScript:
document.getElementById("btn-TRANSFERÊNCIA").click()
Without any arguments.</msg>
<arg>document.getElementById("btn-TRANSFERÊNCIA").click()</arg>
<doc>Executes the given JavaScript code with possible arguments.</doc>
<status status="PASS" start="2026-03-22T14:06:26.123929" elapsed="0.013042"/>
</kw>
<kw name="Sleep" owner="BuiltIn">
<msg time="2026-03-22T14:06:27.138246" level="INFO">Slept 1 second.</msg>
<arg>1s</arg>
<doc>Pauses the test executed for the given time.</doc>
<status status="PASS" start="2026-03-22T14:06:26.137259" elapsed="1.001137"/>
</kw>
<kw name="Location Should Contain" owner="SeleniumLibrary">
<msg time="2026-03-22T14:06:27.145856" level="INFO">Current location contains '/transfer'.</msg>
<arg>/transfer</arg>
<doc>Verifies that the current URL contains ``expected``.</doc>
<status status="PASS" start="2026-03-22T14:06:27.138641" elapsed="0.007346"/>
</kw>
<status status="PASS" start="2026-03-22T14:06:26.087844" elapsed="1.058288"/>
</kw>
<kw name="Quando o usuário preencher os campos de transferência com uma conta de destino inválida" owner="transferenciaSteps">
<kw name="Input Text" owner="SeleniumLibrary">
<msg time="2026-03-22T14:06:27.147541" level="INFO">Typing text '1234' into text field 'xpath=/html/body/div[1]/div/div[3]/form/div[1]/div[1]/input'.</msg>
<arg>${CAMPO_CONTA_DESTINO}</arg>
<arg>1234</arg>
<doc>Types the given ``text`` into the text field identified by ``locator``.</doc>
<status status="PASS" start="2026-03-22T14:06:27.147178" elapsed="0.131818"/>
</kw>
<kw name="Input Text" owner="SeleniumLibrary">
<msg time="2026-03-22T14:06:27.280006" level="INFO">Typing text '01' into text field 'xpath=/html/body/div[1]/div/div[3]/form/div[1]/div[2]/input'.</msg>
<arg>${CAMPO_AGENCIA_DESTINO}</arg>
<arg>01</arg>
<doc>Types the given ``text`` into the text field identified by ``locator``.</doc>
<status status="PASS" start="2026-03-22T14:06:27.279498" elapsed="0.119828"/>
</kw>
<kw name="Input Text" owner="SeleniumLibrary">
<msg time="2026-03-22T14:06:27.400142" level="INFO">Typing text '100' into text field 'xpath=/html/body/div[1]/div/div[3]/form/div[2]/input'.</msg>
<arg>${CAMPO_VALOR_TRANSFERENCIA}</arg>
<arg>100</arg>
<doc>Types the given ``text`` into the text field identified by ``locator``.</doc>
<status status="PASS" start="2026-03-22T14:06:27.399686" elapsed="0.109408"/>
</kw>
<kw name="Input Text" owner="SeleniumLibrary">
<msg time="2026-03-22T14:06:27.510976" level="INFO">Typing text 'Teste transferência conta inválida' into text field 'xpath=/html/body/div[1]/div/div[3]/form/div[3]/input'.</msg>
<arg>${CAMPO_DESCRICAO_TRANSFERENCIA}</arg>
<arg>Teste transferência conta inválida</arg>
<doc>Types the given ``text`` into the text field identified by ``locator``.</doc>
<status status="PASS" start="2026-03-22T14:06:27.509989" elapsed="0.197564"/>
</kw>
<status status="PASS" start="2026-03-22T14:06:27.146725" elapsed="0.561021"/>
</kw>
<kw name="E confirmar a transferência" owner="transferenciaSteps">
<kw name="Click Element" owner="SeleniumLibrary">
<msg time="2026-03-22T14:06:27.709725" level="INFO">Clicking element 'xpath=/html/body/div[1]/div/div[3]/form/button'.</msg>
<arg>${BOTAO_TRANSFERIR}</arg>
<doc>Click the element identified by ``locator``.</doc>
<status status="PASS" start="2026-03-22T14:06:27.708821" elapsed="0.107796"/>
</kw>
<status status="PASS" start="2026-03-22T14:06:27.708332" elapsed="0.108455"/>
</kw>
<kw name="Então o sistema deve exibir uma mensagem de erro indicando que a conta de destino é inválida" owner="transferenciaSteps">
<kw name="Wait Until Element Is Visible" owner="SeleniumLibrary">
<arg>${LOCAL_TEXTO_MODAL}</arg>
<arg>timeout=5s</arg>
<doc>Waits until the element ``locator`` is visible.</doc>
<status status="PASS" start="2026-03-22T14:06:27.818195" elapsed="0.245480"/>
</kw>
<kw name="Element Should Contain" owner="SeleniumLibrary">
<msg time="2026-03-22T14:06:28.088016" level="INFO">Element 'xpath=//*[@id="modalText"]' contains text 'Conta inválida ou inexistente'.</msg>
<arg>${LOCAL_TEXTO_MODAL}</arg>
<arg>Conta inválida ou inexistente</arg>
<doc>Verifies that element ``locator`` contains text ``expected``.</doc>
<status status="PASS" start="2026-03-22T14:06:28.064087" elapsed="0.024070"/>
</kw>
<status status="PASS" start="2026-03-22T14:06:27.817478" elapsed="0.270836"/>
</kw>
<doc>Tentar realizar uma transferência para uma conta que não existe</doc>
<status status="PASS" start="2026-03-22T14:06:26.085736" elapsed="2.003057"/>
</test>
<kw name="Close Browser" owner="SeleniumLibrary" type="TEARDOWN">
<doc>Closes the current browser.</doc>
<status status="PASS" start="2026-03-22T14:06:28.090476" elapsed="2.669619"/>
</kw>
<status status="PASS" start="2026-03-22T14:06:18.241730" elapsed="12.518820"/>
</suite>
<status status="PASS" start="2026-03-22T14:04:41.567295" elapsed="109.201412"/>
</suite>
<statistics>
<total>
<stat pass="14" fail="0" skip="0">All Tests</stat>
</total>
<tag>
</tag>
<suite>
<stat name="Tests" id="s1" pass="14" fail="0" skip="0">Tests</stat>
<stat name="Cadastro" id="s1-s1" pass="6" fail="0" skip="0">Tests.Cadastro</stat>
<stat name="Login" id="s1-s2" pass="7" fail="0" skip="0">Tests.Login</stat>
<stat name="Transferencia" id="s1-s3" pass="1" fail="0" skip="0">Tests.Transferencia</stat>
</suite>
</statistics>
<errors>
</errors>
</robot>
