<?xml version="1.0" encoding="UTF-8"?>
<robot generator="Robot 7.4.1 (Python 3.13.12 on win32)" generated="2026-03-11T15:01:45.617411" rpa="false" schemaversion="5">
<suite id="s1" name="BugBank RobotFramework.Testes" source="C:\Users\tonyk\Documents\Documentos_QA\Automações\BugBank_RobotFramework.Testes">
<suite id="s1-s1" name="Robot Framework" source="C:\Users\tonyk\Documents\Documentos_QA\Automações\BugBank_RobotFramework.Testes\Robot Framework">
<suite id="s1-s1-s1" name="Tests" source="C:\Users\tonyk\Documents\Documentos_QA\Automações\BugBank_RobotFramework.Testes\Robot Framework\Tests">
<suite id="s1-s1-s1-s1" name="Login" source="C:\Users\tonyk\Documents\Documentos_QA\Automações\BugBank_RobotFramework.Testes\Robot Framework\Tests\login.robot">
<test id="s1-s1-s1-s1-t1" name="CT07 – Login com credenciais corretas" line="50">
<kw name="Open Browser" owner="SeleniumLibrary" type="SETUP">
<msg time="2026-03-11T15:01:46.347205" level="INFO">Opening browser 'chrome' to base url 'https://bugbank.netlify.app/'.</msg>
<arg>${BASE_URL}</arg>
<arg>chrome</arg>
<doc>Opens a new browser instance to the optional ``url``.</doc>
<status status="PASS" start="2026-03-11T15:01:46.346129" elapsed="4.878769"/>
</kw>
<kw name="Dado que o usuário esteja na página de login" owner="loginSteps">
<kw name="Maximize Browser Window" owner="SeleniumLibrary">
<doc>Maximizes current browser window.</doc>
<status status="PASS" start="2026-03-11T15:01:51.235927" elapsed="0.306267"/>
</kw>
<status status="PASS" start="2026-03-11T15:01:51.233035" elapsed="0.309724"/>
</kw>
<kw name="Quando o usuário preencher o campo de email e senha com credenciais corretas" owner="loginSteps">
<kw name="Wait Until Element Is Visible" owner="SeleniumLibrary">
<arg>${BOTAO_REGISTRAR}</arg>
<arg>timeout=5s</arg>
<doc>Waits until the element ``locator`` is visible.</doc>
<status status="PASS" start="2026-03-11T15:01:51.551486" elapsed="0.075680"/>
</kw>
<kw name="Click Button" owner="SeleniumLibrary">
<msg time="2026-03-11T15:01:51.628789" level="INFO">Clicking button 'xpath=/html/body/div[1]/div/div[2]/div/div[1]/form/div[3]/button[2]'.</msg>
<arg>${BOTAO_REGISTRAR}</arg>
<doc>Clicks the button identified by ``locator``.</doc>
<status status="PASS" start="2026-03-11T15:01:51.627805" elapsed="0.300121"/>
</kw>
<kw name="Criação de conta com saldo de R$ 1.000,00" owner="cadastroSteps">
<kw name="E que o usuário ative a opção &quot;Criar conta com saldo&quot;" owner="cadastroSteps">
<kw name="Wait Until Element Is Visible" owner="SeleniumLibrary">
<arg>${BOTAO_CADASTRAR}</arg>
<arg>timeout=5s</arg>
<doc>Waits until the element ``locator`` is visible.</doc>
<status status="PASS" start="2026-03-11T15:01:51.932792" elapsed="0.061066"/>
</kw>
<kw name="Execute Javascript" owner="SeleniumLibrary">
<msg time="2026-03-11T15:01:51.996619" level="INFO">Executing JavaScript:
document.getElementById("toggleAddBalance").click()
Without any arguments.</msg>
<arg>document.getElementById("toggleAddBalance").click()</arg>
<doc>Executes the given JavaScript code with possible arguments.</doc>
<status status="PASS" start="2026-03-11T15:01:51.994890" elapsed="0.031720"/>
</kw>
<status status="PASS" start="2026-03-11T15:01:51.931017" elapsed="0.095971"/>
</kw>
<kw name="Quando o usuário preencher Nome, Email, Senha e Confirmação de senha corretamente" owner="cadastroSteps">
<kw name="Wait Until Element Is Visible" owner="SeleniumLibrary">
<arg>${BOTAO_CADASTRAR}</arg>
<arg>timeout=5s</arg>
<doc>Waits until the element ``locator`` is visible.</doc>
<status status="PASS" start="2026-03-11T15:01:52.028830" elapsed="0.085093"/>
</kw>
<kw name="Input Text" owner="SeleniumLibrary">
<msg time="2026-03-11T15:01:52.115729" level="INFO">Typing text 'Teste Automação' into text field 'xpath=/html/body/div[1]/div/div[2]/div/div[2]/form/div[3]/input'.</msg>
<arg>${CAMPO_NOME}</arg>
<arg>Teste Automação</arg>
<doc>Types the given ``text`` into the text field identified by ``locator``.</doc>
<status status="PASS" start="2026-03-11T15:01:52.114891" elapsed="0.378195"/>
</kw>
<kw name="Input Text" owner="SeleniumLibrary">
<msg time="2026-03-11T15:01:52.495354" level="INFO">Typing text 'email_teste@uorak.com' into text field 'xpath=/html/body/div[1]/div/div[2]/div/div[2]/form/div[2]/input'.</msg>
<arg>${CAMPO_EMAIL_CADASTRO}</arg>
<arg>email_teste@uorak.com</arg>
<doc>Types the given ``text`` into the text field identified by ``locator``.</doc>
<status status="PASS" start="2026-03-11T15:01:52.493756" elapsed="0.321073"/>
</kw>
<kw name="Input Text" owner="SeleniumLibrary">
<msg time="2026-03-11T15:01:52.816438" level="INFO">Typing text 'eumesmo123' into text field 'xpath=/html/body/div[1]/div/div[2]/div/div[2]/form/div[4]/div/input'.</msg>
<arg>${CAMPO_SENHA_CADASTRO}</arg>
<arg>eumesmo123</arg>
<doc>Types the given ``text`` into the text field identified by ``locator``.</doc>
<status status="PASS" start="2026-03-11T15:01:52.815431" elapsed="0.209796"/>
</kw>
<kw name="Input Text" owner="SeleniumLibrary">
<msg time="2026-03-11T15:01:53.026305" level="INFO">Typing text 'eumesmo123' into text field 'xpath=/html/body/div[1]/div/div[2]/div/div[2]/form/div[5]/div/input'.</msg>
<arg>${CAMPO_CONFIRMAR_SENHA}</arg>
<arg>eumesmo123</arg>
<doc>Types the given ``text`` into the text field identified by ``locator``.</doc>
<status status="PASS" start="2026-03-11T15:01:53.025626" elapsed="0.220915"/>
</kw>
<status status="PASS" start="2026-03-11T15:01:52.027538" elapsed="1.219443"/>
</kw>
<kw name="E confirmar o cadastro" owner="cadastroSteps">
<kw name="Click Button" owner="SeleniumLibrary">
<msg time="2026-03-11T15:01:53.249621" level="INFO">Clicking button 'xpath=/html/body/div[1]/div/div[2]/div/div[2]/form/button'.</msg>
<arg>${BOTAO_CADASTRAR}</arg>
<doc>Clicks the button identified by ``locator``.</doc>
<status status="PASS" start="2026-03-11T15:01:53.248651" elapsed="0.198009"/>
</kw>
<status status="PASS" start="2026-03-11T15:01:53.247539" elapsed="0.199669"/>
</kw>
<kw name="Wait Until Element Is Visible" owner="SeleniumLibrary">
<arg>${LOCAL_TEXTO_MODAL}</arg>
<arg>timeout=5s</arg>
<doc>Waits until the element ``locator`` is visible.</doc>
<status status="PASS" start="2026-03-11T15:01:53.447764" elapsed="0.281357"/>
</kw>
<kw name="Element Should Contain" owner="SeleniumLibrary">
<msg time="2026-03-11T15:01:53.777215" level="INFO">Element 'xpath=//*[@id="modalText"]' contains text 'criada com sucesso'.</msg>
<arg>${LOCAL_TEXTO_MODAL}</arg>
<arg>criada com sucesso</arg>
<doc>Verifies that element ``locator`` contains text ``expected``.</doc>
<status status="PASS" start="2026-03-11T15:01:53.729572" elapsed="0.048097"/>
</kw>
<kw name="Wait Until Element Is Visible" owner="SeleniumLibrary">
<arg>xpath=/html/body/div[1]/div/div[3]/div/div[1]/a</arg>
<arg>timeout=5s</arg>
<doc>Waits until the element ``locator`` is visible.</doc>
<status status="PASS" start="2026-03-11T15:01:53.778147" elapsed="0.039030"/>
</kw>
<kw name="Click Element" owner="SeleniumLibrary">
<msg time="2026-03-11T15:01:53.819553" level="INFO">Clicking element 'xpath=/html/body/div[1]/div/div[3]/div/div[1]/a'.</msg>
<arg>xpath=/html/body/div[1]/div/div[3]/div/div[1]/a</arg>
<doc>Click the element identified by ``locator``.</doc>
<status status="PASS" start="2026-03-11T15:01:53.818004" elapsed="0.162746"/>
</kw>
<status status="PASS" start="2026-03-11T15:01:51.929110" elapsed="2.052366"/>
</kw>
<kw name="Wait Until Element Is Visible" owner="SeleniumLibrary">
<arg>${CAMPO_EMAIL}</arg>
<arg>timeout=5s</arg>
<doc>Waits until the element ``locator`` is visible.</doc>
<status status="PASS" start="2026-03-11T15:01:53.983032" elapsed="0.046685"/>
</kw>
<kw name="Input Text" owner="SeleniumLibrary">
<msg time="2026-03-11T15:01:54.031268" level="INFO">Typing text 'email_teste@uorak.com' into text field 'xpath=/html/body/div[1]/div/div[2]/div/div[1]/form/div[1]/input'.</msg>
<arg>${CAMPO_EMAIL}</arg>
<arg>${EMAIL_VALIDO}</arg>
<doc>Types the given ``text`` into the text field identified by ``locator``.</doc>
<status status="PASS" start="2026-03-11T15:01:54.030245" elapsed="0.246087"/>
</kw>
<kw name="Input Text" owner="SeleniumLibrary">
<msg time="2026-03-11T15:01:54.278271" level="INFO">Typing text 'eumesmo123' into text field 'xpath=/html/body/div[1]/div/div[2]/div/div[1]/form/div[2]/div/input'.</msg>
<arg>${CAMPO_SENHA}</arg>
<arg>${SENHA_VALIDA}</arg>
<doc>Types the given ``text`` into the text field identified by ``locator``.</doc>
<status status="PASS" start="2026-03-11T15:01:54.277157" elapsed="0.238185"/>
</kw>
<kw name="E clicar no botão &quot;Acessar&quot;" owner="loginSteps">
<kw name="Wait Until Element Is Visible" owner="SeleniumLibrary">
<arg>${BOTAO_ACESSAR}</arg>
<arg>timeout=5s</arg>
<doc>Waits until the element ``locator`` is visible.</doc>
<status status="PASS" start="2026-03-11T15:01:54.519182" elapsed="0.043139"/>
</kw>
<kw name="Click Button" owner="SeleniumLibrary">
<msg time="2026-03-11T15:01:54.564677" level="INFO">Clicking button 'xpath=/html/body/div[1]/div/div[2]/div/div[1]/form/div[3]/button[1]'.</msg>
<arg>${BOTAO_ACESSAR}</arg>
<doc>Clicks the button identified by ``locator``.</doc>
<status status="PASS" start="2026-03-11T15:01:54.563144" elapsed="0.200133"/>
</kw>
<status status="PASS" start="2026-03-11T15:01:54.516059" elapsed="0.248396"/>
</kw>
<status status="PASS" start="2026-03-11T15:01:51.549500" elapsed="3.215505"/>
</kw>
<kw name="Então o sistema deve redirecionar para a página principal do usuário" owner="loginSteps">
<kw name="Wait Until Element Is Visible" owner="SeleniumLibrary">
<arg>${BOAS_VINDAS}</arg>
<arg>timeout=5s</arg>
<doc>Waits until the element ``locator`` is visible.</doc>
<status status="PASS" start="2026-03-11T15:01:54.768551" elapsed="0.297564"/>
</kw>
<kw name="Sleep" owner="BuiltIn">
<msg time="2026-03-11T15:01:57.070414" level="INFO">Slept 2 seconds.</msg>
<arg>2s</arg>
<doc>Pauses the test executed for the given time.</doc>
<status status="PASS" start="2026-03-11T15:01:55.068357" elapsed="2.002903"/>
</kw>
<kw name="Element Should Contain" owner="SeleniumLibrary">
<msg time="2026-03-11T15:01:57.097982" level="INFO">Element 'xpath=/html/body/div[1]/div/div[2]/div/div[2]/p[2]' contains text 'bem vindo ao BugBank'.</msg>
<arg>${BOAS_VINDAS}</arg>
<arg>${TEXTO_BOAS_VINDAS}</arg>
<doc>Verifies that element ``locator`` contains text ``expected``.</doc>
<status status="PASS" start="2026-03-11T15:01:57.071922" elapsed="0.026515"/>
</kw>
<status status="PASS" start="2026-03-11T15:01:54.766305" elapsed="2.332434"/>
</kw>
<kw name="Close All Browsers" owner="SeleniumLibrary" type="TEARDOWN">
<doc>Closes all open browsers and resets the browser cache.</doc>
<status status="PASS" start="2026-03-11T15:01:57.100557" elapsed="2.774855"/>
</kw>
<doc>Página de Login</doc>
<status status="PASS" start="2026-03-11T15:01:46.336207" elapsed="13.539689"/>
</test>
<doc>Teste exemplo Robot Framework.</doc>
<status status="PASS" start="2026-03-11T15:01:45.785844" elapsed="14.099579"/>
</suite>
<status status="PASS" start="2026-03-11T15:01:45.770775" elapsed="14.123489"/>
</suite>
<status status="PASS" start="2026-03-11T15:01:45.728114" elapsed="14.176950"/>
</suite>
<status status="PASS" start="2026-03-11T15:01:45.630283" elapsed="14.296168"/>
</suite>
<statistics>
<total>
<stat pass="1" fail="0" skip="0">All Tests</stat>
</total>
<tag>
</tag>
<suite>
<stat name="BugBank RobotFramework.Testes" id="s1" pass="1" fail="0" skip="0">BugBank RobotFramework.Testes</stat>
<stat name="Robot Framework" id="s1-s1" pass="1" fail="0" skip="0">BugBank RobotFramework.Testes.Robot Framework</stat>
<stat name="Tests" id="s1-s1-s1" pass="1" fail="0" skip="0">BugBank RobotFramework.Testes.Robot Framework.Tests</stat>
<stat name="Login" id="s1-s1-s1-s1" pass="1" fail="0" skip="0">BugBank RobotFramework.Testes.Robot Framework.Tests.Login</stat>
</suite>
</statistics>
<errors>
</errors>
</robot>
